2021-03-18 17:09:45.828 [main] INFO  com.boot.es.EsApplication - Starting EsApplication using Java 1.8.0_131 on LAPTOP-281R0H88 with PID 40372 (D:\project\code\self_util\muti-scaffold\boot-es\target\classes started by 月月 in D:\project\code\self_util\muti-scaffold)
2021-03-18 17:09:45.831 [main] INFO  com.boot.es.EsApplication - The following profiles are active: dev,elasticsearch
2021-03-18 17:09:46.938 [main] INFO  o.s.boot.web.embedded.tomcat.TomcatWebServer - Tomcat initialized with port(s): 9091 (http)
2021-03-18 17:09:46.947 [main] INFO  org.apache.coyote.http11.Http11NioProtocol - Initializing ProtocolHandler ["http-nio-9091"]
2021-03-18 17:09:46.947 [main] INFO  org.apache.catalina.core.StandardService - Starting service [Tomcat]
2021-03-18 17:09:46.948 [main] INFO  org.apache.catalina.core.StandardEngine - Starting Servlet engine: [Apache Tomcat/9.0.43]
2021-03-18 17:09:47.054 [main] INFO  o.a.c.core.ContainerBase.[Tomcat].[localhost].[/] - Initializing Spring embedded WebApplicationContext
2021-03-18 17:09:47.054 [main] INFO  o.s.b.w.s.c.ServletWebServerApplicationContext - Root WebApplicationContext: initialization completed in 1193 ms
2021-03-18 17:09:47.926 [main] INFO  com.boot.es.common.GlobalObject - elasticsearch信息初始化成功
2021-03-18 17:09:48.374 [main] INFO  com.boot.es.config.ESConfig - 通用-集群状态:{"cluster_name":"cluster_yue1","status":"green","timed_out":false,"number_of_nodes":2,"number_of_data_nodes":2,"active_primary_shards":1519,"active_shards":2828,"relocating_shards":0,"initializing_shards":0,"unassigned_shards":0,"delayed_unassigned_shards":0,"number_of_pending_tasks":0,"number_of_in_flight_fetch":0,"task_max_waiting_in_queue_millis":0,"active_shards_percent_as_number":100.0}
2021-03-18 17:09:48.469 [main] INFO  o.s.scheduling.concurrent.ThreadPoolTaskExecutor - Initializing ExecutorService 'applicationTaskExecutor'
2021-03-18 17:09:48.641 [main] INFO  org.apache.coyote.http11.Http11NioProtocol - Starting ProtocolHandler ["http-nio-9091"]
2021-03-18 17:09:48.652 [main] INFO  o.s.boot.web.embedded.tomcat.TomcatWebServer - Tomcat started on port(s): 9091 (http) with context path ''
2021-03-18 17:09:48.883 [main] INFO  com.boot.es.EsApplication - Started EsApplication in 3.446 seconds (JVM running for 4.818)
2021-03-18 17:09:48.884 [main] INFO  com.boot.es.EsApplication - 启动成功
2021-03-18 17:15:04.834 [main] INFO  com.boot.es.EsApplication - Starting EsApplication using Java 1.8.0_131 on LAPTOP-281R0H88 with PID 22804 (D:\project\code\self_util\muti-scaffold\boot-es\target\classes started by 月月 in D:\project\code\self_util\muti-scaffold)
2021-03-18 17:15:04.837 [main] INFO  com.boot.es.EsApplication - The following profiles are active: dev,elasticsearch
2021-03-18 17:15:06.229 [main] INFO  o.s.boot.web.embedded.tomcat.TomcatWebServer - Tomcat initialized with port(s): 9091 (http)
2021-03-18 17:15:06.237 [main] INFO  org.apache.coyote.http11.Http11NioProtocol - Initializing ProtocolHandler ["http-nio-9091"]
2021-03-18 17:15:06.238 [main] INFO  org.apache.catalina.core.StandardService - Starting service [Tomcat]
2021-03-18 17:15:06.238 [main] INFO  org.apache.catalina.core.StandardEngine - Starting Servlet engine: [Apache Tomcat/9.0.43]
2021-03-18 17:15:06.346 [main] INFO  o.a.c.core.ContainerBase.[Tomcat].[localhost].[/] - Initializing Spring embedded WebApplicationContext
2021-03-18 17:15:06.347 [main] INFO  o.s.b.w.s.c.ServletWebServerApplicationContext - Root WebApplicationContext: initialization completed in 1464 ms
2021-03-18 17:15:07.575 [main] INFO  com.boot.es.common.GlobalObject - elasticsearch信息初始化成功
2021-03-18 17:15:08.114 [main] INFO  com.boot.es.config.ESConfig - 通用-集群状态:{"cluster_name":"cluster_wiscom","status":"yellow","timed_out":false,"number_of_nodes":1,"number_of_data_nodes":1,"active_primary_shards":201,"active_shards":201,"relocating_shards":0,"initializing_shards":0,"unassigned_shards":1,"delayed_unassigned_shards":0,"number_of_pending_tasks":0,"number_of_in_flight_fetch":0,"task_max_waiting_in_queue_millis":0,"active_shards_percent_as_number":99.5049504950495}
2021-03-18 17:15:08.237 [main] INFO  o.s.scheduling.concurrent.ThreadPoolTaskExecutor - Initializing ExecutorService 'applicationTaskExecutor'
2021-03-18 17:15:08.428 [main] INFO  org.apache.coyote.http11.Http11NioProtocol - Starting ProtocolHandler ["http-nio-9091"]
2021-03-18 17:15:08.458 [main] INFO  o.s.boot.web.embedded.tomcat.TomcatWebServer - Tomcat started on port(s): 9091 (http) with context path ''
2021-03-18 17:15:08.717 [main] INFO  com.boot.es.EsApplication - Started EsApplication in 4.391 seconds (JVM running for 5.898)
2021-03-18 17:15:08.718 [main] INFO  com.boot.es.EsApplication - 启动成功
