2021-03-19 15:30:51.032 [main] INFO  com.boot.es.EsApplication - Starting EsApplication using Java 1.8.0_131 on LAPTOP-281R0H88 with PID 12852 (D:\project\code\self_util\muti-scaffold\boot-es\target\classes started by 月月 in D:\project\code\self_util\muti-scaffold)
2021-03-19 15:30:51.039 [main] INFO  com.boot.es.EsApplication - The following profiles are active: dev,elasticsearch
2021-03-19 15:30:52.485 [main] INFO  o.s.boot.web.embedded.tomcat.TomcatWebServer - Tomcat initialized with port(s): 9091 (http)
2021-03-19 15:30:52.494 [main] INFO  org.apache.coyote.http11.Http11NioProtocol - Initializing ProtocolHandler ["http-nio-9091"]
2021-03-19 15:30:52.495 [main] INFO  org.apache.catalina.core.StandardService - Starting service [Tomcat]
2021-03-19 15:30:52.495 [main] INFO  org.apache.catalina.core.StandardEngine - Starting Servlet engine: [Apache Tomcat/9.0.43]
2021-03-19 15:30:52.610 [main] INFO  o.a.c.core.ContainerBase.[Tomcat].[localhost].[/] - Initializing Spring embedded WebApplicationContext
2021-03-19 15:30:52.611 [main] INFO  o.s.b.w.s.c.ServletWebServerApplicationContext - Root WebApplicationContext: initialization completed in 1522 ms
2021-03-19 15:30:53.603 [main] INFO  com.boot.es.common.GlobalObject - elasticsearch信息初始化成功
2021-03-19 15:30:54.188 [main] INFO  com.boot.es.config.ESConfig - 通用-集群状态:{"cluster_name":"cluster_yue1","status":"green","timed_out":false,"number_of_nodes":2,"number_of_data_nodes":2,"active_primary_shards":1529,"active_shards":2838,"relocating_shards":0,"initializing_shards":0,"unassigned_shards":0,"delayed_unassigned_shards":0,"number_of_pending_tasks":0,"number_of_in_flight_fetch":0,"task_max_waiting_in_queue_millis":0,"active_shards_percent_as_number":100.0}
2021-03-19 15:30:54.315 [main] INFO  o.s.scheduling.concurrent.ThreadPoolTaskExecutor - Initializing ExecutorService 'applicationTaskExecutor'
2021-03-19 15:30:54.531 [main] INFO  org.apache.coyote.http11.Http11NioProtocol - Starting ProtocolHandler ["http-nio-9091"]
2021-03-19 15:30:54.564 [main] INFO  o.s.boot.web.embedded.tomcat.TomcatWebServer - Tomcat started on port(s): 9091 (http) with context path ''
2021-03-19 15:30:54.833 [main] INFO  com.boot.es.EsApplication - Started EsApplication in 4.403 seconds (JVM running for 5.959)
2021-03-19 15:30:54.835 [main] INFO  com.boot.es.EsApplication - 启动成功
2021-03-19 15:32:03.058 [http-nio-9091-exec-1] INFO  o.a.c.core.ContainerBase.[Tomcat].[localhost].[/] - Initializing Spring DispatcherServlet 'dispatcherServlet'
2021-03-19 15:32:03.058 [http-nio-9091-exec-1] INFO  org.springframework.web.servlet.DispatcherServlet - Initializing Servlet 'dispatcherServlet'
2021-03-19 15:32:03.060 [http-nio-9091-exec-1] INFO  org.springframework.web.servlet.DispatcherServlet - Completed initialization in 2 ms
2021-03-19 15:32:23.567 [http-nio-9091-exec-8] INFO  com.boot.es.annotation.aspect.LogDescribeAspect - 
2021-03-19 15:32:23.575 [http-nio-9091-exec-8] INFO  com.boot.es.annotation.aspect.LogDescribeAspect - URL : http://localhost:9091/doc/size/index_vehicle_y
2021-03-19 15:32:23.576 [http-nio-9091-exec-8] INFO  com.boot.es.annotation.aspect.LogDescribeAspect - HTTP_METHOD : GET
2021-03-19 15:32:23.576 [http-nio-9091-exec-8] INFO  com.boot.es.annotation.aspect.LogDescribeAspect - IP : 0:0:0:0:0:0:0:1
2021-03-19 15:32:23.576 [http-nio-9091-exec-8] INFO  com.boot.es.annotation.aspect.LogDescribeAspect - CLASS_METHOD : com.boot.es.controller.basic.DocumentController.documentSize
2021-03-19 15:32:23.576 [http-nio-9091-exec-8] INFO  com.boot.es.annotation.aspect.LogDescribeAspect - ARGS : [index_vehicle_y]
2021-03-19 15:32:25.627 [http-nio-9091-exec-8] INFO  com.boot.es.annotation.aspect.LogDescribeAspect - 花费时长：2062ms
2021-03-19 15:32:49.154 [http-nio-9091-exec-4] INFO  com.boot.es.annotation.aspect.LogDescribeAspect - 
2021-03-19 15:32:49.155 [http-nio-9091-exec-4] INFO  com.boot.es.annotation.aspect.LogDescribeAspect - URL : http://localhost:9091/doc/size/index_vehicle_y1
2021-03-19 15:32:49.155 [http-nio-9091-exec-4] INFO  com.boot.es.annotation.aspect.LogDescribeAspect - HTTP_METHOD : GET
2021-03-19 15:32:49.155 [http-nio-9091-exec-4] INFO  com.boot.es.annotation.aspect.LogDescribeAspect - IP : 0:0:0:0:0:0:0:1
2021-03-19 15:32:49.155 [http-nio-9091-exec-4] INFO  com.boot.es.annotation.aspect.LogDescribeAspect - CLASS_METHOD : com.boot.es.controller.basic.DocumentController.documentSize
2021-03-19 15:32:49.155 [http-nio-9091-exec-4] INFO  com.boot.es.annotation.aspect.LogDescribeAspect - ARGS : [index_vehicle_y1]
2021-03-19 15:32:49.164 [http-nio-9091-exec-4] INFO  com.boot.es.annotation.aspect.LogDescribeAspect - 花费时长：10ms
2021-03-19 15:32:52.772 [http-nio-9091-exec-7] INFO  com.boot.es.annotation.aspect.LogDescribeAspect - 
2021-03-19 15:32:52.772 [http-nio-9091-exec-7] INFO  com.boot.es.annotation.aspect.LogDescribeAspect - URL : http://localhost:9091/doc/size/index_vehicle_y2
2021-03-19 15:32:52.772 [http-nio-9091-exec-7] INFO  com.boot.es.annotation.aspect.LogDescribeAspect - HTTP_METHOD : GET
2021-03-19 15:32:52.772 [http-nio-9091-exec-7] INFO  com.boot.es.annotation.aspect.LogDescribeAspect - IP : 0:0:0:0:0:0:0:1
2021-03-19 15:32:52.772 [http-nio-9091-exec-7] INFO  com.boot.es.annotation.aspect.LogDescribeAspect - CLASS_METHOD : com.boot.es.controller.basic.DocumentController.documentSize
2021-03-19 15:32:52.772 [http-nio-9091-exec-7] INFO  com.boot.es.annotation.aspect.LogDescribeAspect - ARGS : [index_vehicle_y2]
2021-03-19 15:32:52.792 [http-nio-9091-exec-7] INFO  com.boot.es.annotation.aspect.LogDescribeAspect - 花费时长：20ms
2021-03-19 15:32:56.192 [http-nio-9091-exec-10] INFO  com.boot.es.annotation.aspect.LogDescribeAspect - 
2021-03-19 15:32:56.192 [http-nio-9091-exec-10] INFO  com.boot.es.annotation.aspect.LogDescribeAspect - URL : http://localhost:9091/doc/size/index_vehicle_y3
2021-03-19 15:32:56.192 [http-nio-9091-exec-10] INFO  com.boot.es.annotation.aspect.LogDescribeAspect - HTTP_METHOD : GET
2021-03-19 15:32:56.192 [http-nio-9091-exec-10] INFO  com.boot.es.annotation.aspect.LogDescribeAspect - IP : 0:0:0:0:0:0:0:1
2021-03-19 15:32:56.192 [http-nio-9091-exec-10] INFO  com.boot.es.annotation.aspect.LogDescribeAspect - CLASS_METHOD : com.boot.es.controller.basic.DocumentController.documentSize
2021-03-19 15:32:56.193 [http-nio-9091-exec-10] INFO  com.boot.es.annotation.aspect.LogDescribeAspect - ARGS : [index_vehicle_y3]
2021-03-19 15:32:58.205 [http-nio-9091-exec-10] INFO  com.boot.es.annotation.aspect.LogDescribeAspect - 花费时长：2013ms
