2021-03-18 15:01:09.590 [pool-2-thread-1] ERROR o.a.http.impl.nio.client.InternalHttpAsyncClient - I/O reactor terminated abnormally
java.lang.IllegalStateException: I/O reactor has been shut down
	at org.apache.http.util.Asserts.check(Asserts.java:34)
	at org.apache.http.impl.nio.reactor.DefaultConnectingIOReactor.connect(DefaultConnectingIOReactor.java:227)
	at org.apache.http.nio.pool.AbstractNIOConnPool.processPendingRequest(AbstractNIOConnPool.java:481)
	at org.apache.http.nio.pool.AbstractNIOConnPool.processNextPendingRequest(AbstractNIOConnPool.java:391)
	at org.apache.http.nio.pool.AbstractNIOConnPool.release(AbstractNIOConnPool.java:355)
	at org.apache.http.impl.nio.conn.PoolingNHttpClientConnectionManager.releaseConnection(PoolingNHttpClientConnectionManager.java:391)
	at org.apache.http.impl.nio.client.AbstractClientExchangeHandler.discardConnection(AbstractClientExchangeHandler.java:276)
	at org.apache.http.impl.nio.client.AbstractClientExchangeHandler.failed(AbstractClientExchangeHandler.java:428)
	at org.apache.http.nio.protocol.HttpAsyncRequestExecutor.closed(HttpAsyncRequestExecutor.java:146)
	at org.apache.http.impl.nio.client.InternalIODispatch.onClosed(InternalIODispatch.java:71)
	at org.apache.http.impl.nio.client.InternalIODispatch.onClosed(InternalIODispatch.java:39)
	at org.apache.http.impl.nio.reactor.AbstractIODispatch.disconnected(AbstractIODispatch.java:100)
	at org.apache.http.impl.nio.reactor.BaseIOReactor.sessionClosed(BaseIOReactor.java:277)
	at org.apache.http.impl.nio.reactor.AbstractIOReactor.processClosedSessions(AbstractIOReactor.java:449)
	at org.apache.http.impl.nio.reactor.AbstractIOReactor.hardShutdown(AbstractIOReactor.java:590)
	at org.apache.http.impl.nio.reactor.AbstractMultiworkerIOReactor.doShutdown(AbstractMultiworkerIOReactor.java:449)
	at org.apache.http.impl.nio.reactor.AbstractMultiworkerIOReactor.execute(AbstractMultiworkerIOReactor.java:377)
	at org.apache.http.impl.nio.conn.PoolingNHttpClientConnectionManager.execute(PoolingNHttpClientConnectionManager.java:221)
	at org.apache.http.impl.nio.client.CloseableHttpAsyncClientBase$1.run(CloseableHttpAsyncClientBase.java:64)
	at java.lang.Thread.run(Thread.java:748)
2021-03-18 15:02:52.566 [main] ERROR org.springframework.boot.SpringApplication - Application run failed
java.lang.OutOfMemoryError: GC overhead limit exceeded
2021-03-18 15:02:55.032 [main] ERROR o.springframework.test.context.TestContextManager - Caught exception while allowing TestExecutionListener [org.springframework.test.context.web.ServletTestExecutionListener@58e1d9d] to prepare test instance [com.boot.es.test.BulkTest@30eedaa4]
java.lang.OutOfMemoryError: GC overhead limit exceeded
2021-03-18 15:05:39.793 [pool-2-thread-1] ERROR o.a.http.impl.nio.client.InternalHttpAsyncClient - I/O reactor terminated abnormally
org.apache.http.nio.reactor.IOReactorException: I/O dispatch worker terminated abnormally
	at org.apache.http.impl.nio.reactor.AbstractMultiworkerIOReactor.execute(AbstractMultiworkerIOReactor.java:359)
	at org.apache.http.impl.nio.conn.PoolingNHttpClientConnectionManager.execute(PoolingNHttpClientConnectionManager.java:221)
	at org.apache.http.impl.nio.client.CloseableHttpAsyncClientBase$1.run(CloseableHttpAsyncClientBase.java:64)
	at java.lang.Thread.run(Thread.java:748)
Caused by: java.lang.OutOfMemoryError: Java heap space
2021-03-18 17:13:07.647 [main] ERROR org.springframework.boot.SpringApplication - Application run failed
java.lang.IllegalStateException: Failed to execute CommandLineRunner
	at org.springframework.boot.SpringApplication.callRunner(SpringApplication.java:807)
	at org.springframework.boot.SpringApplication.callRunners(SpringApplication.java:788)
	at org.springframework.boot.SpringApplication.run(SpringApplication.java:333)
	at org.springframework.boot.test.context.SpringBootContextLoader.loadContext(SpringBootContextLoader.java:123)
	at org.springframework.test.context.cache.DefaultCacheAwareContextLoaderDelegate.loadContextInternal(DefaultCacheAwareContextLoaderDelegate.java:99)
	at org.springframework.test.context.cache.DefaultCacheAwareContextLoaderDelegate.loadContext(DefaultCacheAwareContextLoaderDelegate.java:124)
	at org.springframework.test.context.support.DefaultTestContext.getApplicationContext(DefaultTestContext.java:124)
	at org.springframework.test.context.web.ServletTestExecutionListener.setUpRequestContextIfNecessary(ServletTestExecutionListener.java:190)
	at org.springframework.test.context.web.ServletTestExecutionListener.prepareTestInstance(ServletTestExecutionListener.java:132)
	at org.springframework.test.context.TestContextManager.prepareTestInstance(TestContextManager.java:244)
	at org.springframework.test.context.junit.jupiter.SpringExtension.postProcessTestInstance(SpringExtension.java:138)
	at org.junit.jupiter.engine.descriptor.ClassBasedTestDescriptor.lambda$invokeTestInstancePostProcessors$6(ClassBasedTestDescriptor.java:350)
	at org.junit.jupiter.engine.descriptor.ClassBasedTestDescriptor.executeAndMaskThrowable(ClassBasedTestDescriptor.java:355)
	at org.junit.jupiter.engine.descriptor.ClassBasedTestDescriptor.lambda$invokeTestInstancePostProcessors$7(ClassBasedTestDescriptor.java:350)
	at java.util.stream.ReferencePipeline$3$1.accept(ReferencePipeline.java:193)
	at java.util.stream.ReferencePipeline$2$1.accept(ReferencePipeline.java:175)
	at java.util.ArrayList$ArrayListSpliterator.forEachRemaining(ArrayList.java:1374)
	at java.util.stream.AbstractPipeline.copyInto(AbstractPipeline.java:481)
	at java.util.stream.AbstractPipeline.wrapAndCopyInto(AbstractPipeline.java:471)
	at java.util.stream.StreamSpliterators$WrappingSpliterator.forEachRemaining(StreamSpliterators.java:312)
	at java.util.stream.Streams$ConcatSpliterator.forEachRemaining(Streams.java:743)
	at java.util.stream.Streams$ConcatSpliterator.forEachRemaining(Streams.java:742)
	at java.util.stream.ReferencePipeline$Head.forEach(ReferencePipeline.java:580)
	at org.junit.jupiter.engine.descriptor.ClassBasedTestDescriptor.invokeTestInstancePostProcessors(ClassBasedTestDescriptor.java:349)
	at org.junit.jupiter.engine.descriptor.ClassBasedTestDescriptor.lambda$instantiateAndPostProcessTestInstance$4(ClassBasedTestDescriptor.java:270)
	at org.junit.platform.engine.support.hierarchical.ThrowableCollector.execute(ThrowableCollector.java:73)
	at org.junit.jupiter.engine.descriptor.ClassBasedTestDescriptor.instantiateAndPostProcessTestInstance(ClassBasedTestDescriptor.java:269)
	at org.junit.jupiter.engine.descriptor.ClassBasedTestDescriptor.lambda$testInstancesProvider$2(ClassBasedTestDescriptor.java:259)
	at java.util.Optional.orElseGet(Optional.java:267)
	at org.junit.jupiter.engine.descriptor.ClassBasedTestDescriptor.lambda$testInstancesProvider$3(ClassBasedTestDescriptor.java:258)
	at org.junit.jupiter.engine.execution.TestInstancesProvider.getTestInstances(TestInstancesProvider.java:31)
	at org.junit.jupiter.engine.descriptor.TestMethodTestDescriptor.lambda$prepare$0(TestMethodTestDescriptor.java:101)
	at org.junit.platform.engine.support.hierarchical.ThrowableCollector.execute(ThrowableCollector.java:73)
	at org.junit.jupiter.engine.descriptor.TestMethodTestDescriptor.prepare(TestMethodTestDescriptor.java:100)
	at org.junit.jupiter.engine.descriptor.TestMethodTestDescriptor.prepare(TestMethodTestDescriptor.java:65)
	at org.junit.platform.engine.support.hierarchical.NodeTestTask.lambda$prepare$1(NodeTestTask.java:111)
	at org.junit.platform.engine.support.hierarchical.ThrowableCollector.execute(ThrowableCollector.java:73)
	at org.junit.platform.engine.support.hierarchical.NodeTestTask.prepare(NodeTestTask.java:111)
	at org.junit.platform.engine.support.hierarchical.NodeTestTask.execute(NodeTestTask.java:79)
	at java.util.ArrayList.forEach(ArrayList.java:1249)
	at org.junit.platform.engine.support.hierarchical.SameThreadHierarchicalTestExecutorService.invokeAll(SameThreadHierarchicalTestExecutorService.java:38)
	at org.junit.platform.engine.support.hierarchical.NodeTestTask.lambda$executeRecursively$5(NodeTestTask.java:143)
	at org.junit.platform.engine.support.hierarchical.ThrowableCollector.execute(ThrowableCollector.java:73)
	at org.junit.platform.engine.support.hierarchical.NodeTestTask.lambda$executeRecursively$7(NodeTestTask.java:129)
	at org.junit.platform.engine.support.hierarchical.Node.around(Node.java:137)
	at org.junit.platform.engine.support.hierarchical.NodeTestTask.lambda$executeRecursively$8(NodeTestTask.java:127)
	at org.junit.platform.engine.support.hierarchical.ThrowableCollector.execute(ThrowableCollector.java:73)
	at org.junit.platform.engine.support.hierarchical.NodeTestTask.executeRecursively(NodeTestTask.java:126)
	at org.junit.platform.engine.support.hierarchical.NodeTestTask.execute(NodeTestTask.java:84)
	at java.util.ArrayList.forEach(ArrayList.java:1249)
	at org.junit.platform.engine.support.hierarchical.SameThreadHierarchicalTestExecutorService.invokeAll(SameThreadHierarchicalTestExecutorService.java:38)
	at org.junit.platform.engine.support.hierarchical.NodeTestTask.lambda$executeRecursively$5(NodeTestTask.java:143)
	at org.junit.platform.engine.support.hierarchical.ThrowableCollector.execute(ThrowableCollector.java:73)
	at org.junit.platform.engine.support.hierarchical.NodeTestTask.lambda$executeRecursively$7(NodeTestTask.java:129)
	at org.junit.platform.engine.support.hierarchical.Node.around(Node.java:137)
	at org.junit.platform.engine.support.hierarchical.NodeTestTask.lambda$executeRecursively$8(NodeTestTask.java:127)
	at org.junit.platform.engine.support.hierarchical.ThrowableCollector.execute(ThrowableCollector.java:73)
	at org.junit.platform.engine.support.hierarchical.NodeTestTask.executeRecursively(NodeTestTask.java:126)
	at org.junit.platform.engine.support.hierarchical.NodeTestTask.execute(NodeTestTask.java:84)
	at org.junit.platform.engine.support.hierarchical.SameThreadHierarchicalTestExecutorService.submit(SameThreadHierarchicalTestExecutorService.java:32)
	at org.junit.platform.engine.support.hierarchical.HierarchicalTestExecutor.execute(HierarchicalTestExecutor.java:57)
	at org.junit.platform.engine.support.hierarchical.HierarchicalTestEngine.execute(HierarchicalTestEngine.java:51)
	at org.junit.platform.launcher.core.EngineExecutionOrchestrator.execute(EngineExecutionOrchestrator.java:108)
	at org.junit.platform.launcher.core.EngineExecutionOrchestrator.execute(EngineExecutionOrchestrator.java:88)
	at org.junit.platform.launcher.core.EngineExecutionOrchestrator.lambda$execute$0(EngineExecutionOrchestrator.java:54)
	at org.junit.platform.launcher.core.EngineExecutionOrchestrator.withInterceptedStreams(EngineExecutionOrchestrator.java:67)
	at org.junit.platform.launcher.core.EngineExecutionOrchestrator.execute(EngineExecutionOrchestrator.java:52)
	at org.junit.platform.launcher.core.DefaultLauncher.execute(DefaultLauncher.java:96)
	at org.junit.platform.launcher.core.DefaultLauncher.execute(DefaultLauncher.java:75)
	at com.intellij.junit5.JUnit5IdeaTestRunner.startRunnerWithArgs(JUnit5IdeaTestRunner.java:71)
	at com.intellij.rt.junit.IdeaTestRunner$Repeater.startRunnerWithArgs(IdeaTestRunner.java:33)
	at com.intellij.rt.junit.JUnitStarter.prepareStreamsAndStart(JUnitStarter.java:220)
	at com.intellij.rt.junit.JUnitStarter.main(JUnitStarter.java:53)
Caused by: org.elasticsearch.ElasticsearchStatusException: Elasticsearch exception [type=index_not_found_exception, reason=no such index [index_vehicle_y1]]
	at org.elasticsearch.rest.BytesRestResponse.errorFromXContent(BytesRestResponse.java:187)
	at org.elasticsearch.client.RestHighLevelClient.parseEntity(RestHighLevelClient.java:1911)
	at org.elasticsearch.client.RestHighLevelClient.parseResponseException(RestHighLevelClient.java:1888)
	at org.elasticsearch.client.RestHighLevelClient.internalPerformRequest(RestHighLevelClient.java:1645)
	at org.elasticsearch.client.RestHighLevelClient.performRequest(RestHighLevelClient.java:1602)
	at org.elasticsearch.client.RestHighLevelClient.performRequestAndParseEntity(RestHighLevelClient.java:1572)
	at org.elasticsearch.client.RestHighLevelClient.count(RestHighLevelClient.java:1014)
	at com.boot.es.dao.impl.DocumentDaoImpl.documentSize(DocumentDaoImpl.java:100)
	at com.boot.es.test.BulkTest2.bulkNoUri(BulkTest2.java:105)
	at com.boot.es.test.BulkTest2.bulk3(BulkTest2.java:95)
	at com.boot.es.EsApplication.run(EsApplication.java:29)
	at org.springframework.boot.SpringApplication.callRunner(SpringApplication.java:804)
	... 72 common frames omitted
	Suppressed: org.elasticsearch.client.ResponseException: method [POST], host [http://172.18.12.22:9200], URI [/index_vehicle_y1/_count?ignore_throttled=true&ignore_unavailable=false&expand_wildcards=open&allow_no_indices=true], status line [HTTP/1.1 404 Not Found]
{"error":{"root_cause":[{"type":"index_not_found_exception","reason":"no such index [index_vehicle_y1]","resource.type":"index_or_alias","resource.id":"index_vehicle_y1","index_uuid":"_na_","index":"index_vehicle_y1"}],"type":"index_not_found_exception","reason":"no such index [index_vehicle_y1]","resource.type":"index_or_alias","resource.id":"index_vehicle_y1","index_uuid":"_na_","index":"index_vehicle_y1"},"status":404}
		at org.elasticsearch.client.RestClient.convertResponse(RestClient.java:326)
		at org.elasticsearch.client.RestClient.performRequest(RestClient.java:296)
		at org.elasticsearch.client.RestClient.performRequest(RestClient.java:270)
		at org.elasticsearch.client.RestHighLevelClient.internalPerformRequest(RestHighLevelClient.java:1632)
		... 80 common frames omitted
2021-03-18 17:13:07.661 [main] ERROR o.springframework.test.context.TestContextManager - Caught exception while allowing TestExecutionListener [org.springframework.test.context.web.ServletTestExecutionListener@1f2f9244] to prepare test instance [com.boot.es.test.BulkTest@78bce1c4]
java.lang.IllegalStateException: Failed to load ApplicationContext
	at org.springframework.test.context.cache.DefaultCacheAwareContextLoaderDelegate.loadContext(DefaultCacheAwareContextLoaderDelegate.java:132)
	at org.springframework.test.context.support.DefaultTestContext.getApplicationContext(DefaultTestContext.java:124)
	at org.springframework.test.context.web.ServletTestExecutionListener.setUpRequestContextIfNecessary(ServletTestExecutionListener.java:190)
	at org.springframework.test.context.web.ServletTestExecutionListener.prepareTestInstance(ServletTestExecutionListener.java:132)
	at org.springframework.test.context.TestContextManager.prepareTestInstance(TestContextManager.java:244)
	at org.springframework.test.context.junit.jupiter.SpringExtension.postProcessTestInstance(SpringExtension.java:138)
	at org.junit.jupiter.engine.descriptor.ClassBasedTestDescriptor.lambda$invokeTestInstancePostProcessors$6(ClassBasedTestDescriptor.java:350)
	at org.junit.jupiter.engine.descriptor.ClassBasedTestDescriptor.executeAndMaskThrowable(ClassBasedTestDescriptor.java:355)
	at org.junit.jupiter.engine.descriptor.ClassBasedTestDescriptor.lambda$invokeTestInstancePostProcessors$7(ClassBasedTestDescriptor.java:350)
	at java.util.stream.ReferencePipeline$3$1.accept(ReferencePipeline.java:193)
	at java.util.stream.ReferencePipeline$2$1.accept(ReferencePipeline.java:175)
	at java.util.ArrayList$ArrayListSpliterator.forEachRemaining(ArrayList.java:1374)
	at java.util.stream.AbstractPipeline.copyInto(AbstractPipeline.java:481)
	at java.util.stream.AbstractPipeline.wrapAndCopyInto(AbstractPipeline.java:471)
	at java.util.stream.StreamSpliterators$WrappingSpliterator.forEachRemaining(StreamSpliterators.java:312)
	at java.util.stream.Streams$ConcatSpliterator.forEachRemaining(Streams.java:743)
	at java.util.stream.Streams$ConcatSpliterator.forEachRemaining(Streams.java:742)
	at java.util.stream.ReferencePipeline$Head.forEach(ReferencePipeline.java:580)
	at org.junit.jupiter.engine.descriptor.ClassBasedTestDescriptor.invokeTestInstancePostProcessors(ClassBasedTestDescriptor.java:349)
	at org.junit.jupiter.engine.descriptor.ClassBasedTestDescriptor.lambda$instantiateAndPostProcessTestInstance$4(ClassBasedTestDescriptor.java:270)
	at org.junit.platform.engine.support.hierarchical.ThrowableCollector.execute(ThrowableCollector.java:73)
	at org.junit.jupiter.engine.descriptor.ClassBasedTestDescriptor.instantiateAndPostProcessTestInstance(ClassBasedTestDescriptor.java:269)
	at org.junit.jupiter.engine.descriptor.ClassBasedTestDescriptor.lambda$testInstancesProvider$2(ClassBasedTestDescriptor.java:259)
	at java.util.Optional.orElseGet(Optional.java:267)
	at org.junit.jupiter.engine.descriptor.ClassBasedTestDescriptor.lambda$testInstancesProvider$3(ClassBasedTestDescriptor.java:258)
	at org.junit.jupiter.engine.execution.TestInstancesProvider.getTestInstances(TestInstancesProvider.java:31)
	at org.junit.jupiter.engine.descriptor.TestMethodTestDescriptor.lambda$prepare$0(TestMethodTestDescriptor.java:101)
	at org.junit.platform.engine.support.hierarchical.ThrowableCollector.execute(ThrowableCollector.java:73)
	at org.junit.jupiter.engine.descriptor.TestMethodTestDescriptor.prepare(TestMethodTestDescriptor.java:100)
	at org.junit.jupiter.engine.descriptor.TestMethodTestDescriptor.prepare(TestMethodTestDescriptor.java:65)
	at org.junit.platform.engine.support.hierarchical.NodeTestTask.lambda$prepare$1(NodeTestTask.java:111)
	at org.junit.platform.engine.support.hierarchical.ThrowableCollector.execute(ThrowableCollector.java:73)
	at org.junit.platform.engine.support.hierarchical.NodeTestTask.prepare(NodeTestTask.java:111)
	at org.junit.platform.engine.support.hierarchical.NodeTestTask.execute(NodeTestTask.java:79)
	at java.util.ArrayList.forEach(ArrayList.java:1249)
	at org.junit.platform.engine.support.hierarchical.SameThreadHierarchicalTestExecutorService.invokeAll(SameThreadHierarchicalTestExecutorService.java:38)
	at org.junit.platform.engine.support.hierarchical.NodeTestTask.lambda$executeRecursively$5(NodeTestTask.java:143)
	at org.junit.platform.engine.support.hierarchical.ThrowableCollector.execute(ThrowableCollector.java:73)
	at org.junit.platform.engine.support.hierarchical.NodeTestTask.lambda$executeRecursively$7(NodeTestTask.java:129)
	at org.junit.platform.engine.support.hierarchical.Node.around(Node.java:137)
	at org.junit.platform.engine.support.hierarchical.NodeTestTask.lambda$executeRecursively$8(NodeTestTask.java:127)
	at org.junit.platform.engine.support.hierarchical.ThrowableCollector.execute(ThrowableCollector.java:73)
	at org.junit.platform.engine.support.hierarchical.NodeTestTask.executeRecursively(NodeTestTask.java:126)
	at org.junit.platform.engine.support.hierarchical.NodeTestTask.execute(NodeTestTask.java:84)
	at java.util.ArrayList.forEach(ArrayList.java:1249)
	at org.junit.platform.engine.support.hierarchical.SameThreadHierarchicalTestExecutorService.invokeAll(SameThreadHierarchicalTestExecutorService.java:38)
	at org.junit.platform.engine.support.hierarchical.NodeTestTask.lambda$executeRecursively$5(NodeTestTask.java:143)
	at org.junit.platform.engine.support.hierarchical.ThrowableCollector.execute(ThrowableCollector.java:73)
	at org.junit.platform.engine.support.hierarchical.NodeTestTask.lambda$executeRecursively$7(NodeTestTask.java:129)
	at org.junit.platform.engine.support.hierarchical.Node.around(Node.java:137)
	at org.junit.platform.engine.support.hierarchical.NodeTestTask.lambda$executeRecursively$8(NodeTestTask.java:127)
	at org.junit.platform.engine.support.hierarchical.ThrowableCollector.execute(ThrowableCollector.java:73)
	at org.junit.platform.engine.support.hierarchical.NodeTestTask.executeRecursively(NodeTestTask.java:126)
	at org.junit.platform.engine.support.hierarchical.NodeTestTask.execute(NodeTestTask.java:84)
	at org.junit.platform.engine.support.hierarchical.SameThreadHierarchicalTestExecutorService.submit(SameThreadHierarchicalTestExecutorService.java:32)
	at org.junit.platform.engine.support.hierarchical.HierarchicalTestExecutor.execute(HierarchicalTestExecutor.java:57)
	at org.junit.platform.engine.support.hierarchical.HierarchicalTestEngine.execute(HierarchicalTestEngine.java:51)
	at org.junit.platform.launcher.core.EngineExecutionOrchestrator.execute(EngineExecutionOrchestrator.java:108)
	at org.junit.platform.launcher.core.EngineExecutionOrchestrator.execute(EngineExecutionOrchestrator.java:88)
	at org.junit.platform.launcher.core.EngineExecutionOrchestrator.lambda$execute$0(EngineExecutionOrchestrator.java:54)
	at org.junit.platform.launcher.core.EngineExecutionOrchestrator.withInterceptedStreams(EngineExecutionOrchestrator.java:67)
	at org.junit.platform.launcher.core.EngineExecutionOrchestrator.execute(EngineExecutionOrchestrator.java:52)
	at org.junit.platform.launcher.core.DefaultLauncher.execute(DefaultLauncher.java:96)
	at org.junit.platform.launcher.core.DefaultLauncher.execute(DefaultLauncher.java:75)
	at com.intellij.junit5.JUnit5IdeaTestRunner.startRunnerWithArgs(JUnit5IdeaTestRunner.java:71)
	at com.intellij.rt.junit.IdeaTestRunner$Repeater.startRunnerWithArgs(IdeaTestRunner.java:33)
	at com.intellij.rt.junit.JUnitStarter.prepareStreamsAndStart(JUnitStarter.java:220)
	at com.intellij.rt.junit.JUnitStarter.main(JUnitStarter.java:53)
Caused by: java.lang.IllegalStateException: Failed to execute CommandLineRunner
	at org.springframework.boot.SpringApplication.callRunner(SpringApplication.java:807)
	at org.springframework.boot.SpringApplication.callRunners(SpringApplication.java:788)
	at org.springframework.boot.SpringApplication.run(SpringApplication.java:333)
	at org.springframework.boot.test.context.SpringBootContextLoader.loadContext(SpringBootContextLoader.java:123)
	at org.springframework.test.context.cache.DefaultCacheAwareContextLoaderDelegate.loadContextInternal(DefaultCacheAwareContextLoaderDelegate.java:99)
	at org.springframework.test.context.cache.DefaultCacheAwareContextLoaderDelegate.loadContext(DefaultCacheAwareContextLoaderDelegate.java:124)
	... 67 common frames omitted
Caused by: org.elasticsearch.ElasticsearchStatusException: Elasticsearch exception [type=index_not_found_exception, reason=no such index [index_vehicle_y1]]
	at org.elasticsearch.rest.BytesRestResponse.errorFromXContent(BytesRestResponse.java:187)
	at org.elasticsearch.client.RestHighLevelClient.parseEntity(RestHighLevelClient.java:1911)
	at org.elasticsearch.client.RestHighLevelClient.parseResponseException(RestHighLevelClient.java:1888)
	at org.elasticsearch.client.RestHighLevelClient.internalPerformRequest(RestHighLevelClient.java:1645)
	at org.elasticsearch.client.RestHighLevelClient.performRequest(RestHighLevelClient.java:1602)
	at org.elasticsearch.client.RestHighLevelClient.performRequestAndParseEntity(RestHighLevelClient.java:1572)
	at org.elasticsearch.client.RestHighLevelClient.count(RestHighLevelClient.java:1014)
	at com.boot.es.dao.impl.DocumentDaoImpl.documentSize(DocumentDaoImpl.java:100)
	at com.boot.es.test.BulkTest2.bulkNoUri(BulkTest2.java:105)
	at com.boot.es.test.BulkTest2.bulk3(BulkTest2.java:95)
	at com.boot.es.EsApplication.run(EsApplication.java:29)
	at org.springframework.boot.SpringApplication.callRunner(SpringApplication.java:804)
	... 72 common frames omitted
	Suppressed: org.elasticsearch.client.ResponseException: method [POST], host [http://172.18.12.22:9200], URI [/index_vehicle_y1/_count?ignore_throttled=true&ignore_unavailable=false&expand_wildcards=open&allow_no_indices=true], status line [HTTP/1.1 404 Not Found]
{"error":{"root_cause":[{"type":"index_not_found_exception","reason":"no such index [index_vehicle_y1]","resource.type":"index_or_alias","resource.id":"index_vehicle_y1","index_uuid":"_na_","index":"index_vehicle_y1"}],"type":"index_not_found_exception","reason":"no such index [index_vehicle_y1]","resource.type":"index_or_alias","resource.id":"index_vehicle_y1","index_uuid":"_na_","index":"index_vehicle_y1"},"status":404}
		at org.elasticsearch.client.RestClient.convertResponse(RestClient.java:326)
		at org.elasticsearch.client.RestClient.performRequest(RestClient.java:296)
		at org.elasticsearch.client.RestClient.performRequest(RestClient.java:270)
		at org.elasticsearch.client.RestHighLevelClient.internalPerformRequest(RestHighLevelClient.java:1632)
		... 80 common frames omitted
2021-03-18 18:12:23.286 [pool-2-thread-1] ERROR o.a.http.impl.nio.client.InternalHttpAsyncClient - I/O reactor terminated abnormally
org.apache.http.nio.reactor.IOReactorException: I/O dispatch worker terminated abnormally
	at org.apache.http.impl.nio.reactor.AbstractMultiworkerIOReactor.execute(AbstractMultiworkerIOReactor.java:359)
	at org.apache.http.impl.nio.conn.PoolingNHttpClientConnectionManager.execute(PoolingNHttpClientConnectionManager.java:221)
	at org.apache.http.impl.nio.client.CloseableHttpAsyncClientBase$1.run(CloseableHttpAsyncClientBase.java:64)
	at java.lang.Thread.run(Thread.java:748)
Caused by: java.lang.OutOfMemoryError: Java heap space
	at java.nio.HeapByteBuffer.<init>(HeapByteBuffer.java:57)
	at java.nio.ByteBuffer.allocate(ByteBuffer.java:335)
	at org.apache.http.nio.util.HeapByteBufferAllocator.allocate(HeapByteBufferAllocator.java:52)
	at org.apache.http.nio.util.ExpandableBuffer.<init>(ExpandableBuffer.java:66)
	at org.apache.http.nio.util.SimpleInputBuffer.<init>(SimpleInputBuffer.java:45)
	at org.elasticsearch.client.HeapBufferedAsyncResponseConsumer.onEntityEnclosed(HeapBufferedAsyncResponseConsumer.java:82)
	at org.apache.http.nio.protocol.AbstractAsyncResponseConsumer.responseReceived(AbstractAsyncResponseConsumer.java:137)
	at org.apache.http.impl.nio.client.MainClientExec.responseReceived(MainClientExec.java:315)
	at org.apache.http.impl.nio.client.DefaultClientExchangeHandlerImpl.responseReceived(DefaultClientExchangeHandlerImpl.java:151)
	at org.apache.http.nio.protocol.HttpAsyncRequestExecutor.responseReceived(HttpAsyncRequestExecutor.java:315)
	at org.apache.http.impl.nio.DefaultNHttpClientConnection.consumeInput(DefaultNHttpClientConnection.java:255)
	at org.apache.http.impl.nio.client.InternalIODispatch.onInputReady(InternalIODispatch.java:81)
	at org.apache.http.impl.nio.client.InternalIODispatch.onInputReady(InternalIODispatch.java:39)
	at org.apache.http.impl.nio.reactor.AbstractIODispatch.inputReady(AbstractIODispatch.java:114)
	at org.apache.http.impl.nio.reactor.BaseIOReactor.readable(BaseIOReactor.java:162)
	at org.apache.http.impl.nio.reactor.AbstractIOReactor.processEvent(AbstractIOReactor.java:337)
	at org.apache.http.impl.nio.reactor.AbstractIOReactor.processEvents(AbstractIOReactor.java:315)
	at org.apache.http.impl.nio.reactor.AbstractIOReactor.execute(AbstractIOReactor.java:276)
	at org.apache.http.impl.nio.reactor.BaseIOReactor.execute(BaseIOReactor.java:104)
	at org.apache.http.impl.nio.reactor.AbstractMultiworkerIOReactor$Worker.run(AbstractMultiworkerIOReactor.java:591)
	... 1 common frames omitted
2021-03-18 18:16:52.561 [pool-2-thread-1] ERROR o.a.http.impl.nio.client.InternalHttpAsyncClient - I/O reactor terminated abnormally
org.apache.http.nio.reactor.IOReactorException: I/O dispatch worker terminated abnormally
	at org.apache.http.impl.nio.reactor.AbstractMultiworkerIOReactor.execute(AbstractMultiworkerIOReactor.java:359)
	at org.apache.http.impl.nio.conn.PoolingNHttpClientConnectionManager.execute(PoolingNHttpClientConnectionManager.java:221)
	at org.apache.http.impl.nio.client.CloseableHttpAsyncClientBase$1.run(CloseableHttpAsyncClientBase.java:64)
	at java.lang.Thread.run(Thread.java:748)
Caused by: java.lang.OutOfMemoryError: Java heap space
	at java.nio.HeapByteBuffer.<init>(HeapByteBuffer.java:57)
	at java.nio.ByteBuffer.allocate(ByteBuffer.java:335)
	at org.apache.http.nio.util.HeapByteBufferAllocator.allocate(HeapByteBufferAllocator.java:52)
	at org.apache.http.nio.util.ExpandableBuffer.<init>(ExpandableBuffer.java:66)
	at org.apache.http.nio.util.SimpleInputBuffer.<init>(SimpleInputBuffer.java:45)
	at org.elasticsearch.client.HeapBufferedAsyncResponseConsumer.onEntityEnclosed(HeapBufferedAsyncResponseConsumer.java:82)
	at org.apache.http.nio.protocol.AbstractAsyncResponseConsumer.responseReceived(AbstractAsyncResponseConsumer.java:137)
	at org.apache.http.impl.nio.client.MainClientExec.responseReceived(MainClientExec.java:315)
	at org.apache.http.impl.nio.client.DefaultClientExchangeHandlerImpl.responseReceived(DefaultClientExchangeHandlerImpl.java:151)
	at org.apache.http.nio.protocol.HttpAsyncRequestExecutor.responseReceived(HttpAsyncRequestExecutor.java:315)
	at org.apache.http.impl.nio.DefaultNHttpClientConnection.consumeInput(DefaultNHttpClientConnection.java:255)
	at org.apache.http.impl.nio.client.InternalIODispatch.onInputReady(InternalIODispatch.java:81)
	at org.apache.http.impl.nio.client.InternalIODispatch.onInputReady(InternalIODispatch.java:39)
	at org.apache.http.impl.nio.reactor.AbstractIODispatch.inputReady(AbstractIODispatch.java:114)
	at org.apache.http.impl.nio.reactor.BaseIOReactor.readable(BaseIOReactor.java:162)
	at org.apache.http.impl.nio.reactor.AbstractIOReactor.processEvent(AbstractIOReactor.java:337)
	at org.apache.http.impl.nio.reactor.AbstractIOReactor.processEvents(AbstractIOReactor.java:315)
	at org.apache.http.impl.nio.reactor.AbstractIOReactor.execute(AbstractIOReactor.java:276)
	at org.apache.http.impl.nio.reactor.BaseIOReactor.execute(BaseIOReactor.java:104)
	at org.apache.http.impl.nio.reactor.AbstractMultiworkerIOReactor$Worker.run(AbstractMultiworkerIOReactor.java:591)
	... 1 common frames omitted
2021-03-18 18:20:58.140 [pool-2-thread-1] ERROR o.a.http.impl.nio.client.InternalHttpAsyncClient - I/O reactor terminated abnormally
java.lang.IllegalStateException: I/O reactor has been shut down
	at org.apache.http.util.Asserts.check(Asserts.java:34)
	at org.apache.http.impl.nio.reactor.DefaultConnectingIOReactor.connect(DefaultConnectingIOReactor.java:227)
	at org.apache.http.nio.pool.AbstractNIOConnPool.processPendingRequest(AbstractNIOConnPool.java:481)
	at org.apache.http.nio.pool.AbstractNIOConnPool.processNextPendingRequest(AbstractNIOConnPool.java:391)
	at org.apache.http.nio.pool.AbstractNIOConnPool.release(AbstractNIOConnPool.java:355)
	at org.apache.http.impl.nio.conn.PoolingNHttpClientConnectionManager.releaseConnection(PoolingNHttpClientConnectionManager.java:391)
	at org.apache.http.impl.nio.client.AbstractClientExchangeHandler.discardConnection(AbstractClientExchangeHandler.java:276)
	at org.apache.http.impl.nio.client.AbstractClientExchangeHandler.failed(AbstractClientExchangeHandler.java:428)
	at org.apache.http.nio.protocol.HttpAsyncRequestExecutor.closed(HttpAsyncRequestExecutor.java:146)
	at org.apache.http.impl.nio.client.InternalIODispatch.onClosed(InternalIODispatch.java:71)
	at org.apache.http.impl.nio.client.InternalIODispatch.onClosed(InternalIODispatch.java:39)
	at org.apache.http.impl.nio.reactor.AbstractIODispatch.disconnected(AbstractIODispatch.java:100)
	at org.apache.http.impl.nio.reactor.BaseIOReactor.sessionClosed(BaseIOReactor.java:277)
	at org.apache.http.impl.nio.reactor.AbstractIOReactor.processClosedSessions(AbstractIOReactor.java:449)
	at org.apache.http.impl.nio.reactor.AbstractIOReactor.hardShutdown(AbstractIOReactor.java:590)
	at org.apache.http.impl.nio.reactor.AbstractMultiworkerIOReactor.doShutdown(AbstractMultiworkerIOReactor.java:449)
	at org.apache.http.impl.nio.reactor.AbstractMultiworkerIOReactor.execute(AbstractMultiworkerIOReactor.java:377)
	at org.apache.http.impl.nio.conn.PoolingNHttpClientConnectionManager.execute(PoolingNHttpClientConnectionManager.java:221)
	at org.apache.http.impl.nio.client.CloseableHttpAsyncClientBase$1.run(CloseableHttpAsyncClientBase.java:64)
	at java.lang.Thread.run(Thread.java:748)
2021-03-18 18:35:45.899 [pool-2-thread-1] ERROR o.a.http.impl.nio.client.InternalHttpAsyncClient - I/O reactor terminated abnormally
org.apache.http.nio.reactor.IOReactorException: I/O dispatch worker terminated abnormally
	at org.apache.http.impl.nio.reactor.AbstractMultiworkerIOReactor.execute(AbstractMultiworkerIOReactor.java:359)
	at org.apache.http.impl.nio.conn.PoolingNHttpClientConnectionManager.execute(PoolingNHttpClientConnectionManager.java:221)
	at org.apache.http.impl.nio.client.CloseableHttpAsyncClientBase$1.run(CloseableHttpAsyncClientBase.java:64)
	at java.lang.Thread.run(Thread.java:748)
Caused by: java.lang.OutOfMemoryError: GC overhead limit exceeded
	at java.nio.HeapByteBuffer.<init>(HeapByteBuffer.java:57)
	at java.nio.ByteBuffer.allocate(ByteBuffer.java:335)
	at org.apache.http.nio.util.HeapByteBufferAllocator.allocate(HeapByteBufferAllocator.java:52)
	at org.apache.http.nio.util.ExpandableBuffer.<init>(ExpandableBuffer.java:66)
	at org.apache.http.nio.util.SimpleInputBuffer.<init>(SimpleInputBuffer.java:45)
	at org.elasticsearch.client.HeapBufferedAsyncResponseConsumer.onEntityEnclosed(HeapBufferedAsyncResponseConsumer.java:82)
	at org.apache.http.nio.protocol.AbstractAsyncResponseConsumer.responseReceived(AbstractAsyncResponseConsumer.java:137)
	at org.apache.http.impl.nio.client.MainClientExec.responseReceived(MainClientExec.java:315)
	at org.apache.http.impl.nio.client.DefaultClientExchangeHandlerImpl.responseReceived(DefaultClientExchangeHandlerImpl.java:151)
	at org.apache.http.nio.protocol.HttpAsyncRequestExecutor.responseReceived(HttpAsyncRequestExecutor.java:315)
	at org.apache.http.impl.nio.DefaultNHttpClientConnection.consumeInput(DefaultNHttpClientConnection.java:255)
	at org.apache.http.impl.nio.client.InternalIODispatch.onInputReady(InternalIODispatch.java:81)
	at org.apache.http.impl.nio.client.InternalIODispatch.onInputReady(InternalIODispatch.java:39)
	at org.apache.http.impl.nio.reactor.AbstractIODispatch.inputReady(AbstractIODispatch.java:114)
	at org.apache.http.impl.nio.reactor.BaseIOReactor.readable(BaseIOReactor.java:162)
	at org.apache.http.impl.nio.reactor.AbstractIOReactor.processEvent(AbstractIOReactor.java:337)
	at org.apache.http.impl.nio.reactor.AbstractIOReactor.processEvents(AbstractIOReactor.java:315)
	at org.apache.http.impl.nio.reactor.AbstractIOReactor.execute(AbstractIOReactor.java:276)
	at org.apache.http.impl.nio.reactor.BaseIOReactor.execute(BaseIOReactor.java:104)
	at org.apache.http.impl.nio.reactor.AbstractMultiworkerIOReactor$Worker.run(AbstractMultiworkerIOReactor.java:591)
	... 1 common frames omitted
2021-03-18 18:40:03.082 [pool-2-thread-1] ERROR o.a.http.impl.nio.client.InternalHttpAsyncClient - I/O reactor terminated abnormally
org.apache.http.nio.reactor.IOReactorException: I/O dispatch worker terminated abnormally
	at org.apache.http.impl.nio.reactor.AbstractMultiworkerIOReactor.execute(AbstractMultiworkerIOReactor.java:359)
	at org.apache.http.impl.nio.conn.PoolingNHttpClientConnectionManager.execute(PoolingNHttpClientConnectionManager.java:221)
	at org.apache.http.impl.nio.client.CloseableHttpAsyncClientBase$1.run(CloseableHttpAsyncClientBase.java:64)
	at java.lang.Thread.run(Thread.java:748)
Caused by: java.lang.OutOfMemoryError: Java heap space
