2021-04-02 13:54:15.083 [main] INFO  com.boot.es.EsApplication - Starting EsApplication using Java 1.8.0_131 on LAPTOP-281R0H88 with PID 4968 (D:\project\code\self_util\muti-scaffold\boot-es\target\classes started by 月月 in D:\project\code\self_util\muti-scaffold)
2021-04-02 13:54:15.086 [main] INFO  com.boot.es.EsApplication - The following profiles are active: dev,elasticsearch
2021-04-02 14:46:31.221 [main] INFO  com.boot.es.EsApplication - Starting EsApplication using Java 1.8.0_131 on LAPTOP-281R0H88 with PID 17632 (D:\project\code\self_util\muti-scaffold\boot-es\target\classes started by 月月 in D:\project\code\self_util\muti-scaffold)
2021-04-02 14:46:31.224 [main] INFO  com.boot.es.EsApplication - The following profiles are active: dev,elasticsearch
2021-04-02 14:46:32.462 [main] INFO  o.s.boot.web.embedded.tomcat.TomcatWebServer - Tomcat initialized with port(s): 9091 (http)
2021-04-02 14:46:32.470 [main] INFO  org.apache.coyote.http11.Http11NioProtocol - Initializing ProtocolHandler ["http-nio-9091"]
2021-04-02 14:46:32.471 [main] INFO  org.apache.catalina.core.StandardService - Starting service [Tomcat]
2021-04-02 14:46:32.471 [main] INFO  org.apache.catalina.core.StandardEngine - Starting Servlet engine: [Apache Tomcat/9.0.43]
2021-04-02 14:46:32.574 [main] INFO  o.a.c.core.ContainerBase.[Tomcat].[localhost].[/] - Initializing Spring embedded WebApplicationContext
2021-04-02 14:46:32.575 [main] INFO  o.s.b.w.s.c.ServletWebServerApplicationContext - Root WebApplicationContext: initialization completed in 1298 ms
2021-04-02 14:46:33.521 [main] INFO  com.boot.es.common.GlobalObject - elasticsearch信息初始化成功
2021-04-02 14:46:34.071 [main] INFO  com.boot.es.config.ESConfig - 通用-集群状态:{"cluster_name":"cluster_yue1","status":"green","timed_out":false,"number_of_nodes":2,"number_of_data_nodes":2,"active_primary_shards":1529,"active_shards":2838,"relocating_shards":0,"initializing_shards":0,"unassigned_shards":0,"delayed_unassigned_shards":0,"number_of_pending_tasks":0,"number_of_in_flight_fetch":0,"task_max_waiting_in_queue_millis":0,"active_shards_percent_as_number":100.0}
2021-04-02 14:46:34.180 [main] INFO  o.s.scheduling.concurrent.ThreadPoolTaskExecutor - Initializing ExecutorService 'applicationTaskExecutor'
2021-04-02 14:46:34.387 [main] INFO  org.apache.coyote.http11.Http11NioProtocol - Starting ProtocolHandler ["http-nio-9091"]
2021-04-02 14:46:34.399 [main] INFO  o.s.boot.web.embedded.tomcat.TomcatWebServer - Tomcat started on port(s): 9091 (http) with context path ''
2021-04-02 14:46:34.663 [main] INFO  com.boot.es.EsApplication - Started EsApplication in 3.932 seconds (JVM running for 5.364)
2021-04-02 14:46:34.665 [main] INFO  com.boot.es.EsApplication - 启动成功
2021-04-02 14:46:42.010 [http-nio-9091-exec-1] INFO  o.a.c.core.ContainerBase.[Tomcat].[localhost].[/] - Initializing Spring DispatcherServlet 'dispatcherServlet'
2021-04-02 14:46:42.010 [http-nio-9091-exec-1] INFO  org.springframework.web.servlet.DispatcherServlet - Initializing Servlet 'dispatcherServlet'
2021-04-02 14:46:42.011 [http-nio-9091-exec-1] INFO  org.springframework.web.servlet.DispatcherServlet - Completed initialization in 1 ms
2021-04-02 14:47:22.075 [SpringContextShutdownHook] INFO  o.s.scheduling.concurrent.ThreadPoolTaskExecutor - Shutting down ExecutorService 'applicationTaskExecutor'
2021-04-02 14:47:31.677 [main] INFO  com.boot.es.EsApplication - Starting EsApplication using Java 1.8.0_131 on LAPTOP-281R0H88 with PID 21200 (D:\project\code\self_util\muti-scaffold\boot-es\target\classes started by 月月 in D:\project\code\self_util\muti-scaffold)
2021-04-02 14:47:31.679 [main] INFO  com.boot.es.EsApplication - The following profiles are active: dev,elasticsearch
2021-04-02 14:47:33.017 [main] INFO  o.s.boot.web.embedded.tomcat.TomcatWebServer - Tomcat initialized with port(s): 9091 (http)
2021-04-02 14:47:33.026 [main] INFO  org.apache.coyote.http11.Http11NioProtocol - Initializing ProtocolHandler ["http-nio-9091"]
2021-04-02 14:47:33.026 [main] INFO  org.apache.catalina.core.StandardService - Starting service [Tomcat]
2021-04-02 14:47:33.027 [main] INFO  org.apache.catalina.core.StandardEngine - Starting Servlet engine: [Apache Tomcat/9.0.43]
2021-04-02 14:47:33.132 [main] INFO  o.a.c.core.ContainerBase.[Tomcat].[localhost].[/] - Initializing Spring embedded WebApplicationContext
2021-04-02 14:47:33.132 [main] INFO  o.s.b.w.s.c.ServletWebServerApplicationContext - Root WebApplicationContext: initialization completed in 1404 ms
2021-04-02 14:47:34.034 [main] INFO  com.boot.es.common.GlobalObject - elasticsearch信息初始化成功
2021-04-02 14:47:34.601 [main] INFO  com.boot.es.config.ESConfig - 通用-集群状态:{"cluster_name":"cluster_yue1","status":"green","timed_out":false,"number_of_nodes":2,"number_of_data_nodes":2,"active_primary_shards":1529,"active_shards":2838,"relocating_shards":0,"initializing_shards":0,"unassigned_shards":0,"delayed_unassigned_shards":0,"number_of_pending_tasks":0,"number_of_in_flight_fetch":0,"task_max_waiting_in_queue_millis":0,"active_shards_percent_as_number":100.0}
2021-04-02 14:47:34.715 [main] INFO  o.s.scheduling.concurrent.ThreadPoolTaskExecutor - Initializing ExecutorService 'applicationTaskExecutor'
2021-04-02 14:47:34.918 [main] INFO  org.apache.coyote.http11.Http11NioProtocol - Starting ProtocolHandler ["http-nio-9091"]
2021-04-02 14:47:34.929 [main] INFO  o.s.boot.web.embedded.tomcat.TomcatWebServer - Tomcat started on port(s): 9091 (http) with context path ''
2021-04-02 14:47:35.192 [main] INFO  com.boot.es.EsApplication - Started EsApplication in 4.006 seconds (JVM running for 5.399)
2021-04-02 14:47:35.194 [main] INFO  com.boot.es.EsApplication - 启动成功
2021-04-02 14:47:36.885 [http-nio-9091-exec-1] INFO  o.a.c.core.ContainerBase.[Tomcat].[localhost].[/] - Initializing Spring DispatcherServlet 'dispatcherServlet'
2021-04-02 14:47:36.886 [http-nio-9091-exec-1] INFO  org.springframework.web.servlet.DispatcherServlet - Initializing Servlet 'dispatcherServlet'
2021-04-02 14:47:36.887 [http-nio-9091-exec-1] INFO  org.springframework.web.servlet.DispatcherServlet - Completed initialization in 1 ms
2021-04-02 14:48:35.645 [SpringContextShutdownHook] INFO  o.s.scheduling.concurrent.ThreadPoolTaskExecutor - Shutting down ExecutorService 'applicationTaskExecutor'
2021-04-02 14:52:02.446 [main] INFO  com.boot.es.EsApplication - Starting EsApplication using Java 1.8.0_131 on LAPTOP-281R0H88 with PID 13884 (D:\project\code\self_util\muti-scaffold\boot-es\target\classes started by 月月 in D:\project\code\self_util\muti-scaffold)
2021-04-02 14:52:02.449 [main] INFO  com.boot.es.EsApplication - The following profiles are active: dev,elasticsearch
2021-04-02 14:52:03.735 [main] INFO  o.s.boot.web.embedded.tomcat.TomcatWebServer - Tomcat initialized with port(s): 9091 (http)
2021-04-02 14:52:03.745 [main] INFO  org.apache.coyote.http11.Http11NioProtocol - Initializing ProtocolHandler ["http-nio-9091"]
2021-04-02 14:52:03.746 [main] INFO  org.apache.catalina.core.StandardService - Starting service [Tomcat]
2021-04-02 14:52:03.746 [main] INFO  org.apache.catalina.core.StandardEngine - Starting Servlet engine: [Apache Tomcat/9.0.43]
2021-04-02 14:52:03.855 [main] INFO  o.a.c.core.ContainerBase.[Tomcat].[localhost].[/] - Initializing Spring embedded WebApplicationContext
2021-04-02 14:52:03.856 [main] INFO  o.s.b.w.s.c.ServletWebServerApplicationContext - Root WebApplicationContext: initialization completed in 1372 ms
2021-04-02 14:52:04.857 [main] INFO  com.boot.es.common.GlobalObject - elasticsearch信息初始化成功
2021-04-02 14:52:05.394 [main] INFO  com.boot.es.config.ESConfig - 通用-集群状态:{"cluster_name":"cluster_yue1","status":"green","timed_out":false,"number_of_nodes":2,"number_of_data_nodes":2,"active_primary_shards":1529,"active_shards":2838,"relocating_shards":0,"initializing_shards":0,"unassigned_shards":0,"delayed_unassigned_shards":0,"number_of_pending_tasks":0,"number_of_in_flight_fetch":0,"task_max_waiting_in_queue_millis":0,"active_shards_percent_as_number":100.0}
2021-04-02 14:52:05.507 [main] INFO  o.s.scheduling.concurrent.ThreadPoolTaskExecutor - Initializing ExecutorService 'applicationTaskExecutor'
2021-04-02 14:52:05.775 [main] INFO  org.apache.coyote.http11.Http11NioProtocol - Starting ProtocolHandler ["http-nio-9091"]
2021-04-02 14:52:05.793 [main] INFO  o.s.boot.web.embedded.tomcat.TomcatWebServer - Tomcat started on port(s): 9091 (http) with context path ''
2021-04-02 14:52:06.052 [main] INFO  com.boot.es.EsApplication - Started EsApplication in 4.083 seconds (JVM running for 5.384)
2021-04-02 14:52:06.053 [main] INFO  com.boot.es.EsApplication - 启动成功
2021-04-02 14:52:14.821 [http-nio-9091-exec-1] INFO  o.a.c.core.ContainerBase.[Tomcat].[localhost].[/] - Initializing Spring DispatcherServlet 'dispatcherServlet'
2021-04-02 14:52:14.821 [http-nio-9091-exec-1] INFO  org.springframework.web.servlet.DispatcherServlet - Initializing Servlet 'dispatcherServlet'
2021-04-02 14:52:14.822 [http-nio-9091-exec-1] INFO  org.springframework.web.servlet.DispatcherServlet - Completed initialization in 1 ms
2021-04-02 14:53:38.182 [SpringContextShutdownHook] INFO  o.s.scheduling.concurrent.ThreadPoolTaskExecutor - Shutting down ExecutorService 'applicationTaskExecutor'
