2023-03-24 16:19:54.753 [main] INFO  com.boot.es.EsApplication - Starting EsApplication using Java 1.8.0_291 on aurora with PID 9092 (D:\project\code\self_util_plugin\scaffold\muti-scaffold\boot-es\target\classes started by yuez in D:\project\code\self_util_plugin\scaffold\muti-scaffold)
2023-03-24 16:19:54.755 [main] INFO  com.boot.es.EsApplication - The following profiles are active: elasticsearch,dev
2023-03-24 16:19:55.794 [main] INFO  o.s.boot.web.embedded.tomcat.TomcatWebServer - Tomcat initialized with port(s): 9091 (http)
2023-03-24 16:19:55.801 [main] INFO  org.apache.coyote.http11.Http11NioProtocol - Initializing ProtocolHandler ["http-nio-9091"]
2023-03-24 16:19:55.802 [main] INFO  org.apache.catalina.core.StandardService - Starting service [Tomcat]
2023-03-24 16:19:55.802 [main] INFO  org.apache.catalina.core.StandardEngine - Starting Servlet engine: [Apache Tomcat/9.0.43]
2023-03-24 16:19:55.879 [main] INFO  o.a.c.core.ContainerBase.[Tomcat].[localhost].[/] - Initializing Spring embedded WebApplicationContext
2023-03-24 16:19:55.879 [main] INFO  o.s.b.w.s.c.ServletWebServerApplicationContext - Root WebApplicationContext: initialization completed in 1097 ms
2023-03-24 16:19:55.926 [main] INFO  com.boot.es.common.GlobalObject - elasticsearch信息初始化成功
2023-03-24 16:19:56.676 [main] INFO  com.boot.es.util.ElasticsearchUtils -  es init data org.elasticsearch.client.RestHighLevelClient@75527e36
2023-03-24 16:19:56.677 [main] INFO  com.boot.es.util.ElasticsearchUtils - Elasticsearch初始化配置注入成功！
2023-03-24 16:19:57.072 [main] INFO  com.boot.es.config.ESConfig - 通用-集群状态:{"cluster_name":"cluster_wiscom","status":"yellow","timed_out":false,"number_of_nodes":1,"number_of_data_nodes":1,"active_primary_shards":1004,"active_shards":1004,"relocating_shards":0,"initializing_shards":0,"unassigned_shards":19,"delayed_unassigned_shards":0,"number_of_pending_tasks":0,"number_of_in_flight_fetch":0,"task_max_waiting_in_queue_millis":0,"active_shards_percent_as_number":98.1427174975562}
2023-03-24 16:19:57.166 [main] INFO  o.s.scheduling.concurrent.ThreadPoolTaskExecutor - Initializing ExecutorService 'applicationTaskExecutor'
2023-03-24 16:19:57.211 [main] INFO  o.s.b.a.web.servlet.WelcomePageHandlerMapping - Adding welcome page: class path resource [static/index.html]
2023-03-24 16:19:57.324 [main] INFO  org.apache.coyote.http11.Http11NioProtocol - Starting ProtocolHandler ["http-nio-9091"]
2023-03-24 16:19:57.336 [main] INFO  o.s.boot.web.embedded.tomcat.TomcatWebServer - Tomcat started on port(s): 9091 (http) with context path ''
2023-03-24 16:19:57.617 [main] INFO  com.boot.es.EsApplication - Started EsApplication in 3.367 seconds (JVM running for 4.534)
2023-03-24 16:19:57.619 [main] INFO  com.boot.es.EsApplication - 启动成功
2023-03-24 16:20:07.034 [http-nio-9091-exec-1] INFO  o.a.c.core.ContainerBase.[Tomcat].[localhost].[/] - Initializing Spring DispatcherServlet 'dispatcherServlet'
2023-03-24 16:20:07.034 [http-nio-9091-exec-1] INFO  org.springframework.web.servlet.DispatcherServlet - Initializing Servlet 'dispatcherServlet'
2023-03-24 16:20:07.035 [http-nio-9091-exec-1] INFO  org.springframework.web.servlet.DispatcherServlet - Completed initialization in 1 ms
2023-03-24 16:21:14.893 [main] INFO  com.boot.es.EsApplication - Starting EsApplication using Java 1.8.0_291 on aurora with PID 22680 (D:\project\code\self_util_plugin\scaffold\muti-scaffold\boot-es\target\classes started by yuez in D:\project\code\self_util_plugin\scaffold\muti-scaffold)
2023-03-24 16:21:14.895 [main] INFO  com.boot.es.EsApplication - The following profiles are active: elasticsearch,dev
2023-03-24 16:21:15.943 [main] INFO  o.s.boot.web.embedded.tomcat.TomcatWebServer - Tomcat initialized with port(s): 9091 (http)
2023-03-24 16:21:15.951 [main] INFO  org.apache.coyote.http11.Http11NioProtocol - Initializing ProtocolHandler ["http-nio-9091"]
2023-03-24 16:21:15.951 [main] INFO  org.apache.catalina.core.StandardService - Starting service [Tomcat]
2023-03-24 16:21:15.951 [main] INFO  org.apache.catalina.core.StandardEngine - Starting Servlet engine: [Apache Tomcat/9.0.43]
2023-03-24 16:21:16.030 [main] INFO  o.a.c.core.ContainerBase.[Tomcat].[localhost].[/] - Initializing Spring embedded WebApplicationContext
2023-03-24 16:21:16.030 [main] INFO  o.s.b.w.s.c.ServletWebServerApplicationContext - Root WebApplicationContext: initialization completed in 1106 ms
2023-03-24 16:21:16.080 [main] INFO  com.boot.es.common.GlobalObject - elasticsearch信息初始化成功
2023-03-24 16:21:16.846 [main] INFO  com.boot.es.util.ElasticsearchUtils -  es init data org.elasticsearch.client.RestHighLevelClient@64b73e0a
2023-03-24 16:21:16.846 [main] INFO  com.boot.es.util.ElasticsearchUtils - Elasticsearch初始化配置注入成功！
2023-03-24 16:21:17.295 [main] INFO  com.boot.es.config.ESConfig - 通用-集群状态:{"cluster_name":"cluster_wiscom","status":"yellow","timed_out":false,"number_of_nodes":1,"number_of_data_nodes":1,"active_primary_shards":1004,"active_shards":1004,"relocating_shards":0,"initializing_shards":0,"unassigned_shards":19,"delayed_unassigned_shards":0,"number_of_pending_tasks":0,"number_of_in_flight_fetch":0,"task_max_waiting_in_queue_millis":0,"active_shards_percent_as_number":98.1427174975562}
2023-03-24 16:21:17.396 [main] INFO  o.s.scheduling.concurrent.ThreadPoolTaskExecutor - Initializing ExecutorService 'applicationTaskExecutor'
2023-03-24 16:21:17.444 [main] INFO  o.s.b.a.web.servlet.WelcomePageHandlerMapping - Adding welcome page: class path resource [static/index.html]
2023-03-24 16:21:17.566 [main] INFO  org.apache.coyote.http11.Http11NioProtocol - Starting ProtocolHandler ["http-nio-9091"]
2023-03-24 16:21:17.575 [main] INFO  o.s.boot.web.embedded.tomcat.TomcatWebServer - Tomcat started on port(s): 9091 (http) with context path ''
2023-03-24 16:21:17.837 [http-nio-9091-exec-1] INFO  o.a.c.core.ContainerBase.[Tomcat].[localhost].[/] - Initializing Spring DispatcherServlet 'dispatcherServlet'
2023-03-24 16:21:17.837 [http-nio-9091-exec-1] INFO  org.springframework.web.servlet.DispatcherServlet - Initializing Servlet 'dispatcherServlet'
2023-03-24 16:21:17.838 [http-nio-9091-exec-1] INFO  org.springframework.web.servlet.DispatcherServlet - Completed initialization in 1 ms
2023-03-24 16:21:17.945 [main] INFO  com.boot.es.EsApplication - Started EsApplication in 3.574 seconds (JVM running for 4.724)
2023-03-24 16:21:17.947 [main] INFO  com.boot.es.EsApplication - 启动成功
2023-03-24 16:27:57.939 [main] INFO  com.boot.es.EsApplication - Starting EsApplication using Java 1.8.0_291 on aurora with PID 13592 (D:\project\code\self_util_plugin\scaffold\muti-scaffold\boot-es\target\classes started by yuez in D:\project\code\self_util_plugin\scaffold\muti-scaffold)
2023-03-24 16:27:57.941 [main] INFO  com.boot.es.EsApplication - The following profiles are active: elasticsearch,dev
2023-03-24 16:27:58.981 [main] INFO  o.s.boot.web.embedded.tomcat.TomcatWebServer - Tomcat initialized with port(s): 9091 (http)
2023-03-24 16:27:58.988 [main] INFO  org.apache.coyote.http11.Http11NioProtocol - Initializing ProtocolHandler ["http-nio-9091"]
2023-03-24 16:27:58.988 [main] INFO  org.apache.catalina.core.StandardService - Starting service [Tomcat]
2023-03-24 16:27:58.988 [main] INFO  org.apache.catalina.core.StandardEngine - Starting Servlet engine: [Apache Tomcat/9.0.43]
2023-03-24 16:27:59.067 [main] INFO  o.a.c.core.ContainerBase.[Tomcat].[localhost].[/] - Initializing Spring embedded WebApplicationContext
2023-03-24 16:27:59.068 [main] INFO  o.s.b.w.s.c.ServletWebServerApplicationContext - Root WebApplicationContext: initialization completed in 1099 ms
2023-03-24 16:27:59.122 [main] INFO  com.boot.es.common.GlobalObject - elasticsearch信息初始化成功
2023-03-24 16:27:59.894 [main] INFO  com.boot.es.util.ElasticsearchUtils -  es init data org.elasticsearch.client.RestHighLevelClient@2ae5bd34
2023-03-24 16:27:59.894 [main] INFO  com.boot.es.util.ElasticsearchUtils - Elasticsearch初始化配置注入成功！
2023-03-24 16:28:00.306 [main] INFO  com.boot.es.config.ESConfig - 通用-集群状态:{"cluster_name":"cluster_wiscom","status":"yellow","timed_out":false,"number_of_nodes":1,"number_of_data_nodes":1,"active_primary_shards":1004,"active_shards":1004,"relocating_shards":0,"initializing_shards":0,"unassigned_shards":19,"delayed_unassigned_shards":0,"number_of_pending_tasks":0,"number_of_in_flight_fetch":0,"task_max_waiting_in_queue_millis":0,"active_shards_percent_as_number":98.1427174975562}
2023-03-24 16:28:00.409 [main] INFO  o.s.scheduling.concurrent.ThreadPoolTaskExecutor - Initializing ExecutorService 'applicationTaskExecutor'
2023-03-24 16:28:00.455 [main] INFO  o.s.b.a.web.servlet.WelcomePageHandlerMapping - Adding welcome page: class path resource [static/index.html]
2023-03-24 16:28:00.569 [main] INFO  org.apache.coyote.http11.Http11NioProtocol - Starting ProtocolHandler ["http-nio-9091"]
2023-03-24 16:28:00.579 [main] INFO  o.s.boot.web.embedded.tomcat.TomcatWebServer - Tomcat started on port(s): 9091 (http) with context path ''
2023-03-24 16:28:00.866 [main] INFO  com.boot.es.EsApplication - Started EsApplication in 3.466 seconds (JVM running for 4.564)
2023-03-24 16:28:00.868 [main] INFO  com.boot.es.EsApplication - 启动成功
2023-03-24 16:28:01.855 [http-nio-9091-exec-1] INFO  o.a.c.core.ContainerBase.[Tomcat].[localhost].[/] - Initializing Spring DispatcherServlet 'dispatcherServlet'
2023-03-24 16:28:01.855 [http-nio-9091-exec-1] INFO  org.springframework.web.servlet.DispatcherServlet - Initializing Servlet 'dispatcherServlet'
2023-03-24 16:28:01.856 [http-nio-9091-exec-1] INFO  org.springframework.web.servlet.DispatcherServlet - Completed initialization in 1 ms
2023-03-24 16:33:13.109 [main] INFO  com.boot.es.EsApplication - Starting EsApplication using Java 1.8.0_291 on aurora with PID 18780 (D:\project\code\self_util_plugin\scaffold\muti-scaffold\boot-es\target\classes started by yuez in D:\project\code\self_util_plugin\scaffold\muti-scaffold)
2023-03-24 16:33:13.111 [main] INFO  com.boot.es.EsApplication - The following profiles are active: elasticsearch,dev
2023-03-24 16:33:14.135 [main] INFO  o.s.boot.web.embedded.tomcat.TomcatWebServer - Tomcat initialized with port(s): 9091 (http)
2023-03-24 16:33:14.142 [main] INFO  org.apache.coyote.http11.Http11NioProtocol - Initializing ProtocolHandler ["http-nio-9091"]
2023-03-24 16:33:14.142 [main] INFO  org.apache.catalina.core.StandardService - Starting service [Tomcat]
2023-03-24 16:33:14.142 [main] INFO  org.apache.catalina.core.StandardEngine - Starting Servlet engine: [Apache Tomcat/9.0.43]
2023-03-24 16:33:14.218 [main] INFO  o.a.c.core.ContainerBase.[Tomcat].[localhost].[/] - Initializing Spring embedded WebApplicationContext
2023-03-24 16:33:14.219 [main] INFO  o.s.b.w.s.c.ServletWebServerApplicationContext - Root WebApplicationContext: initialization completed in 1080 ms
2023-03-24 16:33:14.267 [main] INFO  com.boot.es.common.GlobalObject - elasticsearch信息初始化成功
2023-03-24 16:33:15.015 [main] INFO  com.boot.es.util.ElasticsearchUtils -  es init data org.elasticsearch.client.RestHighLevelClient@6a6d1ff3
2023-03-24 16:33:15.016 [main] INFO  com.boot.es.util.ElasticsearchUtils - Elasticsearch初始化配置注入成功！
2023-03-24 16:33:15.399 [main] INFO  com.boot.es.config.ESConfig - 通用-集群状态:{"cluster_name":"cluster_wiscom","status":"yellow","timed_out":false,"number_of_nodes":1,"number_of_data_nodes":1,"active_primary_shards":1004,"active_shards":1004,"relocating_shards":0,"initializing_shards":0,"unassigned_shards":19,"delayed_unassigned_shards":0,"number_of_pending_tasks":0,"number_of_in_flight_fetch":0,"task_max_waiting_in_queue_millis":0,"active_shards_percent_as_number":98.1427174975562}
2023-03-24 16:33:15.493 [main] INFO  o.s.scheduling.concurrent.ThreadPoolTaskExecutor - Initializing ExecutorService 'applicationTaskExecutor'
2023-03-24 16:33:15.537 [main] INFO  o.s.b.a.web.servlet.WelcomePageHandlerMapping - Adding welcome page: class path resource [static/index.html]
2023-03-24 16:33:15.648 [main] INFO  org.apache.coyote.http11.Http11NioProtocol - Starting ProtocolHandler ["http-nio-9091"]
2023-03-24 16:33:15.657 [main] INFO  o.s.boot.web.embedded.tomcat.TomcatWebServer - Tomcat started on port(s): 9091 (http) with context path ''
2023-03-24 16:33:15.942 [main] INFO  com.boot.es.EsApplication - Started EsApplication in 3.381 seconds (JVM running for 4.544)
2023-03-24 16:33:15.943 [main] INFO  com.boot.es.EsApplication - 启动成功
2023-03-24 16:33:20.222 [http-nio-9091-exec-1] INFO  o.a.c.core.ContainerBase.[Tomcat].[localhost].[/] - Initializing Spring DispatcherServlet 'dispatcherServlet'
2023-03-24 16:33:20.222 [http-nio-9091-exec-1] INFO  org.springframework.web.servlet.DispatcherServlet - Initializing Servlet 'dispatcherServlet'
2023-03-24 16:33:20.223 [http-nio-9091-exec-1] INFO  org.springframework.web.servlet.DispatcherServlet - Completed initialization in 1 ms
2023-03-24 16:41:23.306 [main] INFO  com.boot.es.EsApplication - Starting EsApplication using Java 1.8.0_291 on aurora with PID 5840 (D:\project\code\self_util_plugin\scaffold\muti-scaffold\boot-es\target\classes started by yuez in D:\project\code\self_util_plugin\scaffold\muti-scaffold)
2023-03-24 16:41:23.308 [main] INFO  com.boot.es.EsApplication - The following profiles are active: elasticsearch,dev
2023-03-24 16:41:24.384 [main] INFO  o.s.boot.web.embedded.tomcat.TomcatWebServer - Tomcat initialized with port(s): 9091 (http)
2023-03-24 16:41:24.392 [main] INFO  org.apache.coyote.http11.Http11NioProtocol - Initializing ProtocolHandler ["http-nio-9091"]
2023-03-24 16:41:24.392 [main] INFO  org.apache.catalina.core.StandardService - Starting service [Tomcat]
2023-03-24 16:41:24.392 [main] INFO  org.apache.catalina.core.StandardEngine - Starting Servlet engine: [Apache Tomcat/9.0.43]
2023-03-24 16:41:24.470 [main] INFO  o.a.c.core.ContainerBase.[Tomcat].[localhost].[/] - Initializing Spring embedded WebApplicationContext
2023-03-24 16:41:24.470 [main] INFO  o.s.b.w.s.c.ServletWebServerApplicationContext - Root WebApplicationContext: initialization completed in 1134 ms
2023-03-24 16:41:24.520 [main] INFO  com.boot.es.common.GlobalObject - elasticsearch信息初始化成功
2023-03-24 16:41:25.304 [main] INFO  com.boot.es.util.ElasticsearchUtils -  es init data org.elasticsearch.client.RestHighLevelClient@2b3f7704
2023-03-24 16:41:25.304 [main] INFO  com.boot.es.util.ElasticsearchUtils - Elasticsearch初始化配置注入成功！
2023-03-24 16:41:25.704 [main] INFO  com.boot.es.config.ESConfig - 通用-集群状态:{"cluster_name":"cluster_wiscom","status":"yellow","timed_out":false,"number_of_nodes":1,"number_of_data_nodes":1,"active_primary_shards":1004,"active_shards":1004,"relocating_shards":0,"initializing_shards":0,"unassigned_shards":19,"delayed_unassigned_shards":0,"number_of_pending_tasks":0,"number_of_in_flight_fetch":0,"task_max_waiting_in_queue_millis":0,"active_shards_percent_as_number":98.1427174975562}
2023-03-24 16:41:25.816 [main] INFO  o.s.scheduling.concurrent.ThreadPoolTaskExecutor - Initializing ExecutorService 'applicationTaskExecutor'
2023-03-24 16:41:25.863 [main] INFO  o.s.b.a.web.servlet.WelcomePageHandlerMapping - Adding welcome page: class path resource [static/index.html]
2023-03-24 16:41:25.978 [main] INFO  org.apache.coyote.http11.Http11NioProtocol - Starting ProtocolHandler ["http-nio-9091"]
2023-03-24 16:41:25.988 [main] INFO  o.s.boot.web.embedded.tomcat.TomcatWebServer - Tomcat started on port(s): 9091 (http) with context path ''
2023-03-24 16:41:26.276 [main] INFO  com.boot.es.EsApplication - Started EsApplication in 3.508 seconds (JVM running for 4.627)
2023-03-24 16:41:26.278 [main] INFO  com.boot.es.EsApplication - 启动成功
2023-03-24 16:41:28.305 [http-nio-9091-exec-1] INFO  o.a.c.core.ContainerBase.[Tomcat].[localhost].[/] - Initializing Spring DispatcherServlet 'dispatcherServlet'
2023-03-24 16:41:28.305 [http-nio-9091-exec-1] INFO  org.springframework.web.servlet.DispatcherServlet - Initializing Servlet 'dispatcherServlet'
2023-03-24 16:41:28.306 [http-nio-9091-exec-1] INFO  org.springframework.web.servlet.DispatcherServlet - Completed initialization in 1 ms
2023-03-24 16:42:25.247 [SpringContextShutdownHook] INFO  o.s.scheduling.concurrent.ThreadPoolTaskExecutor - Shutting down ExecutorService 'applicationTaskExecutor'
2023-03-24 16:42:31.816 [main] INFO  com.boot.es.EsApplication - Starting EsApplication using Java 1.8.0_291 on aurora with PID 27460 (D:\project\code\self_util_plugin\scaffold\muti-scaffold\boot-es\target\classes started by yuez in D:\project\code\self_util_plugin\scaffold\muti-scaffold)
2023-03-24 16:42:31.819 [main] INFO  com.boot.es.EsApplication - The following profiles are active: elasticsearch,dev
2023-03-24 16:42:32.869 [main] INFO  o.s.boot.web.embedded.tomcat.TomcatWebServer - Tomcat initialized with port(s): 9091 (http)
2023-03-24 16:42:32.876 [main] INFO  org.apache.coyote.http11.Http11NioProtocol - Initializing ProtocolHandler ["http-nio-9091"]
2023-03-24 16:42:32.877 [main] INFO  org.apache.catalina.core.StandardService - Starting service [Tomcat]
2023-03-24 16:42:32.877 [main] INFO  org.apache.catalina.core.StandardEngine - Starting Servlet engine: [Apache Tomcat/9.0.43]
2023-03-24 16:42:32.955 [main] INFO  o.a.c.core.ContainerBase.[Tomcat].[localhost].[/] - Initializing Spring embedded WebApplicationContext
2023-03-24 16:42:32.955 [main] INFO  o.s.b.w.s.c.ServletWebServerApplicationContext - Root WebApplicationContext: initialization completed in 1088 ms
2023-03-24 16:42:33.005 [main] INFO  com.boot.es.common.GlobalObject - elasticsearch信息初始化成功
2023-03-24 16:42:33.756 [main] INFO  com.boot.es.util.ElasticsearchUtils -  es init data org.elasticsearch.client.RestHighLevelClient@1322b575
2023-03-24 16:42:33.756 [main] INFO  com.boot.es.util.ElasticsearchUtils - Elasticsearch初始化配置注入成功！
2023-03-24 16:42:34.143 [main] INFO  com.boot.es.config.ESConfig - 通用-集群状态:{"cluster_name":"cluster_wiscom","status":"yellow","timed_out":false,"number_of_nodes":1,"number_of_data_nodes":1,"active_primary_shards":1004,"active_shards":1004,"relocating_shards":0,"initializing_shards":0,"unassigned_shards":19,"delayed_unassigned_shards":0,"number_of_pending_tasks":0,"number_of_in_flight_fetch":0,"task_max_waiting_in_queue_millis":0,"active_shards_percent_as_number":98.1427174975562}
2023-03-24 16:42:34.238 [main] INFO  o.s.scheduling.concurrent.ThreadPoolTaskExecutor - Initializing ExecutorService 'applicationTaskExecutor'
2023-03-24 16:42:34.282 [main] INFO  o.s.b.a.web.servlet.WelcomePageHandlerMapping - Adding welcome page: class path resource [static/index.html]
2023-03-24 16:42:34.392 [main] INFO  org.apache.coyote.http11.Http11NioProtocol - Starting ProtocolHandler ["http-nio-9091"]
2023-03-24 16:42:34.401 [main] INFO  o.s.boot.web.embedded.tomcat.TomcatWebServer - Tomcat started on port(s): 9091 (http) with context path ''
2023-03-24 16:42:34.691 [main] INFO  com.boot.es.EsApplication - Started EsApplication in 3.363 seconds (JVM running for 4.542)
2023-03-24 16:42:34.692 [main] INFO  com.boot.es.EsApplication - 启动成功
2023-03-24 16:42:36.062 [http-nio-9091-exec-1] INFO  o.a.c.core.ContainerBase.[Tomcat].[localhost].[/] - Initializing Spring DispatcherServlet 'dispatcherServlet'
2023-03-24 16:42:36.062 [http-nio-9091-exec-1] INFO  org.springframework.web.servlet.DispatcherServlet - Initializing Servlet 'dispatcherServlet'
2023-03-24 16:42:36.063 [http-nio-9091-exec-1] INFO  org.springframework.web.servlet.DispatcherServlet - Completed initialization in 1 ms
2023-03-24 16:43:03.495 [main] INFO  com.boot.es.EsApplication - Starting EsApplication using Java 1.8.0_291 on aurora with PID 6444 (D:\project\code\self_util_plugin\scaffold\muti-scaffold\boot-es\target\classes started by yuez in D:\project\code\self_util_plugin\scaffold\muti-scaffold)
2023-03-24 16:43:03.497 [main] INFO  com.boot.es.EsApplication - The following profiles are active: elasticsearch,dev
2023-03-24 16:43:04.526 [main] INFO  o.s.boot.web.embedded.tomcat.TomcatWebServer - Tomcat initialized with port(s): 9091 (http)
2023-03-24 16:43:04.533 [main] INFO  org.apache.coyote.http11.Http11NioProtocol - Initializing ProtocolHandler ["http-nio-9091"]
2023-03-24 16:43:04.533 [main] INFO  org.apache.catalina.core.StandardService - Starting service [Tomcat]
2023-03-24 16:43:04.533 [main] INFO  org.apache.catalina.core.StandardEngine - Starting Servlet engine: [Apache Tomcat/9.0.43]
2023-03-24 16:43:04.609 [main] INFO  o.a.c.core.ContainerBase.[Tomcat].[localhost].[/] - Initializing Spring embedded WebApplicationContext
2023-03-24 16:43:04.609 [main] INFO  o.s.b.w.s.c.ServletWebServerApplicationContext - Root WebApplicationContext: initialization completed in 1083 ms
2023-03-24 16:43:04.657 [main] INFO  com.boot.es.common.GlobalObject - elasticsearch信息初始化成功
2023-03-24 16:43:05.524 [main] INFO  com.boot.es.util.ElasticsearchUtils -  es init data org.elasticsearch.client.RestHighLevelClient@2b3f7704
2023-03-24 16:43:05.524 [main] INFO  com.boot.es.util.ElasticsearchUtils - Elasticsearch初始化配置注入成功！
2023-03-24 16:43:05.947 [main] INFO  com.boot.es.config.ESConfig - 通用-集群状态:{"cluster_name":"cluster_wiscom","status":"yellow","timed_out":false,"number_of_nodes":1,"number_of_data_nodes":1,"active_primary_shards":1004,"active_shards":1004,"relocating_shards":0,"initializing_shards":0,"unassigned_shards":19,"delayed_unassigned_shards":0,"number_of_pending_tasks":0,"number_of_in_flight_fetch":0,"task_max_waiting_in_queue_millis":0,"active_shards_percent_as_number":98.1427174975562}
2023-03-24 16:43:06.047 [main] INFO  o.s.scheduling.concurrent.ThreadPoolTaskExecutor - Initializing ExecutorService 'applicationTaskExecutor'
2023-03-24 16:43:06.093 [main] INFO  o.s.b.a.web.servlet.WelcomePageHandlerMapping - Adding welcome page: class path resource [static/index.html]
2023-03-24 16:43:06.206 [main] INFO  org.apache.coyote.http11.Http11NioProtocol - Starting ProtocolHandler ["http-nio-9091"]
2023-03-24 16:43:06.216 [main] INFO  o.s.boot.web.embedded.tomcat.TomcatWebServer - Tomcat started on port(s): 9091 (http) with context path ''
2023-03-24 16:43:06.471 [http-nio-9091-exec-1] INFO  o.a.c.core.ContainerBase.[Tomcat].[localhost].[/] - Initializing Spring DispatcherServlet 'dispatcherServlet'
2023-03-24 16:43:06.471 [http-nio-9091-exec-1] INFO  org.springframework.web.servlet.DispatcherServlet - Initializing Servlet 'dispatcherServlet'
2023-03-24 16:43:06.472 [http-nio-9091-exec-1] INFO  org.springframework.web.servlet.DispatcherServlet - Completed initialization in 1 ms
2023-03-24 16:43:06.509 [main] INFO  com.boot.es.EsApplication - Started EsApplication in 3.544 seconds (JVM running for 4.69)
2023-03-24 16:43:06.512 [main] INFO  com.boot.es.EsApplication - 启动成功
2023-03-24 16:52:03.139 [SpringContextShutdownHook] INFO  o.s.scheduling.concurrent.ThreadPoolTaskExecutor - Shutting down ExecutorService 'applicationTaskExecutor'
2023-03-24 16:52:09.783 [main] INFO  com.boot.es.EsApplication - Starting EsApplication using Java 1.8.0_291 on aurora with PID 8024 (D:\project\code\self_util_plugin\scaffold\muti-scaffold\boot-es\target\classes started by yuez in D:\project\code\self_util_plugin\scaffold\muti-scaffold)
2023-03-24 16:52:09.785 [main] INFO  com.boot.es.EsApplication - The following profiles are active: elasticsearch,dev
2023-03-24 16:52:10.824 [main] INFO  o.s.boot.web.embedded.tomcat.TomcatWebServer - Tomcat initialized with port(s): 9091 (http)
2023-03-24 16:52:10.831 [main] INFO  org.apache.coyote.http11.Http11NioProtocol - Initializing ProtocolHandler ["http-nio-9091"]
2023-03-24 16:52:10.832 [main] INFO  org.apache.catalina.core.StandardService - Starting service [Tomcat]
2023-03-24 16:52:10.832 [main] INFO  org.apache.catalina.core.StandardEngine - Starting Servlet engine: [Apache Tomcat/9.0.43]
2023-03-24 16:52:10.916 [main] INFO  o.a.c.core.ContainerBase.[Tomcat].[localhost].[/] - Initializing Spring embedded WebApplicationContext
2023-03-24 16:52:10.916 [main] INFO  o.s.b.w.s.c.ServletWebServerApplicationContext - Root WebApplicationContext: initialization completed in 1101 ms
2023-03-24 16:52:10.965 [main] INFO  com.boot.es.common.GlobalObject - elasticsearch信息初始化成功
2023-03-24 16:52:11.718 [main] INFO  com.boot.es.util.ElasticsearchUtils -  es init data org.elasticsearch.client.RestHighLevelClient@a9a8ec3
2023-03-24 16:52:11.718 [main] INFO  com.boot.es.util.ElasticsearchUtils - Elasticsearch初始化配置注入成功！
2023-03-24 16:52:12.114 [main] INFO  com.boot.es.config.ESConfig - 通用-集群状态:{"cluster_name":"cluster_wiscom","status":"yellow","timed_out":false,"number_of_nodes":1,"number_of_data_nodes":1,"active_primary_shards":1004,"active_shards":1004,"relocating_shards":0,"initializing_shards":0,"unassigned_shards":19,"delayed_unassigned_shards":0,"number_of_pending_tasks":0,"number_of_in_flight_fetch":0,"task_max_waiting_in_queue_millis":0,"active_shards_percent_as_number":98.1427174975562}
2023-03-24 16:52:12.213 [main] INFO  o.s.scheduling.concurrent.ThreadPoolTaskExecutor - Initializing ExecutorService 'applicationTaskExecutor'
2023-03-24 16:52:12.262 [main] INFO  o.s.b.a.web.servlet.WelcomePageHandlerMapping - Adding welcome page: class path resource [static/index.html]
2023-03-24 16:52:12.376 [main] INFO  org.apache.coyote.http11.Http11NioProtocol - Starting ProtocolHandler ["http-nio-9091"]
2023-03-24 16:52:12.385 [main] INFO  o.s.boot.web.embedded.tomcat.TomcatWebServer - Tomcat started on port(s): 9091 (http) with context path ''
2023-03-24 16:52:12.667 [main] INFO  com.boot.es.EsApplication - Started EsApplication in 3.422 seconds (JVM running for 4.577)
2023-03-24 16:52:12.671 [main] INFO  com.boot.es.EsApplication - 启动成功
2023-03-24 16:52:14.342 [http-nio-9091-exec-1] INFO  o.a.c.core.ContainerBase.[Tomcat].[localhost].[/] - Initializing Spring DispatcherServlet 'dispatcherServlet'
2023-03-24 16:52:14.342 [http-nio-9091-exec-1] INFO  org.springframework.web.servlet.DispatcherServlet - Initializing Servlet 'dispatcherServlet'
2023-03-24 16:52:14.343 [http-nio-9091-exec-1] INFO  org.springframework.web.servlet.DispatcherServlet - Completed initialization in 1 ms
2023-03-24 16:57:43.690 [main] INFO  com.boot.es.EsApplication - Starting EsApplication using Java 1.8.0_291 on aurora with PID 25488 (D:\project\code\self_util_plugin\scaffold\muti-scaffold\boot-es\target\classes started by yuez in D:\project\code\self_util_plugin\scaffold\muti-scaffold)
2023-03-24 16:57:43.692 [main] INFO  com.boot.es.EsApplication - The following profiles are active: elasticsearch,dev
2023-03-24 16:57:44.765 [main] INFO  o.s.boot.web.embedded.tomcat.TomcatWebServer - Tomcat initialized with port(s): 9091 (http)
2023-03-24 16:57:44.771 [main] INFO  org.apache.coyote.http11.Http11NioProtocol - Initializing ProtocolHandler ["http-nio-9091"]
2023-03-24 16:57:44.772 [main] INFO  org.apache.catalina.core.StandardService - Starting service [Tomcat]
2023-03-24 16:57:44.772 [main] INFO  org.apache.catalina.core.StandardEngine - Starting Servlet engine: [Apache Tomcat/9.0.43]
2023-03-24 16:57:44.848 [main] INFO  o.a.c.core.ContainerBase.[Tomcat].[localhost].[/] - Initializing Spring embedded WebApplicationContext
2023-03-24 16:57:44.848 [main] INFO  o.s.b.w.s.c.ServletWebServerApplicationContext - Root WebApplicationContext: initialization completed in 1109 ms
2023-03-24 16:57:44.897 [main] INFO  com.boot.es.common.GlobalObject - elasticsearch信息初始化成功
2023-03-24 16:57:45.695 [main] INFO  com.boot.es.util.ElasticsearchUtils -  es init data org.elasticsearch.client.RestHighLevelClient@1570cad0
2023-03-24 16:57:45.695 [main] INFO  com.boot.es.util.ElasticsearchUtils - Elasticsearch初始化配置注入成功！
2023-03-24 16:57:46.164 [main] INFO  com.boot.es.config.ESConfig - 通用-集群状态:{"cluster_name":"cluster_wiscom","status":"yellow","timed_out":false,"number_of_nodes":1,"number_of_data_nodes":1,"active_primary_shards":1004,"active_shards":1004,"relocating_shards":0,"initializing_shards":0,"unassigned_shards":19,"delayed_unassigned_shards":0,"number_of_pending_tasks":0,"number_of_in_flight_fetch":0,"task_max_waiting_in_queue_millis":0,"active_shards_percent_as_number":98.1427174975562}
2023-03-24 16:57:46.282 [main] INFO  o.s.scheduling.concurrent.ThreadPoolTaskExecutor - Initializing ExecutorService 'applicationTaskExecutor'
2023-03-24 16:57:46.330 [main] INFO  o.s.b.a.web.servlet.WelcomePageHandlerMapping - Adding welcome page: class path resource [static/index.html]
2023-03-24 16:57:46.642 [main] INFO  org.apache.coyote.http11.Http11NioProtocol - Starting ProtocolHandler ["http-nio-9091"]
2023-03-24 16:57:46.674 [main] INFO  o.s.boot.web.embedded.tomcat.TomcatWebServer - Tomcat started on port(s): 9091 (http) with context path ''
2023-03-24 16:57:46.968 [main] INFO  com.boot.es.EsApplication - Started EsApplication in 3.763 seconds (JVM running for 4.929)
2023-03-24 16:57:46.970 [main] INFO  com.boot.es.EsApplication - 启动成功
2023-03-24 16:57:49.027 [http-nio-9091-exec-1] INFO  o.a.c.core.ContainerBase.[Tomcat].[localhost].[/] - Initializing Spring DispatcherServlet 'dispatcherServlet'
2023-03-24 16:57:49.027 [http-nio-9091-exec-1] INFO  org.springframework.web.servlet.DispatcherServlet - Initializing Servlet 'dispatcherServlet'
2023-03-24 16:57:49.028 [http-nio-9091-exec-1] INFO  org.springframework.web.servlet.DispatcherServlet - Completed initialization in 1 ms
2023-03-24 17:07:45.094 [main] INFO  com.boot.es.EsApplication - Starting EsApplication using Java 1.8.0_291 on aurora with PID 26908 (D:\project\code\self_util_plugin\scaffold\muti-scaffold\boot-es\target\classes started by yuez in D:\project\code\self_util_plugin\scaffold\muti-scaffold)
2023-03-24 17:07:45.096 [main] INFO  com.boot.es.EsApplication - The following profiles are active: elasticsearch,dev
2023-03-24 17:07:46.109 [main] INFO  o.s.boot.web.embedded.tomcat.TomcatWebServer - Tomcat initialized with port(s): 9091 (http)
2023-03-24 17:07:46.116 [main] INFO  org.apache.coyote.http11.Http11NioProtocol - Initializing ProtocolHandler ["http-nio-9091"]
2023-03-24 17:07:46.117 [main] INFO  org.apache.catalina.core.StandardService - Starting service [Tomcat]
2023-03-24 17:07:46.117 [main] INFO  org.apache.catalina.core.StandardEngine - Starting Servlet engine: [Apache Tomcat/9.0.43]
2023-03-24 17:07:46.195 [main] INFO  o.a.c.core.ContainerBase.[Tomcat].[localhost].[/] - Initializing Spring embedded WebApplicationContext
2023-03-24 17:07:46.195 [main] INFO  o.s.b.w.s.c.ServletWebServerApplicationContext - Root WebApplicationContext: initialization completed in 1070 ms
2023-03-24 17:07:46.241 [main] INFO  com.boot.es.common.GlobalObject - elasticsearch信息初始化成功
2023-03-24 17:07:46.979 [main] INFO  com.boot.es.util.ElasticsearchUtils -  es init data org.elasticsearch.client.RestHighLevelClient@18715bb
2023-03-24 17:07:46.980 [main] INFO  com.boot.es.util.ElasticsearchUtils - Elasticsearch初始化配置注入成功！
2023-03-24 17:07:47.363 [main] INFO  com.boot.es.config.ESConfig - 通用-集群状态:{"cluster_name":"cluster_wiscom","status":"yellow","timed_out":false,"number_of_nodes":1,"number_of_data_nodes":1,"active_primary_shards":1004,"active_shards":1004,"relocating_shards":0,"initializing_shards":0,"unassigned_shards":19,"delayed_unassigned_shards":0,"number_of_pending_tasks":0,"number_of_in_flight_fetch":0,"task_max_waiting_in_queue_millis":0,"active_shards_percent_as_number":98.1427174975562}
2023-03-24 17:07:47.466 [main] INFO  o.s.scheduling.concurrent.ThreadPoolTaskExecutor - Initializing ExecutorService 'applicationTaskExecutor'
2023-03-24 17:07:47.511 [main] INFO  o.s.b.a.web.servlet.WelcomePageHandlerMapping - Adding welcome page: class path resource [static/index.html]
2023-03-24 17:07:47.621 [main] INFO  org.apache.coyote.http11.Http11NioProtocol - Starting ProtocolHandler ["http-nio-9091"]
2023-03-24 17:07:47.631 [main] INFO  o.s.boot.web.embedded.tomcat.TomcatWebServer - Tomcat started on port(s): 9091 (http) with context path ''
2023-03-24 17:07:47.919 [main] INFO  com.boot.es.EsApplication - Started EsApplication in 3.334 seconds (JVM running for 4.421)
2023-03-24 17:07:47.921 [main] INFO  com.boot.es.EsApplication - 启动成功
2023-03-24 17:07:48.973 [http-nio-9091-exec-1] INFO  o.a.c.core.ContainerBase.[Tomcat].[localhost].[/] - Initializing Spring DispatcherServlet 'dispatcherServlet'
2023-03-24 17:07:48.973 [http-nio-9091-exec-1] INFO  org.springframework.web.servlet.DispatcherServlet - Initializing Servlet 'dispatcherServlet'
2023-03-24 17:07:48.974 [http-nio-9091-exec-1] INFO  org.springframework.web.servlet.DispatcherServlet - Completed initialization in 1 ms
2023-03-24 17:09:28.471 [main] INFO  com.boot.es.EsApplication - Starting EsApplication using Java 1.8.0_291 on aurora with PID 10088 (D:\project\code\self_util_plugin\scaffold\muti-scaffold\boot-es\target\classes started by yuez in D:\project\code\self_util_plugin\scaffold\muti-scaffold)
2023-03-24 17:09:28.474 [main] INFO  com.boot.es.EsApplication - The following profiles are active: elasticsearch,dev
2023-03-24 17:09:29.545 [main] INFO  o.s.boot.web.embedded.tomcat.TomcatWebServer - Tomcat initialized with port(s): 9091 (http)
2023-03-24 17:09:29.551 [main] INFO  org.apache.coyote.http11.Http11NioProtocol - Initializing ProtocolHandler ["http-nio-9091"]
2023-03-24 17:09:29.552 [main] INFO  org.apache.catalina.core.StandardService - Starting service [Tomcat]
2023-03-24 17:09:29.553 [main] INFO  org.apache.catalina.core.StandardEngine - Starting Servlet engine: [Apache Tomcat/9.0.43]
2023-03-24 17:09:29.629 [main] INFO  o.a.c.core.ContainerBase.[Tomcat].[localhost].[/] - Initializing Spring embedded WebApplicationContext
2023-03-24 17:09:29.629 [main] INFO  o.s.b.w.s.c.ServletWebServerApplicationContext - Root WebApplicationContext: initialization completed in 1123 ms
2023-03-24 17:09:29.675 [main] INFO  com.boot.es.common.GlobalObject - elasticsearch信息初始化成功
2023-03-24 17:09:30.442 [main] INFO  com.boot.es.util.ElasticsearchUtils -  es init data org.elasticsearch.client.RestHighLevelClient@7ad889be
2023-03-24 17:09:30.442 [main] INFO  com.boot.es.util.ElasticsearchUtils - Elasticsearch初始化配置注入成功！
2023-03-24 17:09:30.881 [main] INFO  com.boot.es.config.ESConfig - 通用-集群状态:{"cluster_name":"cluster_wiscom","status":"yellow","timed_out":false,"number_of_nodes":1,"number_of_data_nodes":1,"active_primary_shards":1004,"active_shards":1004,"relocating_shards":0,"initializing_shards":0,"unassigned_shards":19,"delayed_unassigned_shards":0,"number_of_pending_tasks":0,"number_of_in_flight_fetch":0,"task_max_waiting_in_queue_millis":0,"active_shards_percent_as_number":98.1427174975562}
2023-03-24 17:09:30.987 [main] INFO  o.s.scheduling.concurrent.ThreadPoolTaskExecutor - Initializing ExecutorService 'applicationTaskExecutor'
2023-03-24 17:09:31.032 [main] INFO  o.s.b.a.web.servlet.WelcomePageHandlerMapping - Adding welcome page: class path resource [static/index.html]
2023-03-24 17:09:31.149 [main] INFO  org.apache.coyote.http11.Http11NioProtocol - Starting ProtocolHandler ["http-nio-9091"]
2023-03-24 17:09:31.159 [main] INFO  o.s.boot.web.embedded.tomcat.TomcatWebServer - Tomcat started on port(s): 9091 (http) with context path ''
2023-03-24 17:09:31.440 [main] INFO  com.boot.es.EsApplication - Started EsApplication in 3.513 seconds (JVM running for 4.718)
2023-03-24 17:09:31.442 [main] INFO  com.boot.es.EsApplication - 启动成功
2023-03-24 17:09:38.630 [http-nio-9091-exec-1] INFO  o.a.c.core.ContainerBase.[Tomcat].[localhost].[/] - Initializing Spring DispatcherServlet 'dispatcherServlet'
2023-03-24 17:09:38.630 [http-nio-9091-exec-1] INFO  org.springframework.web.servlet.DispatcherServlet - Initializing Servlet 'dispatcherServlet'
2023-03-24 17:09:38.631 [http-nio-9091-exec-1] INFO  org.springframework.web.servlet.DispatcherServlet - Completed initialization in 1 ms
2023-03-24 17:12:35.499 [main] INFO  com.boot.es.EsApplication - Starting EsApplication using Java 1.8.0_291 on aurora with PID 7996 (D:\project\code\self_util_plugin\scaffold\muti-scaffold\boot-es\target\classes started by yuez in D:\project\code\self_util_plugin\scaffold\muti-scaffold)
2023-03-24 17:12:35.502 [main] INFO  com.boot.es.EsApplication - The following profiles are active: elasticsearch,dev
2023-03-24 17:12:36.589 [main] INFO  o.s.boot.web.embedded.tomcat.TomcatWebServer - Tomcat initialized with port(s): 9091 (http)
2023-03-24 17:12:36.598 [main] INFO  org.apache.coyote.http11.Http11NioProtocol - Initializing ProtocolHandler ["http-nio-9091"]
2023-03-24 17:12:36.598 [main] INFO  org.apache.catalina.core.StandardService - Starting service [Tomcat]
2023-03-24 17:12:36.599 [main] INFO  org.apache.catalina.core.StandardEngine - Starting Servlet engine: [Apache Tomcat/9.0.43]
2023-03-24 17:12:36.681 [main] INFO  o.a.c.core.ContainerBase.[Tomcat].[localhost].[/] - Initializing Spring embedded WebApplicationContext
2023-03-24 17:12:36.681 [main] INFO  o.s.b.w.s.c.ServletWebServerApplicationContext - Root WebApplicationContext: initialization completed in 1130 ms
2023-03-24 17:12:36.731 [main] INFO  com.boot.es.common.GlobalObject - elasticsearch信息初始化成功
2023-03-24 17:12:37.521 [main] INFO  com.boot.es.util.ElasticsearchUtils -  es init data org.elasticsearch.client.RestHighLevelClient@56c42964
2023-03-24 17:12:37.521 [main] INFO  com.boot.es.util.ElasticsearchUtils - Elasticsearch初始化配置注入成功！
2023-03-24 17:12:37.966 [main] INFO  com.boot.es.config.ESConfig - 通用-集群状态:{"cluster_name":"cluster_wiscom","status":"yellow","timed_out":false,"number_of_nodes":1,"number_of_data_nodes":1,"active_primary_shards":1004,"active_shards":1004,"relocating_shards":0,"initializing_shards":0,"unassigned_shards":19,"delayed_unassigned_shards":0,"number_of_pending_tasks":0,"number_of_in_flight_fetch":0,"task_max_waiting_in_queue_millis":0,"active_shards_percent_as_number":98.1427174975562}
2023-03-24 17:12:38.064 [main] INFO  o.s.scheduling.concurrent.ThreadPoolTaskExecutor - Initializing ExecutorService 'applicationTaskExecutor'
2023-03-24 17:12:38.111 [main] INFO  o.s.b.a.web.servlet.WelcomePageHandlerMapping - Adding welcome page: class path resource [static/index.html]
2023-03-24 17:12:38.221 [main] INFO  org.apache.coyote.http11.Http11NioProtocol - Starting ProtocolHandler ["http-nio-9091"]
2023-03-24 17:12:38.230 [main] INFO  o.s.boot.web.embedded.tomcat.TomcatWebServer - Tomcat started on port(s): 9091 (http) with context path ''
2023-03-24 17:12:38.518 [main] INFO  com.boot.es.EsApplication - Started EsApplication in 3.539 seconds (JVM running for 4.731)
2023-03-24 17:12:38.520 [main] INFO  com.boot.es.EsApplication - 启动成功
2023-03-24 17:12:51.708 [http-nio-9091-exec-1] INFO  o.a.c.core.ContainerBase.[Tomcat].[localhost].[/] - Initializing Spring DispatcherServlet 'dispatcherServlet'
2023-03-24 17:12:51.708 [http-nio-9091-exec-1] INFO  org.springframework.web.servlet.DispatcherServlet - Initializing Servlet 'dispatcherServlet'
2023-03-24 17:12:51.709 [http-nio-9091-exec-1] INFO  org.springframework.web.servlet.DispatcherServlet - Completed initialization in 1 ms
2023-03-24 17:13:30.364 [http-nio-9091-exec-4] INFO  com.boot.es.exception.GlobalExceptionHandler - Exception===全局处理
2023-03-24 17:21:21.012 [main] INFO  com.boot.es.EsApplication - Starting EsApplication using Java 1.8.0_291 on aurora with PID 4920 (D:\project\code\self_util_plugin\scaffold\muti-scaffold\boot-es\target\classes started by yuez in D:\project\code\self_util_plugin\scaffold\muti-scaffold)
2023-03-24 17:21:21.015 [main] INFO  com.boot.es.EsApplication - The following profiles are active: elasticsearch,dev
2023-03-24 17:21:22.039 [main] INFO  o.s.boot.web.embedded.tomcat.TomcatWebServer - Tomcat initialized with port(s): 9091 (http)
2023-03-24 17:21:22.046 [main] INFO  org.apache.coyote.http11.Http11NioProtocol - Initializing ProtocolHandler ["http-nio-9091"]
2023-03-24 17:21:22.046 [main] INFO  org.apache.catalina.core.StandardService - Starting service [Tomcat]
2023-03-24 17:21:22.046 [main] INFO  org.apache.catalina.core.StandardEngine - Starting Servlet engine: [Apache Tomcat/9.0.43]
2023-03-24 17:21:22.122 [main] INFO  o.a.c.core.ContainerBase.[Tomcat].[localhost].[/] - Initializing Spring embedded WebApplicationContext
2023-03-24 17:21:22.122 [main] INFO  o.s.b.w.s.c.ServletWebServerApplicationContext - Root WebApplicationContext: initialization completed in 1078 ms
2023-03-24 17:21:22.169 [main] INFO  com.boot.es.common.GlobalObject - elasticsearch信息初始化成功
2023-03-24 17:21:22.921 [main] INFO  com.boot.es.util.ElasticsearchUtils -  es init data org.elasticsearch.client.RestHighLevelClient@7e747037
2023-03-24 17:21:22.921 [main] INFO  com.boot.es.util.ElasticsearchUtils - Elasticsearch初始化配置注入成功！
2023-03-24 17:21:23.325 [main] INFO  com.boot.es.config.ESConfig - 通用-集群状态:{"cluster_name":"cluster_wiscom","status":"yellow","timed_out":false,"number_of_nodes":1,"number_of_data_nodes":1,"active_primary_shards":1004,"active_shards":1004,"relocating_shards":0,"initializing_shards":0,"unassigned_shards":19,"delayed_unassigned_shards":0,"number_of_pending_tasks":0,"number_of_in_flight_fetch":0,"task_max_waiting_in_queue_millis":0,"active_shards_percent_as_number":98.1427174975562}
2023-03-24 17:21:23.423 [main] INFO  o.s.scheduling.concurrent.ThreadPoolTaskExecutor - Initializing ExecutorService 'applicationTaskExecutor'
2023-03-24 17:21:23.469 [main] INFO  o.s.b.a.web.servlet.WelcomePageHandlerMapping - Adding welcome page: class path resource [static/index.html]
2023-03-24 17:21:23.583 [main] INFO  org.apache.coyote.http11.Http11NioProtocol - Starting ProtocolHandler ["http-nio-9091"]
2023-03-24 17:21:23.593 [main] INFO  o.s.boot.web.embedded.tomcat.TomcatWebServer - Tomcat started on port(s): 9091 (http) with context path ''
2023-03-24 17:21:23.878 [main] INFO  com.boot.es.EsApplication - Started EsApplication in 3.405 seconds (JVM running for 4.508)
2023-03-24 17:21:23.879 [main] INFO  com.boot.es.EsApplication - 启动成功
2023-03-24 17:21:24.203 [http-nio-9091-exec-1] INFO  o.a.c.core.ContainerBase.[Tomcat].[localhost].[/] - Initializing Spring DispatcherServlet 'dispatcherServlet'
2023-03-24 17:21:24.203 [http-nio-9091-exec-1] INFO  org.springframework.web.servlet.DispatcherServlet - Initializing Servlet 'dispatcherServlet'
2023-03-24 17:21:24.204 [http-nio-9091-exec-1] INFO  org.springframework.web.servlet.DispatcherServlet - Completed initialization in 1 ms
2023-03-24 17:34:58.235 [main] INFO  com.boot.es.EsApplication - Starting EsApplication using Java 1.8.0_291 on aurora with PID 10296 (D:\project\code\self_util_plugin\scaffold\muti-scaffold\boot-es\target\classes started by yuez in D:\project\code\self_util_plugin\scaffold\muti-scaffold)
2023-03-24 17:34:58.238 [main] INFO  com.boot.es.EsApplication - The following profiles are active: elasticsearch,dev
2023-03-24 17:34:59.283 [main] INFO  o.s.boot.web.embedded.tomcat.TomcatWebServer - Tomcat initialized with port(s): 9091 (http)
2023-03-24 17:34:59.290 [main] INFO  org.apache.coyote.http11.Http11NioProtocol - Initializing ProtocolHandler ["http-nio-9091"]
2023-03-24 17:34:59.291 [main] INFO  org.apache.catalina.core.StandardService - Starting service [Tomcat]
2023-03-24 17:34:59.291 [main] INFO  org.apache.catalina.core.StandardEngine - Starting Servlet engine: [Apache Tomcat/9.0.43]
2023-03-24 17:34:59.368 [main] INFO  o.a.c.core.ContainerBase.[Tomcat].[localhost].[/] - Initializing Spring embedded WebApplicationContext
2023-03-24 17:34:59.368 [main] INFO  o.s.b.w.s.c.ServletWebServerApplicationContext - Root WebApplicationContext: initialization completed in 1089 ms
2023-03-24 17:34:59.414 [main] INFO  com.boot.es.common.GlobalObject - elasticsearch信息初始化成功
2023-03-24 17:35:00.180 [main] INFO  com.boot.es.util.ElasticsearchUtils -  es init data org.elasticsearch.client.RestHighLevelClient@c732e1c
2023-03-24 17:35:00.180 [main] INFO  com.boot.es.util.ElasticsearchUtils - Elasticsearch初始化配置注入成功！
2023-03-24 17:35:00.585 [main] INFO  com.boot.es.config.ESConfig - 通用-集群状态:{"cluster_name":"cluster_wiscom","status":"yellow","timed_out":false,"number_of_nodes":1,"number_of_data_nodes":1,"active_primary_shards":1004,"active_shards":1004,"relocating_shards":0,"initializing_shards":0,"unassigned_shards":19,"delayed_unassigned_shards":0,"number_of_pending_tasks":0,"number_of_in_flight_fetch":0,"task_max_waiting_in_queue_millis":0,"active_shards_percent_as_number":98.1427174975562}
2023-03-24 17:35:00.686 [main] INFO  o.s.scheduling.concurrent.ThreadPoolTaskExecutor - Initializing ExecutorService 'applicationTaskExecutor'
2023-03-24 17:35:00.731 [main] INFO  o.s.b.a.web.servlet.WelcomePageHandlerMapping - Adding welcome page: class path resource [static/index.html]
2023-03-24 17:35:00.850 [main] INFO  org.apache.coyote.http11.Http11NioProtocol - Starting ProtocolHandler ["http-nio-9091"]
2023-03-24 17:35:00.873 [main] INFO  o.s.boot.web.embedded.tomcat.TomcatWebServer - Tomcat started on port(s): 9091 (http) with context path ''
2023-03-24 17:35:01.139 [main] INFO  com.boot.es.EsApplication - Started EsApplication in 3.369 seconds (JVM running for 4.45)
2023-03-24 17:35:01.140 [main] INFO  com.boot.es.EsApplication - 启动成功
2023-03-24 17:35:21.558 [http-nio-9091-exec-1] INFO  o.a.c.core.ContainerBase.[Tomcat].[localhost].[/] - Initializing Spring DispatcherServlet 'dispatcherServlet'
2023-03-24 17:35:21.559 [http-nio-9091-exec-1] INFO  org.springframework.web.servlet.DispatcherServlet - Initializing Servlet 'dispatcherServlet'
2023-03-24 17:35:21.560 [http-nio-9091-exec-1] INFO  org.springframework.web.servlet.DispatcherServlet - Completed initialization in 1 ms
2023-03-24 17:38:13.126 [SpringContextShutdownHook] INFO  o.s.scheduling.concurrent.ThreadPoolTaskExecutor - Shutting down ExecutorService 'applicationTaskExecutor'
