2021-06-09 14:37:27.883 [main] INFO  com.boot.es.EsApplication - Starting EsApplication using Java 1.8.0_131 on DESKTOP-070P4C6 with PID 15416 (D:\project\code\self_util\muti-scaffold\boot-es\target\classes started by 月月 in D:\project\code\self_util\muti-scaffold)
2021-06-09 14:37:27.890 [main] INFO  com.boot.es.EsApplication - The following profiles are active: dev,elasticsearch
2021-06-09 14:37:29.316 [main] INFO  o.s.boot.web.embedded.tomcat.TomcatWebServer - Tomcat initialized with port(s): 9091 (http)
2021-06-09 14:37:29.328 [main] INFO  org.apache.coyote.http11.Http11NioProtocol - Initializing ProtocolHandler ["http-nio-9091"]
2021-06-09 14:37:29.329 [main] INFO  org.apache.catalina.core.StandardService - Starting service [Tomcat]
2021-06-09 14:37:29.329 [main] INFO  org.apache.catalina.core.StandardEngine - Starting Servlet engine: [Apache Tomcat/9.0.43]
2021-06-09 14:37:29.427 [main] INFO  o.a.c.core.ContainerBase.[Tomcat].[localhost].[/] - Initializing Spring embedded WebApplicationContext
2021-06-09 14:37:29.427 [main] INFO  o.s.b.w.s.c.ServletWebServerApplicationContext - Root WebApplicationContext: initialization completed in 1484 ms
2021-06-09 14:37:30.232 [main] INFO  com.boot.es.common.GlobalObject - elasticsearch信息初始化成功
2021-06-09 14:37:57.921 [main] INFO  o.s.scheduling.concurrent.ThreadPoolTaskExecutor - Initializing ExecutorService 'applicationTaskExecutor'
2021-06-09 14:37:58.213 [main] INFO  org.apache.coyote.http11.Http11NioProtocol - Starting ProtocolHandler ["http-nio-9091"]
2021-06-09 14:37:58.232 [main] INFO  o.s.boot.web.embedded.tomcat.TomcatWebServer - Tomcat started on port(s): 9091 (http) with context path ''
2021-06-09 14:37:58.619 [main] INFO  com.boot.es.EsApplication - Started EsApplication in 31.242 seconds (JVM running for 32.991)
2021-06-09 14:37:58.621 [main] INFO  com.boot.es.EsApplication - 启动成功
2021-06-09 14:54:06.720 [main] INFO  com.boot.es.EsApplication - Starting EsApplication using Java 1.8.0_131 on DESKTOP-070P4C6 with PID 11020 (D:\project\code\self_util\muti-scaffold\boot-es\target\classes started by 月月 in D:\project\code\self_util\muti-scaffold)
2021-06-09 14:54:06.722 [main] INFO  com.boot.es.EsApplication - The following profiles are active: dev,elasticsearch
2021-06-09 14:54:07.973 [main] INFO  o.s.boot.web.embedded.tomcat.TomcatWebServer - Tomcat initialized with port(s): 9091 (http)
2021-06-09 14:54:07.982 [main] INFO  org.apache.coyote.http11.Http11NioProtocol - Initializing ProtocolHandler ["http-nio-9091"]
2021-06-09 14:54:07.983 [main] INFO  org.apache.catalina.core.StandardService - Starting service [Tomcat]
2021-06-09 14:54:07.983 [main] INFO  org.apache.catalina.core.StandardEngine - Starting Servlet engine: [Apache Tomcat/9.0.43]
2021-06-09 14:54:08.061 [main] INFO  o.a.c.core.ContainerBase.[Tomcat].[localhost].[/] - Initializing Spring embedded WebApplicationContext
2021-06-09 14:54:08.061 [main] INFO  o.s.b.w.s.c.ServletWebServerApplicationContext - Root WebApplicationContext: initialization completed in 1289 ms
2021-06-09 14:54:08.775 [main] INFO  com.boot.es.common.GlobalObject - elasticsearch信息初始化成功
2021-06-09 14:54:34.433 [main] INFO  com.boot.es.config.ESConfig - 通用-集群状态:{"cluster_name":"wiscom","status":"green","timed_out":false,"number_of_nodes":1,"number_of_data_nodes":1,"active_primary_shards":301,"active_shards":301,"relocating_shards":0,"initializing_shards":0,"unassigned_shards":0,"delayed_unassigned_shards":0,"number_of_pending_tasks":0,"number_of_in_flight_fetch":0,"task_max_waiting_in_queue_millis":0,"active_shards_percent_as_number":100.0}
2021-06-09 14:54:34.540 [main] INFO  o.s.scheduling.concurrent.ThreadPoolTaskExecutor - Initializing ExecutorService 'applicationTaskExecutor'
2021-06-09 14:54:34.735 [main] INFO  org.apache.coyote.http11.Http11NioProtocol - Starting ProtocolHandler ["http-nio-9091"]
2021-06-09 14:54:34.746 [main] INFO  o.s.boot.web.embedded.tomcat.TomcatWebServer - Tomcat started on port(s): 9091 (http) with context path ''
2021-06-09 14:54:34.805 [http-nio-9091-exec-1] INFO  o.a.c.core.ContainerBase.[Tomcat].[localhost].[/] - Initializing Spring DispatcherServlet 'dispatcherServlet'
2021-06-09 14:54:34.805 [http-nio-9091-exec-1] INFO  org.springframework.web.servlet.DispatcherServlet - Initializing Servlet 'dispatcherServlet'
2021-06-09 14:54:34.807 [http-nio-9091-exec-1] INFO  org.springframework.web.servlet.DispatcherServlet - Completed initialization in 2 ms
2021-06-09 14:54:35.050 [main] INFO  com.boot.es.EsApplication - Started EsApplication in 28.914 seconds (JVM running for 29.929)
2021-06-09 14:54:35.052 [main] INFO  com.boot.es.EsApplication - 启动成功
2021-06-09 14:59:24.595 [main] INFO  com.boot.es.EsApplication - Starting EsApplication using Java 1.8.0_131 on DESKTOP-070P4C6 with PID 9492 (D:\project\code\self_util\muti-scaffold\boot-es\target\classes started by 月月 in D:\project\code\self_util\muti-scaffold)
2021-06-09 14:59:24.607 [main] INFO  com.boot.es.EsApplication - The following profiles are active: dev,elasticsearch
2021-06-09 14:59:25.875 [main] INFO  o.s.boot.web.embedded.tomcat.TomcatWebServer - Tomcat initialized with port(s): 9091 (http)
2021-06-09 14:59:25.884 [main] INFO  org.apache.coyote.http11.Http11NioProtocol - Initializing ProtocolHandler ["http-nio-9091"]
2021-06-09 14:59:25.884 [main] INFO  org.apache.catalina.core.StandardService - Starting service [Tomcat]
2021-06-09 14:59:25.885 [main] INFO  org.apache.catalina.core.StandardEngine - Starting Servlet engine: [Apache Tomcat/9.0.43]
2021-06-09 14:59:25.964 [main] INFO  o.a.c.core.ContainerBase.[Tomcat].[localhost].[/] - Initializing Spring embedded WebApplicationContext
2021-06-09 14:59:25.964 [main] INFO  o.s.b.w.s.c.ServletWebServerApplicationContext - Root WebApplicationContext: initialization completed in 1305 ms
2021-06-09 14:59:26.726 [main] INFO  com.boot.es.common.GlobalObject - elasticsearch信息初始化成功
2021-06-09 15:00:11.307 [main] INFO  com.boot.es.config.ESConfig - 通用-集群状态:{"cluster_name":"wiscom","status":"green","timed_out":false,"number_of_nodes":1,"number_of_data_nodes":1,"active_primary_shards":301,"active_shards":301,"relocating_shards":0,"initializing_shards":0,"unassigned_shards":0,"delayed_unassigned_shards":0,"number_of_pending_tasks":0,"number_of_in_flight_fetch":0,"task_max_waiting_in_queue_millis":0,"active_shards_percent_as_number":100.0}
2021-06-09 15:00:11.419 [main] INFO  o.s.scheduling.concurrent.ThreadPoolTaskExecutor - Initializing ExecutorService 'applicationTaskExecutor'
2021-06-09 15:00:11.603 [main] INFO  org.apache.coyote.http11.Http11NioProtocol - Starting ProtocolHandler ["http-nio-9091"]
2021-06-09 15:00:11.616 [main] INFO  o.s.boot.web.embedded.tomcat.TomcatWebServer - Tomcat started on port(s): 9091 (http) with context path ''
2021-06-09 15:00:11.883 [main] INFO  com.boot.es.EsApplication - Started EsApplication in 47.839 seconds (JVM running for 48.874)
2021-06-09 15:00:11.885 [main] INFO  com.boot.es.EsApplication - 启动成功
2021-06-09 15:00:52.772 [http-nio-9091-exec-1] INFO  o.a.c.core.ContainerBase.[Tomcat].[localhost].[/] - Initializing Spring DispatcherServlet 'dispatcherServlet'
2021-06-09 15:00:52.773 [http-nio-9091-exec-1] INFO  org.springframework.web.servlet.DispatcherServlet - Initializing Servlet 'dispatcherServlet'
2021-06-09 15:00:52.774 [http-nio-9091-exec-1] INFO  org.springframework.web.servlet.DispatcherServlet - Completed initialization in 1 ms
