2022-09-08 11:40:12.044 [main] INFO  com.boot.es.EsApplication - Starting EsApplication using Java 1.8.0_131 on aurora with PID 16532 (D:\project\code\self_util_plugin\scaffold\muti-scaffold\boot-es\target\classes started by yuez in D:\project\code\self_util_plugin\scaffold\muti-scaffold)
2022-09-08 11:40:12.051 [main] INFO  com.boot.es.EsApplication - The following profiles are active: dev,elasticsearch
2022-09-08 11:40:13.290 [main] INFO  o.s.boot.web.embedded.tomcat.TomcatWebServer - Tomcat initialized with port(s): 9091 (http)
2022-09-08 11:40:13.298 [main] INFO  org.apache.coyote.http11.Http11NioProtocol - Initializing ProtocolHandler ["http-nio-9091"]
2022-09-08 11:40:13.298 [main] INFO  org.apache.catalina.core.StandardService - Starting service [Tomcat]
2022-09-08 11:40:13.299 [main] INFO  org.apache.catalina.core.StandardEngine - Starting Servlet engine: [Apache Tomcat/9.0.43]
2022-09-08 11:40:13.387 [main] INFO  o.a.c.core.ContainerBase.[Tomcat].[localhost].[/] - Initializing Spring embedded WebApplicationContext
2022-09-08 11:40:13.387 [main] INFO  o.s.b.w.s.c.ServletWebServerApplicationContext - Root WebApplicationContext: initialization completed in 1265 ms
2022-09-08 11:40:14.226 [main] INFO  com.boot.es.common.GlobalObject - elasticsearch信息初始化成功
2022-09-08 11:40:14.265 [main] INFO  com.boot.es.util.ElasticsearchUtils -  es init data org.elasticsearch.client.RestHighLevelClient@3e74fd84
2022-09-08 11:40:14.265 [main] INFO  com.boot.es.util.ElasticsearchUtils - Elasticsearch初始化配置注入成功！
2022-09-08 11:40:14.850 [main] INFO  com.boot.es.config.ESConfig - 通用-集群状态:{"cluster_name":"wiscom","status":"green","timed_out":false,"number_of_nodes":1,"number_of_data_nodes":1,"active_primary_shards":0,"active_shards":0,"relocating_shards":0,"initializing_shards":0,"unassigned_shards":0,"delayed_unassigned_shards":0,"number_of_pending_tasks":0,"number_of_in_flight_fetch":0,"task_max_waiting_in_queue_millis":0,"active_shards_percent_as_number":100.0}
2022-09-08 11:40:14.947 [main] INFO  o.s.scheduling.concurrent.ThreadPoolTaskExecutor - Initializing ExecutorService 'applicationTaskExecutor'
2022-09-08 11:40:15.126 [main] INFO  org.apache.coyote.http11.Http11NioProtocol - Starting ProtocolHandler ["http-nio-9091"]
2022-09-08 11:40:15.137 [main] INFO  o.s.boot.web.embedded.tomcat.TomcatWebServer - Tomcat started on port(s): 9091 (http) with context path ''
2022-09-08 11:40:15.379 [main] INFO  com.boot.es.EsApplication - Started EsApplication in 3.88 seconds (JVM running for 5.643)
2022-09-08 11:40:15.381 [main] INFO  com.boot.es.EsApplication - 启动成功
2022-09-08 11:40:35.766 [http-nio-9091-exec-1] INFO  o.a.c.core.ContainerBase.[Tomcat].[localhost].[/] - Initializing Spring DispatcherServlet 'dispatcherServlet'
2022-09-08 11:40:35.766 [http-nio-9091-exec-1] INFO  org.springframework.web.servlet.DispatcherServlet - Initializing Servlet 'dispatcherServlet'
2022-09-08 11:40:35.767 [http-nio-9091-exec-1] INFO  org.springframework.web.servlet.DispatcherServlet - Completed initialization in 1 ms
