2024-02-02 11:20:20.589 [main] INFO  com.boot.kafka.KafkaApplication - Starting KafkaApplication using Java 17.0.6 on aurora with PID 4872 (D:\project\code\self_util_plugin\scaffold\muti-scaffold\boot-kafka\target\classes started by yuez in D:\project\code\self_util_plugin\scaffold\muti-scaffold)
2024-02-02 11:20:20.594 [main] INFO  com.boot.kafka.KafkaApplication - The following profiles are active: dev,kafka,business
2024-02-02 11:20:21.679 [main] INFO  o.s.d.r.config.RepositoryConfigurationDelegate - Multiple Spring Data modules found, entering strict repository configuration mode!
2024-02-02 11:20:21.682 [main] INFO  o.s.d.r.config.RepositoryConfigurationDelegate - Bootstrapping Spring Data Redis repositories in DEFAULT mode.
2024-02-02 11:20:21.702 [main] INFO  o.s.d.r.config.RepositoryConfigurationDelegate - Finished Spring Data repository scanning in 6 ms. Found 0 Redis repository interfaces.
2024-02-02 11:20:22.173 [main] INFO  o.s.boot.web.embedded.tomcat.TomcatWebServer - Tomcat initialized with port(s): 9200 (http)
2024-02-02 11:20:22.181 [main] INFO  org.apache.coyote.http11.Http11NioProtocol - Initializing ProtocolHandler ["http-nio-9200"]
2024-02-02 11:20:22.181 [main] INFO  org.apache.catalina.core.StandardService - Starting service [Tomcat]
2024-02-02 11:20:22.181 [main] INFO  org.apache.catalina.core.StandardEngine - Starting Servlet engine: [Apache Tomcat/9.0.43]
2024-02-02 11:20:22.261 [main] INFO  o.a.c.core.ContainerBase.[Tomcat].[localhost].[/] - Initializing Spring embedded WebApplicationContext
2024-02-02 11:20:22.261 [main] INFO  o.s.b.w.s.c.ServletWebServerApplicationContext - Root WebApplicationContext: initialization completed in 1612 ms
2024-02-02 11:20:22.306 [main] INFO  com.boot.kafka.common.GlobalObject - kafka配置读取成功
2024-02-02 11:20:22.335 [main] INFO  org.quartz.impl.StdSchedulerFactory - Using default implementation for ThreadExecutor
2024-02-02 11:20:22.345 [main] INFO  org.quartz.core.SchedulerSignalerImpl - Initialized Scheduler Signaller of type: class org.quartz.core.SchedulerSignalerImpl
2024-02-02 11:20:22.345 [main] INFO  org.quartz.core.QuartzScheduler - Quartz Scheduler v.2.3.2 created.
2024-02-02 11:20:22.346 [main] INFO  org.quartz.simpl.RAMJobStore - RAMJobStore initialized.
2024-02-02 11:20:22.347 [main] INFO  org.quartz.core.QuartzScheduler - Scheduler meta-data: Quartz Scheduler (v2.3.2) 'quartzScheduler' with instanceId 'NON_CLUSTERED'
  Scheduler class: 'org.quartz.core.QuartzScheduler' - running locally.
  NOT STARTED.
  Currently in standby mode.
  Number of jobs executed: 0
  Using thread pool 'org.quartz.simpl.SimpleThreadPool' - with 10 threads.
  Using job-store 'org.quartz.simpl.RAMJobStore' - which does not support persistence. and is not clustered.

2024-02-02 11:20:22.347 [main] INFO  org.quartz.impl.StdSchedulerFactory - Quartz scheduler 'quartzScheduler' initialized from an externally provided properties instance.
2024-02-02 11:20:22.347 [main] INFO  org.quartz.impl.StdSchedulerFactory - Quartz scheduler version: 2.3.2
2024-02-02 11:20:22.347 [main] INFO  org.quartz.core.QuartzScheduler - JobFactory set to: org.springframework.scheduling.quartz.SpringBeanJobFactory@13ca16bf
2024-02-02 11:20:22.347 [main] INFO  org.quartz.core.QuartzScheduler - Scheduler quartzScheduler_$_NON_CLUSTERED started.
2024-02-02 11:20:22.347 [main] INFO  com.boot.kafka.config.task.SchedulerConfig - 调度器启动成功
2024-02-02 11:20:22.351 [main] INFO  com.boot.kafka.config.task.SchedulerConfig - 流任务初始化成功
2024-02-02 11:20:22.360 [quartzScheduler_Worker-1] INFO  com.boot.kafka.config.task.StreamJob - 开始启动kafka的流式操作
2024-02-02 11:20:22.384 [quartzScheduler_Worker-1] INFO  org.apache.kafka.clients.producer.ProducerConfig - ProducerConfig values: 
	acks = all
	batch.size = 16384
	bootstrap.servers = [172.17.112.123:19192]
	buffer.memory = 33554432
	client.id = 
	compression.type = none
	connections.max.idle.ms = 540000
	enable.idempotence = true
	interceptor.classes = []
	key.serializer = class org.apache.kafka.common.serialization.StringSerializer
	linger.ms = 1
	max.block.ms = 60000
	max.in.flight.requests.per.connection = 5
	max.request.size = 1048576
	metadata.max.age.ms = 300000
	metric.reporters = []
	metrics.num.samples = 2
	metrics.recording.level = INFO
	metrics.sample.window.ms = 30000
	partitioner.class = class org.apache.kafka.clients.producer.internals.DefaultPartitioner
	receive.buffer.bytes = 32768
	reconnect.backoff.max.ms = 1000
	reconnect.backoff.ms = 50
	request.timeout.ms = 30000
	retries = 3
	retry.backoff.ms = 100
	sasl.client.callback.handler.class = null
	sasl.jaas.config = null
	sasl.kerberos.kinit.cmd = /usr/bin/kinit
	sasl.kerberos.min.time.before.relogin = 60000
	sasl.kerberos.service.name = null
	sasl.kerberos.ticket.renew.jitter = 0.05
	sasl.kerberos.ticket.renew.window.factor = 0.8
	sasl.login.callback.handler.class = null
	sasl.login.class = null
	sasl.login.refresh.buffer.seconds = 300
	sasl.login.refresh.min.period.seconds = 60
	sasl.login.refresh.window.factor = 0.8
	sasl.login.refresh.window.jitter = 0.05
	sasl.mechanism = GSSAPI
	security.protocol = PLAINTEXT
	send.buffer.bytes = 131072
	ssl.cipher.suites = null
	ssl.enabled.protocols = [TLSv1.2, TLSv1.1, TLSv1]
	ssl.endpoint.identification.algorithm = https
	ssl.key.password = null
	ssl.keymanager.algorithm = SunX509
	ssl.keystore.location = null
	ssl.keystore.password = null
	ssl.keystore.type = JKS
	ssl.protocol = TLS
	ssl.provider = null
	ssl.secure.random.implementation = null
	ssl.trustmanager.algorithm = PKIX
	ssl.truststore.location = null
	ssl.truststore.password = null
	ssl.truststore.type = JKS
	transaction.timeout.ms = 60000
	transactional.id = null
	value.serializer = class org.apache.kafka.common.serialization.StringSerializer

2024-02-02 11:20:22.404 [quartzScheduler_Worker-1] INFO  org.apache.kafka.clients.producer.KafkaProducer - [Producer clientId=producer-1] Instantiated an idempotent producer.
2024-02-02 11:20:22.458 [quartzScheduler_Worker-1] INFO  org.apache.kafka.common.utils.AppInfoParser - Kafka version : 2.0.0
2024-02-02 11:20:22.458 [quartzScheduler_Worker-1] INFO  org.apache.kafka.common.utils.AppInfoParser - Kafka commitId : 3402a8361b734732
2024-02-02 11:20:22.460 [quartzScheduler_Worker-1] INFO  com.boot.kafka.util.KafkaUtil - 等幂模式Kafka生产者初始化成功
2024-02-02 11:20:22.484 [quartzScheduler_Worker-1] INFO  org.apache.kafka.streams.StreamsConfig - StreamsConfig values: 
	application.id = test-ath
	application.server = 
	bootstrap.servers = [172.17.112.123:19192]
	buffered.records.per.partition = 1000
	cache.max.bytes.buffering = 10485760
	client.id = 
	commit.interval.ms = 30000
	connections.max.idle.ms = 540000
	default.deserialization.exception.handler = class org.apache.kafka.streams.errors.LogAndFailExceptionHandler
	default.key.serde = class org.apache.kafka.common.serialization.Serdes$StringSerde
	default.production.exception.handler = class org.apache.kafka.streams.errors.DefaultProductionExceptionHandler
	default.timestamp.extractor = class org.apache.kafka.streams.processor.FailOnInvalidTimestamp
	default.value.serde = class org.apache.kafka.common.serialization.Serdes$StringSerde
	metadata.max.age.ms = 300000
	metric.reporters = []
	metrics.num.samples = 2
	metrics.recording.level = INFO
	metrics.sample.window.ms = 30000
	num.standby.replicas = 0
	num.stream.threads = 1
	partition.grouper = class org.apache.kafka.streams.processor.DefaultPartitionGrouper
	poll.ms = 100
	processing.guarantee = at_least_once
	receive.buffer.bytes = 32768
	reconnect.backoff.max.ms = 1000
	reconnect.backoff.ms = 50
	replication.factor = 1
	request.timeout.ms = 40000
	retries = 0
	retry.backoff.ms = 100
	rocksdb.config.setter = null
	security.protocol = PLAINTEXT
	send.buffer.bytes = 131072
	state.cleanup.delay.ms = 600000
	state.dir = /tmp/kafka-streams
	topology.optimization = none
	upgrade.from = null
	windowstore.changelog.additional.retention.ms = 86400000

2024-02-02 11:20:22.497 [quartzScheduler_Worker-1] INFO  org.apache.kafka.clients.admin.AdminClientConfig - AdminClientConfig values: 
	bootstrap.servers = [172.17.112.123:19192]
	client.id = test-ath-0c75fa47-42fb-4752-ad2c-2485b9ee24dc-admin
	connections.max.idle.ms = 300000
	metadata.max.age.ms = 300000
	metric.reporters = []
	metrics.num.samples = 2
	metrics.recording.level = INFO
	metrics.sample.window.ms = 30000
	receive.buffer.bytes = 65536
	reconnect.backoff.max.ms = 1000
	reconnect.backoff.ms = 50
	request.timeout.ms = 120000
	retries = 5
	retry.backoff.ms = 100
	sasl.client.callback.handler.class = null
	sasl.jaas.config = null
	sasl.kerberos.kinit.cmd = /usr/bin/kinit
	sasl.kerberos.min.time.before.relogin = 60000
	sasl.kerberos.service.name = null
	sasl.kerberos.ticket.renew.jitter = 0.05
	sasl.kerberos.ticket.renew.window.factor = 0.8
	sasl.login.callback.handler.class = null
	sasl.login.class = null
	sasl.login.refresh.buffer.seconds = 300
	sasl.login.refresh.min.period.seconds = 60
	sasl.login.refresh.window.factor = 0.8
	sasl.login.refresh.window.jitter = 0.05
	sasl.mechanism = GSSAPI
	security.protocol = PLAINTEXT
	send.buffer.bytes = 131072
	ssl.cipher.suites = null
	ssl.enabled.protocols = [TLSv1.2, TLSv1.1, TLSv1]
	ssl.endpoint.identification.algorithm = https
	ssl.key.password = null
	ssl.keymanager.algorithm = SunX509
	ssl.keystore.location = null
	ssl.keystore.password = null
	ssl.keystore.type = JKS
	ssl.protocol = TLS
	ssl.provider = null
	ssl.secure.random.implementation = null
	ssl.trustmanager.algorithm = PKIX
	ssl.truststore.location = null
	ssl.truststore.password = null
	ssl.truststore.type = JKS

2024-02-02 11:20:22.509 [quartzScheduler_Worker-1] INFO  org.apache.kafka.common.utils.AppInfoParser - Kafka version : 2.0.0
2024-02-02 11:20:22.509 [quartzScheduler_Worker-1] INFO  org.apache.kafka.common.utils.AppInfoParser - Kafka commitId : 3402a8361b734732
2024-02-02 11:20:22.512 [quartzScheduler_Worker-1] INFO  o.a.kafka.streams.processor.internals.StreamThread - stream-thread [test-ath-0c75fa47-42fb-4752-ad2c-2485b9ee24dc-StreamThread-1] Creating restore consumer client
2024-02-02 11:20:22.514 [quartzScheduler_Worker-1] INFO  org.apache.kafka.clients.consumer.ConsumerConfig - ConsumerConfig values: 
	auto.commit.interval.ms = 5000
	auto.offset.reset = none
	bootstrap.servers = [172.17.112.123:19192]
	check.crcs = true
	client.id = test-ath-0c75fa47-42fb-4752-ad2c-2485b9ee24dc-StreamThread-1-restore-consumer
	connections.max.idle.ms = 540000
	default.api.timeout.ms = 60000
	enable.auto.commit = false
	exclude.internal.topics = true
	fetch.max.bytes = 52428800
	fetch.max.wait.ms = 500
	fetch.min.bytes = 1
	group.id = 
	heartbeat.interval.ms = 3000
	interceptor.classes = []
	internal.leave.group.on.close = false
	isolation.level = read_uncommitted
	key.deserializer = class org.apache.kafka.common.serialization.ByteArrayDeserializer
	max.partition.fetch.bytes = 1048576
	max.poll.interval.ms = 2147483647
	max.poll.records = 1000
	metadata.max.age.ms = 300000
	metric.reporters = []
	metrics.num.samples = 2
	metrics.recording.level = INFO
	metrics.sample.window.ms = 30000
	partition.assignment.strategy = [class org.apache.kafka.clients.consumer.RangeAssignor]
	receive.buffer.bytes = 65536
	reconnect.backoff.max.ms = 1000
	reconnect.backoff.ms = 50
	request.timeout.ms = 30000
	retry.backoff.ms = 100
	sasl.client.callback.handler.class = null
	sasl.jaas.config = null
	sasl.kerberos.kinit.cmd = /usr/bin/kinit
	sasl.kerberos.min.time.before.relogin = 60000
	sasl.kerberos.service.name = null
	sasl.kerberos.ticket.renew.jitter = 0.05
	sasl.kerberos.ticket.renew.window.factor = 0.8
	sasl.login.callback.handler.class = null
	sasl.login.class = null
	sasl.login.refresh.buffer.seconds = 300
	sasl.login.refresh.min.period.seconds = 60
	sasl.login.refresh.window.factor = 0.8
	sasl.login.refresh.window.jitter = 0.05
	sasl.mechanism = GSSAPI
	security.protocol = PLAINTEXT
	send.buffer.bytes = 131072
	session.timeout.ms = 10000
	ssl.cipher.suites = null
	ssl.enabled.protocols = [TLSv1.2, TLSv1.1, TLSv1]
	ssl.endpoint.identification.algorithm = https
	ssl.key.password = null
	ssl.keymanager.algorithm = SunX509
	ssl.keystore.location = null
	ssl.keystore.password = null
	ssl.keystore.type = JKS
	ssl.protocol = TLS
	ssl.provider = null
	ssl.secure.random.implementation = null
	ssl.trustmanager.algorithm = PKIX
	ssl.truststore.location = null
	ssl.truststore.password = null
	ssl.truststore.type = JKS
	value.deserializer = class org.apache.kafka.common.serialization.ByteArrayDeserializer

2024-02-02 11:20:22.538 [quartzScheduler_Worker-1] INFO  org.apache.kafka.common.utils.AppInfoParser - Kafka version : 2.0.0
2024-02-02 11:20:22.538 [quartzScheduler_Worker-1] INFO  org.apache.kafka.common.utils.AppInfoParser - Kafka commitId : 3402a8361b734732
2024-02-02 11:20:22.539 [quartzScheduler_Worker-1] INFO  o.a.kafka.streams.processor.internals.StreamThread - stream-thread [test-ath-0c75fa47-42fb-4752-ad2c-2485b9ee24dc-StreamThread-1] Creating shared producer client
2024-02-02 11:20:22.540 [quartzScheduler_Worker-1] INFO  org.apache.kafka.clients.producer.ProducerConfig - ProducerConfig values: 
	acks = 1
	batch.size = 16384
	bootstrap.servers = [172.17.112.123:19192]
	buffer.memory = 33554432
	client.id = test-ath-0c75fa47-42fb-4752-ad2c-2485b9ee24dc-StreamThread-1-producer
	compression.type = none
	connections.max.idle.ms = 540000
	enable.idempotence = false
	interceptor.classes = []
	key.serializer = class org.apache.kafka.common.serialization.ByteArraySerializer
	linger.ms = 100
	max.block.ms = 60000
	max.in.flight.requests.per.connection = 5
	max.request.size = 1048576
	metadata.max.age.ms = 300000
	metric.reporters = []
	metrics.num.samples = 2
	metrics.recording.level = INFO
	metrics.sample.window.ms = 30000
	partitioner.class = class org.apache.kafka.clients.producer.internals.DefaultPartitioner
	receive.buffer.bytes = 32768
	reconnect.backoff.max.ms = 1000
	reconnect.backoff.ms = 50
	request.timeout.ms = 30000
	retries = 10
	retry.backoff.ms = 100
	sasl.client.callback.handler.class = null
	sasl.jaas.config = null
	sasl.kerberos.kinit.cmd = /usr/bin/kinit
	sasl.kerberos.min.time.before.relogin = 60000
	sasl.kerberos.service.name = null
	sasl.kerberos.ticket.renew.jitter = 0.05
	sasl.kerberos.ticket.renew.window.factor = 0.8
	sasl.login.callback.handler.class = null
	sasl.login.class = null
	sasl.login.refresh.buffer.seconds = 300
	sasl.login.refresh.min.period.seconds = 60
	sasl.login.refresh.window.factor = 0.8
	sasl.login.refresh.window.jitter = 0.05
	sasl.mechanism = GSSAPI
	security.protocol = PLAINTEXT
	send.buffer.bytes = 131072
	ssl.cipher.suites = null
	ssl.enabled.protocols = [TLSv1.2, TLSv1.1, TLSv1]
	ssl.endpoint.identification.algorithm = https
	ssl.key.password = null
	ssl.keymanager.algorithm = SunX509
	ssl.keystore.location = null
	ssl.keystore.password = null
	ssl.keystore.type = JKS
	ssl.protocol = TLS
	ssl.provider = null
	ssl.secure.random.implementation = null
	ssl.trustmanager.algorithm = PKIX
	ssl.truststore.location = null
	ssl.truststore.password = null
	ssl.truststore.type = JKS
	transaction.timeout.ms = 60000
	transactional.id = null
	value.serializer = class org.apache.kafka.common.serialization.ByteArraySerializer

2024-02-02 11:20:22.544 [quartzScheduler_Worker-1] INFO  org.apache.kafka.common.utils.AppInfoParser - Kafka version : 2.0.0
2024-02-02 11:20:22.544 [quartzScheduler_Worker-1] INFO  org.apache.kafka.common.utils.AppInfoParser - Kafka commitId : 3402a8361b734732
2024-02-02 11:20:22.550 [quartzScheduler_Worker-1] INFO  o.a.kafka.streams.processor.internals.StreamThread - stream-thread [test-ath-0c75fa47-42fb-4752-ad2c-2485b9ee24dc-StreamThread-1] Creating consumer client
2024-02-02 11:20:22.551 [quartzScheduler_Worker-1] INFO  org.apache.kafka.clients.admin.AdminClientConfig - AdminClientConfig values: 
	bootstrap.servers = [172.17.112.123:19192]
	client.id = 
	connections.max.idle.ms = 300000
	metadata.max.age.ms = 300000
	metric.reporters = []
	metrics.num.samples = 2
	metrics.recording.level = INFO
	metrics.sample.window.ms = 30000
	receive.buffer.bytes = 65536
	reconnect.backoff.max.ms = 1000
	reconnect.backoff.ms = 50
	request.timeout.ms = 120000
	retries = 5
	retry.backoff.ms = 100
	sasl.client.callback.handler.class = null
	sasl.jaas.config = null
	sasl.kerberos.kinit.cmd = /usr/bin/kinit
	sasl.kerberos.min.time.before.relogin = 60000
	sasl.kerberos.service.name = null
	sasl.kerberos.ticket.renew.jitter = 0.05
	sasl.kerberos.ticket.renew.window.factor = 0.8
	sasl.login.callback.handler.class = null
	sasl.login.class = null
	sasl.login.refresh.buffer.seconds = 300
	sasl.login.refresh.min.period.seconds = 60
	sasl.login.refresh.window.factor = 0.8
	sasl.login.refresh.window.jitter = 0.05
	sasl.mechanism = GSSAPI
	security.protocol = PLAINTEXT
	send.buffer.bytes = 131072
	ssl.cipher.suites = null
	ssl.enabled.protocols = [TLSv1.2, TLSv1.1, TLSv1]
	ssl.endpoint.identification.algorithm = https
	ssl.key.password = null
	ssl.keymanager.algorithm = SunX509
	ssl.keystore.location = null
	ssl.keystore.password = null
	ssl.keystore.type = JKS
	ssl.protocol = TLS
	ssl.provider = null
	ssl.secure.random.implementation = null
	ssl.trustmanager.algorithm = PKIX
	ssl.truststore.location = null
	ssl.truststore.password = null
	ssl.truststore.type = JKS

2024-02-02 11:20:22.551 [quartzScheduler_Worker-1] INFO  org.apache.kafka.clients.consumer.ConsumerConfig - ConsumerConfig values: 
	auto.commit.interval.ms = 5000
	auto.offset.reset = latest
	bootstrap.servers = [172.17.112.123:19192]
	check.crcs = true
	client.id = test-ath-0c75fa47-42fb-4752-ad2c-2485b9ee24dc-StreamThread-1-consumer
	connections.max.idle.ms = 540000
	default.api.timeout.ms = 60000
	enable.auto.commit = false
	exclude.internal.topics = true
	fetch.max.bytes = 52428800
	fetch.max.wait.ms = 500
	fetch.min.bytes = 1
	group.id = test-ath
	heartbeat.interval.ms = 3000
	interceptor.classes = []
	internal.leave.group.on.close = false
	isolation.level = read_uncommitted
	key.deserializer = class org.apache.kafka.common.serialization.ByteArrayDeserializer
	max.partition.fetch.bytes = 1048576
	max.poll.interval.ms = 2147483647
	max.poll.records = 1000
	metadata.max.age.ms = 300000
	metric.reporters = []
	metrics.num.samples = 2
	metrics.recording.level = INFO
	metrics.sample.window.ms = 30000
	partition.assignment.strategy = [org.apache.kafka.streams.processor.internals.StreamsPartitionAssignor]
	receive.buffer.bytes = 65536
	reconnect.backoff.max.ms = 1000
	reconnect.backoff.ms = 50
	request.timeout.ms = 30000
	retry.backoff.ms = 100
	sasl.client.callback.handler.class = null
	sasl.jaas.config = null
	sasl.kerberos.kinit.cmd = /usr/bin/kinit
	sasl.kerberos.min.time.before.relogin = 60000
	sasl.kerberos.service.name = null
	sasl.kerberos.ticket.renew.jitter = 0.05
	sasl.kerberos.ticket.renew.window.factor = 0.8
	sasl.login.callback.handler.class = null
	sasl.login.class = null
	sasl.login.refresh.buffer.seconds = 300
	sasl.login.refresh.min.period.seconds = 60
	sasl.login.refresh.window.factor = 0.8
	sasl.login.refresh.window.jitter = 0.05
	sasl.mechanism = GSSAPI
	security.protocol = PLAINTEXT
	send.buffer.bytes = 131072
	session.timeout.ms = 10000
	ssl.cipher.suites = null
	ssl.enabled.protocols = [TLSv1.2, TLSv1.1, TLSv1]
	ssl.endpoint.identification.algorithm = https
	ssl.key.password = null
	ssl.keymanager.algorithm = SunX509
	ssl.keystore.location = null
	ssl.keystore.password = null
	ssl.keystore.type = JKS
	ssl.protocol = TLS
	ssl.provider = null
	ssl.secure.random.implementation = null
	ssl.trustmanager.algorithm = PKIX
	ssl.truststore.location = null
	ssl.truststore.password = null
	ssl.truststore.type = JKS
	value.deserializer = class org.apache.kafka.common.serialization.ByteArrayDeserializer

2024-02-02 11:20:22.554 [quartzScheduler_Worker-1] INFO  org.apache.kafka.streams.StreamsConfig - StreamsConfig values: 
	application.id = test-ath
	application.server = 
	bootstrap.servers = [172.17.112.123:19192]
	buffered.records.per.partition = 1000
	cache.max.bytes.buffering = 10485760
	client.id = test-ath-0c75fa47-42fb-4752-ad2c-2485b9ee24dc-StreamThread-1-consumer
	commit.interval.ms = 30000
	connections.max.idle.ms = 540000
	default.deserialization.exception.handler = class org.apache.kafka.streams.errors.LogAndFailExceptionHandler
	default.key.serde = class org.apache.kafka.common.serialization.Serdes$ByteArraySerde
	default.production.exception.handler = class org.apache.kafka.streams.errors.DefaultProductionExceptionHandler
	default.timestamp.extractor = class org.apache.kafka.streams.processor.FailOnInvalidTimestamp
	default.value.serde = class org.apache.kafka.common.serialization.Serdes$ByteArraySerde
	metadata.max.age.ms = 300000
	metric.reporters = []
	metrics.num.samples = 2
	metrics.recording.level = INFO
	metrics.sample.window.ms = 30000
	num.standby.replicas = 0
	num.stream.threads = 1
	partition.grouper = class org.apache.kafka.streams.processor.DefaultPartitionGrouper
	poll.ms = 100
	processing.guarantee = at_least_once
	receive.buffer.bytes = 32768
	reconnect.backoff.max.ms = 1000
	reconnect.backoff.ms = 50
	replication.factor = 1
	request.timeout.ms = 40000
	retries = 0
	retry.backoff.ms = 100
	rocksdb.config.setter = null
	security.protocol = PLAINTEXT
	send.buffer.bytes = 131072
	state.cleanup.delay.ms = 600000
	state.dir = /tmp/kafka-streams
	topology.optimization = none
	upgrade.from = null
	windowstore.changelog.additional.retention.ms = 86400000

2024-02-02 11:20:22.555 [quartzScheduler_Worker-1] INFO  org.apache.kafka.clients.admin.AdminClientConfig - AdminClientConfig values: 
	bootstrap.servers = [172.17.112.123:19192]
	client.id = dummy-admin
	connections.max.idle.ms = 300000
	metadata.max.age.ms = 300000
	metric.reporters = []
	metrics.num.samples = 2
	metrics.recording.level = INFO
	metrics.sample.window.ms = 30000
	receive.buffer.bytes = 65536
	reconnect.backoff.max.ms = 1000
	reconnect.backoff.ms = 50
	request.timeout.ms = 120000
	retries = 5
	retry.backoff.ms = 100
	sasl.client.callback.handler.class = null
	sasl.jaas.config = null
	sasl.kerberos.kinit.cmd = /usr/bin/kinit
	sasl.kerberos.min.time.before.relogin = 60000
	sasl.kerberos.service.name = null
	sasl.kerberos.ticket.renew.jitter = 0.05
	sasl.kerberos.ticket.renew.window.factor = 0.8
	sasl.login.callback.handler.class = null
	sasl.login.class = null
	sasl.login.refresh.buffer.seconds = 300
	sasl.login.refresh.min.period.seconds = 60
	sasl.login.refresh.window.factor = 0.8
	sasl.login.refresh.window.jitter = 0.05
	sasl.mechanism = GSSAPI
	security.protocol = PLAINTEXT
	send.buffer.bytes = 131072
	ssl.cipher.suites = null
	ssl.enabled.protocols = [TLSv1.2, TLSv1.1, TLSv1]
	ssl.endpoint.identification.algorithm = https
	ssl.key.password = null
	ssl.keymanager.algorithm = SunX509
	ssl.keystore.location = null
	ssl.keystore.password = null
	ssl.keystore.type = JKS
	ssl.protocol = TLS
	ssl.provider = null
	ssl.secure.random.implementation = null
	ssl.trustmanager.algorithm = PKIX
	ssl.truststore.location = null
	ssl.truststore.password = null
	ssl.truststore.type = JKS

2024-02-02 11:20:22.559 [quartzScheduler_Worker-1] INFO  org.apache.kafka.common.utils.AppInfoParser - Kafka version : 2.0.0
2024-02-02 11:20:22.559 [quartzScheduler_Worker-1] INFO  org.apache.kafka.common.utils.AppInfoParser - Kafka commitId : 3402a8361b734732
2024-02-02 11:20:22.562 [test-ath-0c75fa47-42fb-4752-ad2c-2485b9ee24dc-StreamThread-1] INFO  o.a.kafka.streams.processor.internals.StreamThread - stream-thread [test-ath-0c75fa47-42fb-4752-ad2c-2485b9ee24dc-StreamThread-1] Starting
2024-02-02 11:20:22.563 [quartzScheduler_Worker-1] INFO  org.apache.kafka.streams.KafkaStreams - stream-client [test-ath-0c75fa47-42fb-4752-ad2c-2485b9ee24dc] Started Streams client
2024-02-02 11:20:22.563 [test-ath-0c75fa47-42fb-4752-ad2c-2485b9ee24dc-StreamThread-1] INFO  o.a.kafka.streams.processor.internals.StreamThread - stream-thread [test-ath-0c75fa47-42fb-4752-ad2c-2485b9ee24dc-StreamThread-1] State transition from CREATED to RUNNING
2024-02-02 11:20:23.009 [main] INFO  o.s.scheduling.concurrent.ThreadPoolTaskExecutor - Initializing ExecutorService 'applicationTaskExecutor'
2024-02-02 11:20:23.430 [main] INFO  org.apache.coyote.http11.Http11NioProtocol - Starting ProtocolHandler ["http-nio-9200"]
2024-02-02 11:20:23.442 [main] INFO  o.s.boot.web.embedded.tomcat.TomcatWebServer - Tomcat started on port(s): 9200 (http) with context path ''
2024-02-02 11:20:23.590 [main] INFO  com.boot.kafka.KafkaApplication - Started KafkaApplication in 3.714 seconds (JVM running for 5.327)
2024-02-02 11:20:52.349 [quartzScheduler_Worker-2] INFO  com.boot.kafka.config.task.StreamJob - 开始启动kafka的流式操作
2024-02-02 11:20:52.349 [quartzScheduler_Worker-2] INFO  org.apache.kafka.streams.KafkaStreams - stream-client [test-ath-0c75fa47-42fb-4752-ad2c-2485b9ee24dc] State transition from RUNNING to PENDING_SHUTDOWN
2024-02-02 11:20:52.350 [kafka-streams-close-thread] INFO  o.a.kafka.streams.processor.internals.StreamThread - stream-thread [test-ath-0c75fa47-42fb-4752-ad2c-2485b9ee24dc-StreamThread-1] Informed to shut down
2024-02-02 11:20:52.350 [kafka-streams-close-thread] INFO  o.a.kafka.streams.processor.internals.StreamThread - stream-thread [test-ath-0c75fa47-42fb-4752-ad2c-2485b9ee24dc-StreamThread-1] State transition from RUNNING to PENDING_SHUTDOWN
2024-02-02 11:20:52.387 [test-ath-0c75fa47-42fb-4752-ad2c-2485b9ee24dc-StreamThread-1] INFO  o.a.kafka.streams.processor.internals.StreamThread - stream-thread [test-ath-0c75fa47-42fb-4752-ad2c-2485b9ee24dc-StreamThread-1] Shutting down
2024-02-02 11:20:52.387 [test-ath-0c75fa47-42fb-4752-ad2c-2485b9ee24dc-StreamThread-1] INFO  org.apache.kafka.clients.producer.KafkaProducer - [Producer clientId=test-ath-0c75fa47-42fb-4752-ad2c-2485b9ee24dc-StreamThread-1-producer] Closing the Kafka producer with timeoutMillis = 9223372036854775807 ms.
2024-02-02 11:20:52.390 [test-ath-0c75fa47-42fb-4752-ad2c-2485b9ee24dc-StreamThread-1] INFO  o.a.kafka.streams.processor.internals.StreamThread - stream-thread [test-ath-0c75fa47-42fb-4752-ad2c-2485b9ee24dc-StreamThread-1] State transition from PENDING_SHUTDOWN to DEAD
2024-02-02 11:20:52.390 [test-ath-0c75fa47-42fb-4752-ad2c-2485b9ee24dc-StreamThread-1] INFO  o.a.kafka.streams.processor.internals.StreamThread - stream-thread [test-ath-0c75fa47-42fb-4752-ad2c-2485b9ee24dc-StreamThread-1] Shutdown complete
2024-02-02 11:20:52.393 [kafka-admin-client-thread | test-ath-0c75fa47-42fb-4752-ad2c-2485b9ee24dc-admin] INFO  o.a.k.clients.admin.internals.AdminMetadataManager - [AdminClient clientId=test-ath-0c75fa47-42fb-4752-ad2c-2485b9ee24dc-admin] Metadata update failed
org.apache.kafka.common.errors.TimeoutException: The AdminClient thread has exited.
2024-02-02 11:20:52.393 [kafka-streams-close-thread] INFO  org.apache.kafka.streams.KafkaStreams - stream-client [test-ath-0c75fa47-42fb-4752-ad2c-2485b9ee24dc] State transition from PENDING_SHUTDOWN to NOT_RUNNING
2024-02-02 11:20:52.393 [quartzScheduler_Worker-2] INFO  org.apache.kafka.streams.KafkaStreams - stream-client [test-ath-0c75fa47-42fb-4752-ad2c-2485b9ee24dc] Streams client stopped completely
2024-02-02 11:21:22.350 [quartzScheduler_Worker-3] INFO  com.boot.kafka.config.task.StreamJob - 开始启动kafka的流式操作
2024-02-02 11:21:22.350 [quartzScheduler_Worker-3] INFO  org.apache.kafka.streams.KafkaStreams - stream-client [test-ath-0c75fa47-42fb-4752-ad2c-2485b9ee24dc] Already in the pending shutdown state, wait to complete shutdown
2024-02-02 11:21:22.350 [quartzScheduler_Worker-3] INFO  org.apache.kafka.streams.KafkaStreams - stream-client [test-ath-0c75fa47-42fb-4752-ad2c-2485b9ee24dc] Streams client stopped completely
2024-02-02 11:21:52.349 [quartzScheduler_Worker-4] INFO  com.boot.kafka.config.task.StreamJob - 开始启动kafka的流式操作
2024-02-02 11:21:52.349 [quartzScheduler_Worker-4] INFO  org.apache.kafka.streams.KafkaStreams - stream-client [test-ath-0c75fa47-42fb-4752-ad2c-2485b9ee24dc] Already in the pending shutdown state, wait to complete shutdown
2024-02-02 11:21:52.349 [quartzScheduler_Worker-4] INFO  org.apache.kafka.streams.KafkaStreams - stream-client [test-ath-0c75fa47-42fb-4752-ad2c-2485b9ee24dc] Streams client stopped completely
2024-02-02 11:22:21.326 [http-nio-9200-exec-1] INFO  o.a.c.core.ContainerBase.[Tomcat].[localhost].[/] - Initializing Spring DispatcherServlet 'dispatcherServlet'
2024-02-02 11:22:21.326 [http-nio-9200-exec-1] INFO  org.springframework.web.servlet.DispatcherServlet - Initializing Servlet 'dispatcherServlet'
2024-02-02 11:22:21.326 [http-nio-9200-exec-1] INFO  org.springframework.web.servlet.DispatcherServlet - Completed initialization in 0 ms
2024-02-02 11:22:22.357 [quartzScheduler_Worker-5] INFO  com.boot.kafka.config.task.StreamJob - 开始启动kafka的流式操作
2024-02-02 11:22:22.357 [quartzScheduler_Worker-5] INFO  org.apache.kafka.streams.KafkaStreams - stream-client [test-ath-0c75fa47-42fb-4752-ad2c-2485b9ee24dc] Already in the pending shutdown state, wait to complete shutdown
2024-02-02 11:22:22.357 [quartzScheduler_Worker-5] INFO  org.apache.kafka.streams.KafkaStreams - stream-client [test-ath-0c75fa47-42fb-4752-ad2c-2485b9ee24dc] Streams client stopped completely
2024-02-02 11:22:52.349 [quartzScheduler_Worker-6] INFO  com.boot.kafka.config.task.StreamJob - 开始启动kafka的流式操作
2024-02-02 11:22:52.349 [quartzScheduler_Worker-6] INFO  org.apache.kafka.streams.KafkaStreams - stream-client [test-ath-0c75fa47-42fb-4752-ad2c-2485b9ee24dc] Already in the pending shutdown state, wait to complete shutdown
2024-02-02 11:22:52.349 [quartzScheduler_Worker-6] INFO  org.apache.kafka.streams.KafkaStreams - stream-client [test-ath-0c75fa47-42fb-4752-ad2c-2485b9ee24dc] Streams client stopped completely
2024-02-02 11:23:22.364 [quartzScheduler_Worker-7] INFO  com.boot.kafka.config.task.StreamJob - 开始启动kafka的流式操作
2024-02-02 11:23:22.364 [quartzScheduler_Worker-7] INFO  org.apache.kafka.streams.KafkaStreams - stream-client [test-ath-0c75fa47-42fb-4752-ad2c-2485b9ee24dc] Already in the pending shutdown state, wait to complete shutdown
2024-02-02 11:23:22.364 [quartzScheduler_Worker-7] INFO  org.apache.kafka.streams.KafkaStreams - stream-client [test-ath-0c75fa47-42fb-4752-ad2c-2485b9ee24dc] Streams client stopped completely
2024-02-02 11:23:52.349 [quartzScheduler_Worker-8] INFO  com.boot.kafka.config.task.StreamJob - 开始启动kafka的流式操作
2024-02-02 11:23:52.349 [quartzScheduler_Worker-8] INFO  org.apache.kafka.streams.KafkaStreams - stream-client [test-ath-0c75fa47-42fb-4752-ad2c-2485b9ee24dc] Already in the pending shutdown state, wait to complete shutdown
2024-02-02 11:23:52.349 [quartzScheduler_Worker-8] INFO  org.apache.kafka.streams.KafkaStreams - stream-client [test-ath-0c75fa47-42fb-4752-ad2c-2485b9ee24dc] Streams client stopped completely
2024-02-02 11:24:22.350 [quartzScheduler_Worker-9] INFO  com.boot.kafka.config.task.StreamJob - 开始启动kafka的流式操作
2024-02-02 11:24:22.350 [quartzScheduler_Worker-9] INFO  org.apache.kafka.streams.KafkaStreams - stream-client [test-ath-0c75fa47-42fb-4752-ad2c-2485b9ee24dc] Already in the pending shutdown state, wait to complete shutdown
2024-02-02 11:24:22.350 [quartzScheduler_Worker-9] INFO  org.apache.kafka.streams.KafkaStreams - stream-client [test-ath-0c75fa47-42fb-4752-ad2c-2485b9ee24dc] Streams client stopped completely
2024-02-02 11:24:52.349 [quartzScheduler_Worker-10] INFO  com.boot.kafka.config.task.StreamJob - 开始启动kafka的流式操作
2024-02-02 11:24:52.349 [quartzScheduler_Worker-10] INFO  org.apache.kafka.streams.KafkaStreams - stream-client [test-ath-0c75fa47-42fb-4752-ad2c-2485b9ee24dc] Already in the pending shutdown state, wait to complete shutdown
2024-02-02 11:24:52.349 [quartzScheduler_Worker-10] INFO  org.apache.kafka.streams.KafkaStreams - stream-client [test-ath-0c75fa47-42fb-4752-ad2c-2485b9ee24dc] Streams client stopped completely
2024-02-02 11:25:22.364 [quartzScheduler_Worker-1] INFO  com.boot.kafka.config.task.StreamJob - 开始启动kafka的流式操作
2024-02-02 11:25:22.364 [quartzScheduler_Worker-1] INFO  org.apache.kafka.streams.KafkaStreams - stream-client [test-ath-0c75fa47-42fb-4752-ad2c-2485b9ee24dc] Already in the pending shutdown state, wait to complete shutdown
2024-02-02 11:25:22.364 [quartzScheduler_Worker-1] INFO  org.apache.kafka.streams.KafkaStreams - stream-client [test-ath-0c75fa47-42fb-4752-ad2c-2485b9ee24dc] Streams client stopped completely
2024-02-02 11:25:52.350 [quartzScheduler_Worker-2] INFO  com.boot.kafka.config.task.StreamJob - 开始启动kafka的流式操作
2024-02-02 11:25:52.350 [quartzScheduler_Worker-2] INFO  org.apache.kafka.streams.KafkaStreams - stream-client [test-ath-0c75fa47-42fb-4752-ad2c-2485b9ee24dc] Already in the pending shutdown state, wait to complete shutdown
2024-02-02 11:25:52.350 [quartzScheduler_Worker-2] INFO  org.apache.kafka.streams.KafkaStreams - stream-client [test-ath-0c75fa47-42fb-4752-ad2c-2485b9ee24dc] Streams client stopped completely
2024-02-02 11:26:22.350 [quartzScheduler_Worker-3] INFO  com.boot.kafka.config.task.StreamJob - 开始启动kafka的流式操作
2024-02-02 11:26:22.350 [quartzScheduler_Worker-3] INFO  org.apache.kafka.streams.KafkaStreams - stream-client [test-ath-0c75fa47-42fb-4752-ad2c-2485b9ee24dc] Already in the pending shutdown state, wait to complete shutdown
2024-02-02 11:26:22.350 [quartzScheduler_Worker-3] INFO  org.apache.kafka.streams.KafkaStreams - stream-client [test-ath-0c75fa47-42fb-4752-ad2c-2485b9ee24dc] Streams client stopped completely
2024-02-02 11:26:52.349 [quartzScheduler_Worker-4] INFO  com.boot.kafka.config.task.StreamJob - 开始启动kafka的流式操作
2024-02-02 11:26:52.349 [quartzScheduler_Worker-4] INFO  org.apache.kafka.streams.KafkaStreams - stream-client [test-ath-0c75fa47-42fb-4752-ad2c-2485b9ee24dc] Already in the pending shutdown state, wait to complete shutdown
2024-02-02 11:26:52.349 [quartzScheduler_Worker-4] INFO  org.apache.kafka.streams.KafkaStreams - stream-client [test-ath-0c75fa47-42fb-4752-ad2c-2485b9ee24dc] Streams client stopped completely
2024-02-02 11:27:22.349 [quartzScheduler_Worker-5] INFO  com.boot.kafka.config.task.StreamJob - 开始启动kafka的流式操作
2024-02-02 11:27:22.349 [quartzScheduler_Worker-5] INFO  org.apache.kafka.streams.KafkaStreams - stream-client [test-ath-0c75fa47-42fb-4752-ad2c-2485b9ee24dc] Already in the pending shutdown state, wait to complete shutdown
2024-02-02 11:27:22.349 [quartzScheduler_Worker-5] INFO  org.apache.kafka.streams.KafkaStreams - stream-client [test-ath-0c75fa47-42fb-4752-ad2c-2485b9ee24dc] Streams client stopped completely
2024-02-02 11:27:52.353 [quartzScheduler_Worker-6] INFO  com.boot.kafka.config.task.StreamJob - 开始启动kafka的流式操作
2024-02-02 11:27:52.354 [quartzScheduler_Worker-6] INFO  org.apache.kafka.streams.KafkaStreams - stream-client [test-ath-0c75fa47-42fb-4752-ad2c-2485b9ee24dc] Already in the pending shutdown state, wait to complete shutdown
2024-02-02 11:27:52.354 [quartzScheduler_Worker-6] INFO  org.apache.kafka.streams.KafkaStreams - stream-client [test-ath-0c75fa47-42fb-4752-ad2c-2485b9ee24dc] Streams client stopped completely
2024-02-02 11:28:22.350 [quartzScheduler_Worker-7] INFO  com.boot.kafka.config.task.StreamJob - 开始启动kafka的流式操作
2024-02-02 11:28:22.350 [quartzScheduler_Worker-7] INFO  org.apache.kafka.streams.KafkaStreams - stream-client [test-ath-0c75fa47-42fb-4752-ad2c-2485b9ee24dc] Already in the pending shutdown state, wait to complete shutdown
2024-02-02 11:28:22.350 [quartzScheduler_Worker-7] INFO  org.apache.kafka.streams.KafkaStreams - stream-client [test-ath-0c75fa47-42fb-4752-ad2c-2485b9ee24dc] Streams client stopped completely
2024-02-02 11:28:52.350 [quartzScheduler_Worker-8] INFO  com.boot.kafka.config.task.StreamJob - 开始启动kafka的流式操作
2024-02-02 11:28:52.350 [quartzScheduler_Worker-8] INFO  org.apache.kafka.streams.KafkaStreams - stream-client [test-ath-0c75fa47-42fb-4752-ad2c-2485b9ee24dc] Already in the pending shutdown state, wait to complete shutdown
2024-02-02 11:28:52.350 [quartzScheduler_Worker-8] INFO  org.apache.kafka.streams.KafkaStreams - stream-client [test-ath-0c75fa47-42fb-4752-ad2c-2485b9ee24dc] Streams client stopped completely
2024-02-02 11:29:22.350 [quartzScheduler_Worker-9] INFO  com.boot.kafka.config.task.StreamJob - 开始启动kafka的流式操作
2024-02-02 11:29:22.350 [quartzScheduler_Worker-9] INFO  org.apache.kafka.streams.KafkaStreams - stream-client [test-ath-0c75fa47-42fb-4752-ad2c-2485b9ee24dc] Already in the pending shutdown state, wait to complete shutdown
2024-02-02 11:29:22.350 [quartzScheduler_Worker-9] INFO  org.apache.kafka.streams.KafkaStreams - stream-client [test-ath-0c75fa47-42fb-4752-ad2c-2485b9ee24dc] Streams client stopped completely
2024-02-02 11:29:52.349 [quartzScheduler_Worker-10] INFO  com.boot.kafka.config.task.StreamJob - 开始启动kafka的流式操作
2024-02-02 11:29:52.349 [quartzScheduler_Worker-10] INFO  org.apache.kafka.streams.KafkaStreams - stream-client [test-ath-0c75fa47-42fb-4752-ad2c-2485b9ee24dc] Already in the pending shutdown state, wait to complete shutdown
2024-02-02 11:29:52.349 [quartzScheduler_Worker-10] INFO  org.apache.kafka.streams.KafkaStreams - stream-client [test-ath-0c75fa47-42fb-4752-ad2c-2485b9ee24dc] Streams client stopped completely
2024-02-02 11:30:22.363 [quartzScheduler_Worker-1] INFO  com.boot.kafka.config.task.StreamJob - 开始启动kafka的流式操作
2024-02-02 11:30:22.363 [quartzScheduler_Worker-1] INFO  org.apache.kafka.streams.KafkaStreams - stream-client [test-ath-0c75fa47-42fb-4752-ad2c-2485b9ee24dc] Already in the pending shutdown state, wait to complete shutdown
2024-02-02 11:30:22.363 [quartzScheduler_Worker-1] INFO  org.apache.kafka.streams.KafkaStreams - stream-client [test-ath-0c75fa47-42fb-4752-ad2c-2485b9ee24dc] Streams client stopped completely
2024-02-02 11:30:52.350 [quartzScheduler_Worker-2] INFO  com.boot.kafka.config.task.StreamJob - 开始启动kafka的流式操作
2024-02-02 11:30:52.350 [quartzScheduler_Worker-2] INFO  org.apache.kafka.streams.KafkaStreams - stream-client [test-ath-0c75fa47-42fb-4752-ad2c-2485b9ee24dc] Already in the pending shutdown state, wait to complete shutdown
2024-02-02 11:30:52.350 [quartzScheduler_Worker-2] INFO  org.apache.kafka.streams.KafkaStreams - stream-client [test-ath-0c75fa47-42fb-4752-ad2c-2485b9ee24dc] Streams client stopped completely
2024-02-02 11:31:22.349 [quartzScheduler_Worker-3] INFO  com.boot.kafka.config.task.StreamJob - 开始启动kafka的流式操作
2024-02-02 11:31:22.349 [quartzScheduler_Worker-3] INFO  org.apache.kafka.streams.KafkaStreams - stream-client [test-ath-0c75fa47-42fb-4752-ad2c-2485b9ee24dc] Already in the pending shutdown state, wait to complete shutdown
2024-02-02 11:31:22.349 [quartzScheduler_Worker-3] INFO  org.apache.kafka.streams.KafkaStreams - stream-client [test-ath-0c75fa47-42fb-4752-ad2c-2485b9ee24dc] Streams client stopped completely
2024-02-02 11:31:52.363 [quartzScheduler_Worker-4] INFO  com.boot.kafka.config.task.StreamJob - 开始启动kafka的流式操作
2024-02-02 11:31:52.363 [quartzScheduler_Worker-4] INFO  org.apache.kafka.streams.KafkaStreams - stream-client [test-ath-0c75fa47-42fb-4752-ad2c-2485b9ee24dc] Already in the pending shutdown state, wait to complete shutdown
2024-02-02 11:31:52.363 [quartzScheduler_Worker-4] INFO  org.apache.kafka.streams.KafkaStreams - stream-client [test-ath-0c75fa47-42fb-4752-ad2c-2485b9ee24dc] Streams client stopped completely
2024-02-02 11:32:22.350 [quartzScheduler_Worker-5] INFO  com.boot.kafka.config.task.StreamJob - 开始启动kafka的流式操作
2024-02-02 11:32:22.350 [quartzScheduler_Worker-5] INFO  org.apache.kafka.streams.KafkaStreams - stream-client [test-ath-0c75fa47-42fb-4752-ad2c-2485b9ee24dc] Already in the pending shutdown state, wait to complete shutdown
2024-02-02 11:32:22.350 [quartzScheduler_Worker-5] INFO  org.apache.kafka.streams.KafkaStreams - stream-client [test-ath-0c75fa47-42fb-4752-ad2c-2485b9ee24dc] Streams client stopped completely
2024-02-02 11:32:52.349 [quartzScheduler_Worker-6] INFO  com.boot.kafka.config.task.StreamJob - 开始启动kafka的流式操作
2024-02-02 11:32:52.349 [quartzScheduler_Worker-6] INFO  org.apache.kafka.streams.KafkaStreams - stream-client [test-ath-0c75fa47-42fb-4752-ad2c-2485b9ee24dc] Already in the pending shutdown state, wait to complete shutdown
2024-02-02 11:32:52.349 [quartzScheduler_Worker-6] INFO  org.apache.kafka.streams.KafkaStreams - stream-client [test-ath-0c75fa47-42fb-4752-ad2c-2485b9ee24dc] Streams client stopped completely
2024-02-02 11:33:22.364 [quartzScheduler_Worker-7] INFO  com.boot.kafka.config.task.StreamJob - 开始启动kafka的流式操作
2024-02-02 11:33:22.364 [quartzScheduler_Worker-7] INFO  org.apache.kafka.streams.KafkaStreams - stream-client [test-ath-0c75fa47-42fb-4752-ad2c-2485b9ee24dc] Already in the pending shutdown state, wait to complete shutdown
2024-02-02 11:33:22.364 [quartzScheduler_Worker-7] INFO  org.apache.kafka.streams.KafkaStreams - stream-client [test-ath-0c75fa47-42fb-4752-ad2c-2485b9ee24dc] Streams client stopped completely
2024-02-02 11:33:52.354 [quartzScheduler_Worker-8] INFO  com.boot.kafka.config.task.StreamJob - 开始启动kafka的流式操作
2024-02-02 11:33:52.354 [quartzScheduler_Worker-8] INFO  org.apache.kafka.streams.KafkaStreams - stream-client [test-ath-0c75fa47-42fb-4752-ad2c-2485b9ee24dc] Already in the pending shutdown state, wait to complete shutdown
2024-02-02 11:33:52.354 [quartzScheduler_Worker-8] INFO  org.apache.kafka.streams.KafkaStreams - stream-client [test-ath-0c75fa47-42fb-4752-ad2c-2485b9ee24dc] Streams client stopped completely
2024-02-02 11:34:22.360 [quartzScheduler_Worker-9] INFO  com.boot.kafka.config.task.StreamJob - 开始启动kafka的流式操作
2024-02-02 11:34:22.360 [quartzScheduler_Worker-9] INFO  org.apache.kafka.streams.KafkaStreams - stream-client [test-ath-0c75fa47-42fb-4752-ad2c-2485b9ee24dc] Already in the pending shutdown state, wait to complete shutdown
2024-02-02 11:34:22.360 [quartzScheduler_Worker-9] INFO  org.apache.kafka.streams.KafkaStreams - stream-client [test-ath-0c75fa47-42fb-4752-ad2c-2485b9ee24dc] Streams client stopped completely
2024-02-02 11:34:52.350 [quartzScheduler_Worker-10] INFO  com.boot.kafka.config.task.StreamJob - 开始启动kafka的流式操作
2024-02-02 11:34:52.350 [quartzScheduler_Worker-10] INFO  org.apache.kafka.streams.KafkaStreams - stream-client [test-ath-0c75fa47-42fb-4752-ad2c-2485b9ee24dc] Already in the pending shutdown state, wait to complete shutdown
2024-02-02 11:34:52.350 [quartzScheduler_Worker-10] INFO  org.apache.kafka.streams.KafkaStreams - stream-client [test-ath-0c75fa47-42fb-4752-ad2c-2485b9ee24dc] Streams client stopped completely
2024-02-02 11:35:22.349 [quartzScheduler_Worker-1] INFO  com.boot.kafka.config.task.StreamJob - 开始启动kafka的流式操作
2024-02-02 11:35:22.349 [quartzScheduler_Worker-1] INFO  org.apache.kafka.streams.KafkaStreams - stream-client [test-ath-0c75fa47-42fb-4752-ad2c-2485b9ee24dc] Already in the pending shutdown state, wait to complete shutdown
2024-02-02 11:35:22.349 [quartzScheduler_Worker-1] INFO  org.apache.kafka.streams.KafkaStreams - stream-client [test-ath-0c75fa47-42fb-4752-ad2c-2485b9ee24dc] Streams client stopped completely
2024-02-02 11:35:52.351 [quartzScheduler_Worker-2] INFO  com.boot.kafka.config.task.StreamJob - 开始启动kafka的流式操作
2024-02-02 11:35:52.351 [quartzScheduler_Worker-2] INFO  org.apache.kafka.streams.KafkaStreams - stream-client [test-ath-0c75fa47-42fb-4752-ad2c-2485b9ee24dc] Already in the pending shutdown state, wait to complete shutdown
2024-02-02 11:35:52.351 [quartzScheduler_Worker-2] INFO  org.apache.kafka.streams.KafkaStreams - stream-client [test-ath-0c75fa47-42fb-4752-ad2c-2485b9ee24dc] Streams client stopped completely
2024-02-02 11:36:22.349 [quartzScheduler_Worker-3] INFO  com.boot.kafka.config.task.StreamJob - 开始启动kafka的流式操作
2024-02-02 11:36:22.349 [quartzScheduler_Worker-3] INFO  org.apache.kafka.streams.KafkaStreams - stream-client [test-ath-0c75fa47-42fb-4752-ad2c-2485b9ee24dc] Already in the pending shutdown state, wait to complete shutdown
2024-02-02 11:36:22.349 [quartzScheduler_Worker-3] INFO  org.apache.kafka.streams.KafkaStreams - stream-client [test-ath-0c75fa47-42fb-4752-ad2c-2485b9ee24dc] Streams client stopped completely
2024-02-02 11:36:31.753 [SpringContextShutdownHook] INFO  org.quartz.core.QuartzScheduler - Scheduler quartzScheduler_$_NON_CLUSTERED paused.
