2024-02-02 11:20:20.809 [background-preinit] WARN  o.s.h.converter.json.Jackson2ObjectMapperBuilder - For Jackson Kotlin classes support please add "com.fasterxml.jackson.module:jackson-module-kotlin" to the classpath
2024-02-02 11:20:22.556 [quartzScheduler_Worker-1] WARN  org.apache.kafka.clients.consumer.ConsumerConfig - The configuration 'admin.retries' was supplied but isn't a known config.
2024-02-02 11:20:23.110 [main] WARN  o.s.b.a.t.ThymeleafAutoConfiguration$DefaultTemplateResolverConfiguration - Cannot find template location: classpath:/templates/ (please add some templates or check your Thymeleaf configuration)
2024-02-02 11:20:24.492 [kafka-producer-network-thread | producer-1] WARN  org.apache.kafka.clients.NetworkClient - [Producer clientId=producer-1] Connection to node -1 could not be established. Broker may not be available.
2024-02-02 11:20:24.553 [kafka-admin-client-thread | test-ath-0c75fa47-42fb-4752-ad2c-2485b9ee24dc-admin] WARN  org.apache.kafka.clients.NetworkClient - [AdminClient clientId=test-ath-0c75fa47-42fb-4752-ad2c-2485b9ee24dc-admin] Connection to node -1 could not be established. Broker may not be available.
2024-02-02 11:20:24.725 [test-ath-0c75fa47-42fb-4752-ad2c-2485b9ee24dc-StreamThread-1] WARN  org.apache.kafka.clients.NetworkClient - [Consumer clientId=test-ath-0c75fa47-42fb-4752-ad2c-2485b9ee24dc-StreamThread-1-consumer, groupId=test-ath] Connection to node -1 could not be established. Broker may not be available.
2024-02-02 11:20:26.634 [kafka-producer-network-thread | producer-1] WARN  org.apache.kafka.clients.NetworkClient - [Producer clientId=producer-1] Connection to node -1 could not be established. Broker may not be available.
2024-02-02 11:20:26.681 [kafka-admin-client-thread | test-ath-0c75fa47-42fb-4752-ad2c-2485b9ee24dc-admin] WARN  org.apache.kafka.clients.NetworkClient - [AdminClient clientId=test-ath-0c75fa47-42fb-4752-ad2c-2485b9ee24dc-admin] Connection to node -1 could not be established. Broker may not be available.
2024-02-02 11:20:26.807 [test-ath-0c75fa47-42fb-4752-ad2c-2485b9ee24dc-StreamThread-1] WARN  org.apache.kafka.clients.NetworkClient - [Consumer clientId=test-ath-0c75fa47-42fb-4752-ad2c-2485b9ee24dc-StreamThread-1-consumer, groupId=test-ath] Connection to node -1 could not be established. Broker may not be available.
2024-02-02 11:20:28.757 [kafka-producer-network-thread | producer-1] WARN  org.apache.kafka.clients.NetworkClient - [Producer clientId=producer-1] Connection to node -1 could not be established. Broker may not be available.
2024-02-02 11:20:28.915 [kafka-admin-client-thread | test-ath-0c75fa47-42fb-4752-ad2c-2485b9ee24dc-admin] WARN  org.apache.kafka.clients.NetworkClient - [AdminClient clientId=test-ath-0c75fa47-42fb-4752-ad2c-2485b9ee24dc-admin] Connection to node -1 could not be established. Broker may not be available.
2024-02-02 11:20:28.978 [test-ath-0c75fa47-42fb-4752-ad2c-2485b9ee24dc-StreamThread-1] WARN  org.apache.kafka.clients.NetworkClient - [Consumer clientId=test-ath-0c75fa47-42fb-4752-ad2c-2485b9ee24dc-StreamThread-1-consumer, groupId=test-ath] Connection to node -1 could not be established. Broker may not be available.
2024-02-02 11:20:31.099 [kafka-producer-network-thread | producer-1] WARN  org.apache.kafka.clients.NetworkClient - [Producer clientId=producer-1] Connection to node -1 could not be established. Broker may not be available.
2024-02-02 11:20:31.193 [test-ath-0c75fa47-42fb-4752-ad2c-2485b9ee24dc-StreamThread-1] WARN  org.apache.kafka.clients.NetworkClient - [Consumer clientId=test-ath-0c75fa47-42fb-4752-ad2c-2485b9ee24dc-StreamThread-1-consumer, groupId=test-ath] Connection to node -1 could not be established. Broker may not be available.
2024-02-02 11:20:31.239 [kafka-admin-client-thread | test-ath-0c75fa47-42fb-4752-ad2c-2485b9ee24dc-admin] WARN  org.apache.kafka.clients.NetworkClient - [AdminClient clientId=test-ath-0c75fa47-42fb-4752-ad2c-2485b9ee24dc-admin] Connection to node -1 could not be established. Broker may not be available.
2024-02-02 11:20:33.648 [kafka-producer-network-thread | producer-1] WARN  org.apache.kafka.clients.NetworkClient - [Producer clientId=producer-1] Connection to node -1 could not be established. Broker may not be available.
2024-02-02 11:20:33.741 [test-ath-0c75fa47-42fb-4752-ad2c-2485b9ee24dc-StreamThread-1] WARN  org.apache.kafka.clients.NetworkClient - [Consumer clientId=test-ath-0c75fa47-42fb-4752-ad2c-2485b9ee24dc-StreamThread-1-consumer, groupId=test-ath] Connection to node -1 could not be established. Broker may not be available.
2024-02-02 11:20:33.786 [kafka-admin-client-thread | test-ath-0c75fa47-42fb-4752-ad2c-2485b9ee24dc-admin] WARN  org.apache.kafka.clients.NetworkClient - [AdminClient clientId=test-ath-0c75fa47-42fb-4752-ad2c-2485b9ee24dc-admin] Connection to node -1 could not be established. Broker may not be available.
2024-02-02 11:20:36.387 [kafka-producer-network-thread | producer-1] WARN  org.apache.kafka.clients.NetworkClient - [Producer clientId=producer-1] Connection to node -1 could not be established. Broker may not be available.
2024-02-02 11:20:36.657 [test-ath-0c75fa47-42fb-4752-ad2c-2485b9ee24dc-StreamThread-1] WARN  org.apache.kafka.clients.NetworkClient - [Consumer clientId=test-ath-0c75fa47-42fb-4752-ad2c-2485b9ee24dc-StreamThread-1-consumer, groupId=test-ath] Connection to node -1 could not be established. Broker may not be available.
2024-02-02 11:20:36.837 [kafka-admin-client-thread | test-ath-0c75fa47-42fb-4752-ad2c-2485b9ee24dc-admin] WARN  org.apache.kafka.clients.NetworkClient - [AdminClient clientId=test-ath-0c75fa47-42fb-4752-ad2c-2485b9ee24dc-admin] Connection to node -1 could not be established. Broker may not be available.
2024-02-02 11:20:39.623 [kafka-producer-network-thread | producer-1] WARN  org.apache.kafka.clients.NetworkClient - [Producer clientId=producer-1] Connection to node -1 could not be established. Broker may not be available.
2024-02-02 11:20:39.654 [test-ath-0c75fa47-42fb-4752-ad2c-2485b9ee24dc-StreamThread-1] WARN  org.apache.kafka.clients.NetworkClient - [Consumer clientId=test-ath-0c75fa47-42fb-4752-ad2c-2485b9ee24dc-StreamThread-1-consumer, groupId=test-ath] Connection to node -1 could not be established. Broker may not be available.
2024-02-02 11:20:39.873 [kafka-admin-client-thread | test-ath-0c75fa47-42fb-4752-ad2c-2485b9ee24dc-admin] WARN  org.apache.kafka.clients.NetworkClient - [AdminClient clientId=test-ath-0c75fa47-42fb-4752-ad2c-2485b9ee24dc-admin] Connection to node -1 could not be established. Broker may not be available.
2024-02-02 11:20:42.673 [kafka-producer-network-thread | producer-1] WARN  org.apache.kafka.clients.NetworkClient - [Producer clientId=producer-1] Connection to node -1 could not be established. Broker may not be available.
2024-02-02 11:20:42.814 [test-ath-0c75fa47-42fb-4752-ad2c-2485b9ee24dc-StreamThread-1] WARN  org.apache.kafka.clients.NetworkClient - [Consumer clientId=test-ath-0c75fa47-42fb-4752-ad2c-2485b9ee24dc-StreamThread-1-consumer, groupId=test-ath] Connection to node -1 could not be established. Broker may not be available.
2024-02-02 11:20:42.924 [kafka-admin-client-thread | test-ath-0c75fa47-42fb-4752-ad2c-2485b9ee24dc-admin] WARN  org.apache.kafka.clients.NetworkClient - [AdminClient clientId=test-ath-0c75fa47-42fb-4752-ad2c-2485b9ee24dc-admin] Connection to node -1 could not be established. Broker may not be available.
2024-02-02 11:20:45.717 [kafka-producer-network-thread | producer-1] WARN  org.apache.kafka.clients.NetworkClient - [Producer clientId=producer-1] Connection to node -1 could not be established. Broker may not be available.
2024-02-02 11:20:45.748 [test-ath-0c75fa47-42fb-4752-ad2c-2485b9ee24dc-StreamThread-1] WARN  org.apache.kafka.clients.NetworkClient - [Consumer clientId=test-ath-0c75fa47-42fb-4752-ad2c-2485b9ee24dc-StreamThread-1-consumer, groupId=test-ath] Connection to node -1 could not be established. Broker may not be available.
2024-02-02 11:20:45.858 [kafka-admin-client-thread | test-ath-0c75fa47-42fb-4752-ad2c-2485b9ee24dc-admin] WARN  org.apache.kafka.clients.NetworkClient - [AdminClient clientId=test-ath-0c75fa47-42fb-4752-ad2c-2485b9ee24dc-admin] Connection to node -1 could not be established. Broker may not be available.
2024-02-02 11:20:48.660 [kafka-producer-network-thread | producer-1] WARN  org.apache.kafka.clients.NetworkClient - [Producer clientId=producer-1] Connection to node -1 could not be established. Broker may not be available.
2024-02-02 11:20:49.017 [test-ath-0c75fa47-42fb-4752-ad2c-2485b9ee24dc-StreamThread-1] WARN  org.apache.kafka.clients.NetworkClient - [Consumer clientId=test-ath-0c75fa47-42fb-4752-ad2c-2485b9ee24dc-StreamThread-1-consumer, groupId=test-ath] Connection to node -1 could not be established. Broker may not be available.
2024-02-02 11:20:49.111 [kafka-admin-client-thread | test-ath-0c75fa47-42fb-4752-ad2c-2485b9ee24dc-admin] WARN  org.apache.kafka.clients.NetworkClient - [AdminClient clientId=test-ath-0c75fa47-42fb-4752-ad2c-2485b9ee24dc-admin] Connection to node -1 could not be established. Broker may not be available.
2024-02-02 11:20:51.922 [kafka-producer-network-thread | producer-1] WARN  org.apache.kafka.clients.NetworkClient - [Producer clientId=producer-1] Connection to node -1 could not be established. Broker may not be available.
2024-02-02 11:20:52.185 [test-ath-0c75fa47-42fb-4752-ad2c-2485b9ee24dc-StreamThread-1] WARN  org.apache.kafka.clients.NetworkClient - [Consumer clientId=test-ath-0c75fa47-42fb-4752-ad2c-2485b9ee24dc-StreamThread-1-consumer, groupId=test-ath] Connection to node -1 could not be established. Broker may not be available.
2024-02-02 11:20:52.278 [kafka-admin-client-thread | test-ath-0c75fa47-42fb-4752-ad2c-2485b9ee24dc-admin] WARN  org.apache.kafka.clients.NetworkClient - [AdminClient clientId=test-ath-0c75fa47-42fb-4752-ad2c-2485b9ee24dc-admin] Connection to node -1 could not be established. Broker may not be available.
2024-02-02 11:20:55.075 [kafka-producer-network-thread | producer-1] WARN  org.apache.kafka.clients.NetworkClient - [Producer clientId=producer-1] Connection to node -1 could not be established. Broker may not be available.
2024-02-02 11:20:58.018 [kafka-producer-network-thread | producer-1] WARN  org.apache.kafka.clients.NetworkClient - [Producer clientId=producer-1] Connection to node -1 could not be established. Broker may not be available.
2024-02-02 11:21:01.076 [kafka-producer-network-thread | producer-1] WARN  org.apache.kafka.clients.NetworkClient - [Producer clientId=producer-1] Connection to node -1 could not be established. Broker may not be available.
2024-02-02 11:21:04.140 [kafka-producer-network-thread | producer-1] WARN  org.apache.kafka.clients.NetworkClient - [Producer clientId=producer-1] Connection to node -1 could not be established. Broker may not be available.
2024-02-02 11:21:07.089 [kafka-producer-network-thread | producer-1] WARN  org.apache.kafka.clients.NetworkClient - [Producer clientId=producer-1] Connection to node -1 could not be established. Broker may not be available.
2024-02-02 11:21:10.347 [kafka-producer-network-thread | producer-1] WARN  org.apache.kafka.clients.NetworkClient - [Producer clientId=producer-1] Connection to node -1 could not be established. Broker may not be available.
2024-02-02 11:21:13.589 [kafka-producer-network-thread | producer-1] WARN  org.apache.kafka.clients.NetworkClient - [Producer clientId=producer-1] Connection to node -1 could not be established. Broker may not be available.
2024-02-02 11:21:16.551 [kafka-producer-network-thread | producer-1] WARN  org.apache.kafka.clients.NetworkClient - [Producer clientId=producer-1] Connection to node -1 could not be established. Broker may not be available.
2024-02-02 11:21:19.525 [kafka-producer-network-thread | producer-1] WARN  org.apache.kafka.clients.NetworkClient - [Producer clientId=producer-1] Connection to node -1 could not be established. Broker may not be available.
2024-02-02 11:21:22.572 [kafka-producer-network-thread | producer-1] WARN  org.apache.kafka.clients.NetworkClient - [Producer clientId=producer-1] Connection to node -1 could not be established. Broker may not be available.
2024-02-02 11:21:25.723 [kafka-producer-network-thread | producer-1] WARN  org.apache.kafka.clients.NetworkClient - [Producer clientId=producer-1] Connection to node -1 could not be established. Broker may not be available.
2024-02-02 11:21:28.763 [kafka-producer-network-thread | producer-1] WARN  org.apache.kafka.clients.NetworkClient - [Producer clientId=producer-1] Connection to node -1 could not be established. Broker may not be available.
2024-02-02 11:21:31.782 [kafka-producer-network-thread | producer-1] WARN  org.apache.kafka.clients.NetworkClient - [Producer clientId=producer-1] Connection to node -1 could not be established. Broker may not be available.
2024-02-02 11:21:35.013 [kafka-producer-network-thread | producer-1] WARN  org.apache.kafka.clients.NetworkClient - [Producer clientId=producer-1] Connection to node -1 could not be established. Broker may not be available.
2024-02-02 11:21:38.043 [kafka-producer-network-thread | producer-1] WARN  org.apache.kafka.clients.NetworkClient - [Producer clientId=producer-1] Connection to node -1 could not be established. Broker may not be available.
2024-02-02 11:21:41.285 [kafka-producer-network-thread | producer-1] WARN  org.apache.kafka.clients.NetworkClient - [Producer clientId=producer-1] Connection to node -1 could not be established. Broker may not be available.
2024-02-02 11:21:44.535 [kafka-producer-network-thread | producer-1] WARN  org.apache.kafka.clients.NetworkClient - [Producer clientId=producer-1] Connection to node -1 could not be established. Broker may not be available.
2024-02-02 11:21:47.792 [kafka-producer-network-thread | producer-1] WARN  org.apache.kafka.clients.NetworkClient - [Producer clientId=producer-1] Connection to node -1 could not be established. Broker may not be available.
2024-02-02 11:21:50.730 [kafka-producer-network-thread | producer-1] WARN  org.apache.kafka.clients.NetworkClient - [Producer clientId=producer-1] Connection to node -1 could not be established. Broker may not be available.
2024-02-02 11:21:53.670 [kafka-producer-network-thread | producer-1] WARN  org.apache.kafka.clients.NetworkClient - [Producer clientId=producer-1] Connection to node -1 could not be established. Broker may not be available.
2024-02-02 11:21:56.821 [kafka-producer-network-thread | producer-1] WARN  org.apache.kafka.clients.NetworkClient - [Producer clientId=producer-1] Connection to node -1 could not be established. Broker may not be available.
2024-02-02 11:22:00.171 [kafka-producer-network-thread | producer-1] WARN  org.apache.kafka.clients.NetworkClient - [Producer clientId=producer-1] Connection to node -1 could not be established. Broker may not be available.
2024-02-02 11:22:03.103 [kafka-producer-network-thread | producer-1] WARN  org.apache.kafka.clients.NetworkClient - [Producer clientId=producer-1] Connection to node -1 could not be established. Broker may not be available.
2024-02-02 11:22:06.025 [kafka-producer-network-thread | producer-1] WARN  org.apache.kafka.clients.NetworkClient - [Producer clientId=producer-1] Connection to node -1 could not be established. Broker may not be available.
2024-02-02 11:22:09.203 [kafka-producer-network-thread | producer-1] WARN  org.apache.kafka.clients.NetworkClient - [Producer clientId=producer-1] Connection to node -1 could not be established. Broker may not be available.
2024-02-02 11:22:12.272 [kafka-producer-network-thread | producer-1] WARN  org.apache.kafka.clients.NetworkClient - [Producer clientId=producer-1] Connection to node -1 could not be established. Broker may not be available.
2024-02-02 11:22:15.402 [kafka-producer-network-thread | producer-1] WARN  org.apache.kafka.clients.NetworkClient - [Producer clientId=producer-1] Connection to node -1 could not be established. Broker may not be available.
2024-02-02 11:22:18.425 [kafka-producer-network-thread | producer-1] WARN  org.apache.kafka.clients.NetworkClient - [Producer clientId=producer-1] Connection to node -1 could not be established. Broker may not be available.
2024-02-02 11:22:21.672 [kafka-producer-network-thread | producer-1] WARN  org.apache.kafka.clients.NetworkClient - [Producer clientId=producer-1] Connection to node -1 could not be established. Broker may not be available.
2024-02-02 11:22:24.576 [kafka-producer-network-thread | producer-1] WARN  org.apache.kafka.clients.NetworkClient - [Producer clientId=producer-1] Connection to node -1 could not be established. Broker may not be available.
2024-02-02 11:22:27.728 [kafka-producer-network-thread | producer-1] WARN  org.apache.kafka.clients.NetworkClient - [Producer clientId=producer-1] Connection to node -1 could not be established. Broker may not be available.
2024-02-02 11:22:30.974 [kafka-producer-network-thread | producer-1] WARN  org.apache.kafka.clients.NetworkClient - [Producer clientId=producer-1] Connection to node -1 could not be established. Broker may not be available.
2024-02-02 11:22:34.142 [kafka-producer-network-thread | producer-1] WARN  org.apache.kafka.clients.NetworkClient - [Producer clientId=producer-1] Connection to node -1 could not be established. Broker may not be available.
2024-02-02 11:22:37.299 [kafka-producer-network-thread | producer-1] WARN  org.apache.kafka.clients.NetworkClient - [Producer clientId=producer-1] Connection to node -1 could not be established. Broker may not be available.
2024-02-02 11:22:40.250 [kafka-producer-network-thread | producer-1] WARN  org.apache.kafka.clients.NetworkClient - [Producer clientId=producer-1] Connection to node -1 could not be established. Broker may not be available.
2024-02-02 11:22:43.489 [kafka-producer-network-thread | producer-1] WARN  org.apache.kafka.clients.NetworkClient - [Producer clientId=producer-1] Connection to node -1 could not be established. Broker may not be available.
2024-02-02 11:22:46.635 [kafka-producer-network-thread | producer-1] WARN  org.apache.kafka.clients.NetworkClient - [Producer clientId=producer-1] Connection to node -1 could not be established. Broker may not be available.
2024-02-02 11:22:49.787 [kafka-producer-network-thread | producer-1] WARN  org.apache.kafka.clients.NetworkClient - [Producer clientId=producer-1] Connection to node -1 could not be established. Broker may not be available.
2024-02-02 11:22:52.814 [kafka-producer-network-thread | producer-1] WARN  org.apache.kafka.clients.NetworkClient - [Producer clientId=producer-1] Connection to node -1 could not be established. Broker may not be available.
2024-02-02 11:22:55.949 [kafka-producer-network-thread | producer-1] WARN  org.apache.kafka.clients.NetworkClient - [Producer clientId=producer-1] Connection to node -1 could not be established. Broker may not be available.
2024-02-02 11:22:59.057 [kafka-producer-network-thread | producer-1] WARN  org.apache.kafka.clients.NetworkClient - [Producer clientId=producer-1] Connection to node -1 could not be established. Broker may not be available.
2024-02-02 11:23:02.248 [kafka-producer-network-thread | producer-1] WARN  org.apache.kafka.clients.NetworkClient - [Producer clientId=producer-1] Connection to node -1 could not be established. Broker may not be available.
2024-02-02 11:23:05.168 [kafka-producer-network-thread | producer-1] WARN  org.apache.kafka.clients.NetworkClient - [Producer clientId=producer-1] Connection to node -1 could not be established. Broker may not be available.
2024-02-02 11:23:08.392 [kafka-producer-network-thread | producer-1] WARN  org.apache.kafka.clients.NetworkClient - [Producer clientId=producer-1] Connection to node -1 could not be established. Broker may not be available.
2024-02-02 11:23:11.578 [kafka-producer-network-thread | producer-1] WARN  org.apache.kafka.clients.NetworkClient - [Producer clientId=producer-1] Connection to node -1 could not be established. Broker may not be available.
2024-02-02 11:23:14.824 [kafka-producer-network-thread | producer-1] WARN  org.apache.kafka.clients.NetworkClient - [Producer clientId=producer-1] Connection to node -1 could not be established. Broker may not be available.
2024-02-02 11:23:17.972 [kafka-producer-network-thread | producer-1] WARN  org.apache.kafka.clients.NetworkClient - [Producer clientId=producer-1] Connection to node -1 could not be established. Broker may not be available.
2024-02-02 11:23:20.878 [kafka-producer-network-thread | producer-1] WARN  org.apache.kafka.clients.NetworkClient - [Producer clientId=producer-1] Connection to node -1 could not be established. Broker may not be available.
2024-02-02 11:23:23.971 [kafka-producer-network-thread | producer-1] WARN  org.apache.kafka.clients.NetworkClient - [Producer clientId=producer-1] Connection to node -1 could not be established. Broker may not be available.
2024-02-02 11:23:27.211 [kafka-producer-network-thread | producer-1] WARN  org.apache.kafka.clients.NetworkClient - [Producer clientId=producer-1] Connection to node -1 could not be established. Broker may not be available.
2024-02-02 11:23:30.256 [kafka-producer-network-thread | producer-1] WARN  org.apache.kafka.clients.NetworkClient - [Producer clientId=producer-1] Connection to node -1 could not be established. Broker may not be available.
2024-02-02 11:23:33.304 [kafka-producer-network-thread | producer-1] WARN  org.apache.kafka.clients.NetworkClient - [Producer clientId=producer-1] Connection to node -1 could not be established. Broker may not be available.
2024-02-02 11:23:36.459 [kafka-producer-network-thread | producer-1] WARN  org.apache.kafka.clients.NetworkClient - [Producer clientId=producer-1] Connection to node -1 could not be established. Broker may not be available.
2024-02-02 11:23:39.580 [kafka-producer-network-thread | producer-1] WARN  org.apache.kafka.clients.NetworkClient - [Producer clientId=producer-1] Connection to node -1 could not be established. Broker may not be available.
2024-02-02 11:23:42.735 [kafka-producer-network-thread | producer-1] WARN  org.apache.kafka.clients.NetworkClient - [Producer clientId=producer-1] Connection to node -1 could not be established. Broker may not be available.
2024-02-02 11:23:45.779 [kafka-producer-network-thread | producer-1] WARN  org.apache.kafka.clients.NetworkClient - [Producer clientId=producer-1] Connection to node -1 could not be established. Broker may not be available.
2024-02-02 11:23:49.026 [kafka-producer-network-thread | producer-1] WARN  org.apache.kafka.clients.NetworkClient - [Producer clientId=producer-1] Connection to node -1 could not be established. Broker may not be available.
2024-02-02 11:23:51.959 [kafka-producer-network-thread | producer-1] WARN  org.apache.kafka.clients.NetworkClient - [Producer clientId=producer-1] Connection to node -1 could not be established. Broker may not be available.
2024-02-02 11:23:54.897 [kafka-producer-network-thread | producer-1] WARN  org.apache.kafka.clients.NetworkClient - [Producer clientId=producer-1] Connection to node -1 could not be established. Broker may not be available.
2024-02-02 11:23:57.833 [kafka-producer-network-thread | producer-1] WARN  org.apache.kafka.clients.NetworkClient - [Producer clientId=producer-1] Connection to node -1 could not be established. Broker may not be available.
2024-02-02 11:24:00.983 [kafka-producer-network-thread | producer-1] WARN  org.apache.kafka.clients.NetworkClient - [Producer clientId=producer-1] Connection to node -1 could not be established. Broker may not be available.
2024-02-02 11:24:03.951 [kafka-producer-network-thread | producer-1] WARN  org.apache.kafka.clients.NetworkClient - [Producer clientId=producer-1] Connection to node -1 could not be established. Broker may not be available.
2024-02-02 11:24:06.998 [kafka-producer-network-thread | producer-1] WARN  org.apache.kafka.clients.NetworkClient - [Producer clientId=producer-1] Connection to node -1 could not be established. Broker may not be available.
2024-02-02 11:24:09.943 [kafka-producer-network-thread | producer-1] WARN  org.apache.kafka.clients.NetworkClient - [Producer clientId=producer-1] Connection to node -1 could not be established. Broker may not be available.
2024-02-02 11:24:12.885 [kafka-producer-network-thread | producer-1] WARN  org.apache.kafka.clients.NetworkClient - [Producer clientId=producer-1] Connection to node -1 could not be established. Broker may not be available.
2024-02-02 11:24:16.143 [kafka-producer-network-thread | producer-1] WARN  org.apache.kafka.clients.NetworkClient - [Producer clientId=producer-1] Connection to node -1 could not be established. Broker may not be available.
2024-02-02 11:24:19.197 [kafka-producer-network-thread | producer-1] WARN  org.apache.kafka.clients.NetworkClient - [Producer clientId=producer-1] Connection to node -1 could not be established. Broker may not be available.
2024-02-02 11:24:22.327 [kafka-producer-network-thread | producer-1] WARN  org.apache.kafka.clients.NetworkClient - [Producer clientId=producer-1] Connection to node -1 could not be established. Broker may not be available.
2024-02-02 11:24:25.264 [kafka-producer-network-thread | producer-1] WARN  org.apache.kafka.clients.NetworkClient - [Producer clientId=producer-1] Connection to node -1 could not be established. Broker may not be available.
2024-02-02 11:24:28.206 [kafka-producer-network-thread | producer-1] WARN  org.apache.kafka.clients.NetworkClient - [Producer clientId=producer-1] Connection to node -1 could not be established. Broker may not be available.
2024-02-02 11:24:31.363 [kafka-producer-network-thread | producer-1] WARN  org.apache.kafka.clients.NetworkClient - [Producer clientId=producer-1] Connection to node -1 could not be established. Broker may not be available.
2024-02-02 11:24:34.499 [kafka-producer-network-thread | producer-1] WARN  org.apache.kafka.clients.NetworkClient - [Producer clientId=producer-1] Connection to node -1 could not be established. Broker may not be available.
2024-02-02 11:24:37.657 [kafka-producer-network-thread | producer-1] WARN  org.apache.kafka.clients.NetworkClient - [Producer clientId=producer-1] Connection to node -1 could not be established. Broker may not be available.
2024-02-02 11:24:40.703 [kafka-producer-network-thread | producer-1] WARN  org.apache.kafka.clients.NetworkClient - [Producer clientId=producer-1] Connection to node -1 could not be established. Broker may not be available.
2024-02-02 11:24:43.768 [kafka-producer-network-thread | producer-1] WARN  org.apache.kafka.clients.NetworkClient - [Producer clientId=producer-1] Connection to node -1 could not be established. Broker may not be available.
2024-02-02 11:24:46.808 [kafka-producer-network-thread | producer-1] WARN  org.apache.kafka.clients.NetworkClient - [Producer clientId=producer-1] Connection to node -1 could not be established. Broker may not be available.
2024-02-02 11:24:49.733 [kafka-producer-network-thread | producer-1] WARN  org.apache.kafka.clients.NetworkClient - [Producer clientId=producer-1] Connection to node -1 could not be established. Broker may not be available.
2024-02-02 11:24:52.882 [kafka-producer-network-thread | producer-1] WARN  org.apache.kafka.clients.NetworkClient - [Producer clientId=producer-1] Connection to node -1 could not be established. Broker may not be available.
2024-02-02 11:24:55.781 [kafka-producer-network-thread | producer-1] WARN  org.apache.kafka.clients.NetworkClient - [Producer clientId=producer-1] Connection to node -1 could not be established. Broker may not be available.
2024-02-02 11:24:59.037 [kafka-producer-network-thread | producer-1] WARN  org.apache.kafka.clients.NetworkClient - [Producer clientId=producer-1] Connection to node -1 could not be established. Broker may not be available.
2024-02-02 11:25:02.140 [kafka-producer-network-thread | producer-1] WARN  org.apache.kafka.clients.NetworkClient - [Producer clientId=producer-1] Connection to node -1 could not be established. Broker may not be available.
2024-02-02 11:25:05.026 [kafka-producer-network-thread | producer-1] WARN  org.apache.kafka.clients.NetworkClient - [Producer clientId=producer-1] Connection to node -1 could not be established. Broker may not be available.
2024-02-02 11:25:08.175 [kafka-producer-network-thread | producer-1] WARN  org.apache.kafka.clients.NetworkClient - [Producer clientId=producer-1] Connection to node -1 could not be established. Broker may not be available.
2024-02-02 11:25:11.268 [kafka-producer-network-thread | producer-1] WARN  org.apache.kafka.clients.NetworkClient - [Producer clientId=producer-1] Connection to node -1 could not be established. Broker may not be available.
2024-02-02 11:25:14.140 [kafka-producer-network-thread | producer-1] WARN  org.apache.kafka.clients.NetworkClient - [Producer clientId=producer-1] Connection to node -1 could not be established. Broker may not be available.
2024-02-02 11:25:17.144 [kafka-producer-network-thread | producer-1] WARN  org.apache.kafka.clients.NetworkClient - [Producer clientId=producer-1] Connection to node -1 could not be established. Broker may not be available.
2024-02-02 11:25:20.457 [kafka-producer-network-thread | producer-1] WARN  org.apache.kafka.clients.NetworkClient - [Producer clientId=producer-1] Connection to node -1 could not be established. Broker may not be available.
2024-02-02 11:25:23.475 [kafka-producer-network-thread | producer-1] WARN  org.apache.kafka.clients.NetworkClient - [Producer clientId=producer-1] Connection to node -1 could not be established. Broker may not be available.
2024-02-02 11:25:26.515 [kafka-producer-network-thread | producer-1] WARN  org.apache.kafka.clients.NetworkClient - [Producer clientId=producer-1] Connection to node -1 could not be established. Broker may not be available.
2024-02-02 11:25:29.782 [kafka-producer-network-thread | producer-1] WARN  org.apache.kafka.clients.NetworkClient - [Producer clientId=producer-1] Connection to node -1 could not be established. Broker may not be available.
2024-02-02 11:25:32.930 [kafka-producer-network-thread | producer-1] WARN  org.apache.kafka.clients.NetworkClient - [Producer clientId=producer-1] Connection to node -1 could not be established. Broker may not be available.
2024-02-02 11:25:35.873 [kafka-producer-network-thread | producer-1] WARN  org.apache.kafka.clients.NetworkClient - [Producer clientId=producer-1] Connection to node -1 could not be established. Broker may not be available.
2024-02-02 11:25:39.105 [kafka-producer-network-thread | producer-1] WARN  org.apache.kafka.clients.NetworkClient - [Producer clientId=producer-1] Connection to node -1 could not be established. Broker may not be available.
2024-02-02 11:25:42.255 [kafka-producer-network-thread | producer-1] WARN  org.apache.kafka.clients.NetworkClient - [Producer clientId=producer-1] Connection to node -1 could not be established. Broker may not be available.
2024-02-02 11:25:45.189 [kafka-producer-network-thread | producer-1] WARN  org.apache.kafka.clients.NetworkClient - [Producer clientId=producer-1] Connection to node -1 could not be established. Broker may not be available.
2024-02-02 11:25:48.434 [kafka-producer-network-thread | producer-1] WARN  org.apache.kafka.clients.NetworkClient - [Producer clientId=producer-1] Connection to node -1 could not be established. Broker may not be available.
2024-02-02 11:25:51.293 [kafka-producer-network-thread | producer-1] WARN  org.apache.kafka.clients.NetworkClient - [Producer clientId=producer-1] Connection to node -1 could not be established. Broker may not be available.
2024-02-02 11:25:54.247 [kafka-producer-network-thread | producer-1] WARN  org.apache.kafka.clients.NetworkClient - [Producer clientId=producer-1] Connection to node -1 could not be established. Broker may not be available.
2024-02-02 11:25:57.175 [kafka-producer-network-thread | producer-1] WARN  org.apache.kafka.clients.NetworkClient - [Producer clientId=producer-1] Connection to node -1 could not be established. Broker may not be available.
2024-02-02 11:26:00.312 [kafka-producer-network-thread | producer-1] WARN  org.apache.kafka.clients.NetworkClient - [Producer clientId=producer-1] Connection to node -1 could not be established. Broker may not be available.
2024-02-02 11:26:03.448 [kafka-producer-network-thread | producer-1] WARN  org.apache.kafka.clients.NetworkClient - [Producer clientId=producer-1] Connection to node -1 could not be established. Broker may not be available.
2024-02-02 11:26:06.499 [kafka-producer-network-thread | producer-1] WARN  org.apache.kafka.clients.NetworkClient - [Producer clientId=producer-1] Connection to node -1 could not be established. Broker may not be available.
2024-02-02 11:26:09.447 [kafka-producer-network-thread | producer-1] WARN  org.apache.kafka.clients.NetworkClient - [Producer clientId=producer-1] Connection to node -1 could not be established. Broker may not be available.
2024-02-02 11:26:12.706 [kafka-producer-network-thread | producer-1] WARN  org.apache.kafka.clients.NetworkClient - [Producer clientId=producer-1] Connection to node -1 could not be established. Broker may not be available.
2024-02-02 11:26:15.747 [kafka-producer-network-thread | producer-1] WARN  org.apache.kafka.clients.NetworkClient - [Producer clientId=producer-1] Connection to node -1 could not be established. Broker may not be available.
2024-02-02 11:26:18.888 [kafka-producer-network-thread | producer-1] WARN  org.apache.kafka.clients.NetworkClient - [Producer clientId=producer-1] Connection to node -1 could not be established. Broker may not be available.
2024-02-02 11:26:22.124 [kafka-producer-network-thread | producer-1] WARN  org.apache.kafka.clients.NetworkClient - [Producer clientId=producer-1] Connection to node -1 could not be established. Broker may not be available.
2024-02-02 11:26:25.150 [kafka-producer-network-thread | producer-1] WARN  org.apache.kafka.clients.NetworkClient - [Producer clientId=producer-1] Connection to node -1 could not be established. Broker may not be available.
2024-02-02 11:26:28.195 [kafka-producer-network-thread | producer-1] WARN  org.apache.kafka.clients.NetworkClient - [Producer clientId=producer-1] Connection to node -1 could not be established. Broker may not be available.
2024-02-02 11:26:31.133 [kafka-producer-network-thread | producer-1] WARN  org.apache.kafka.clients.NetworkClient - [Producer clientId=producer-1] Connection to node -1 could not be established. Broker may not be available.
2024-02-02 11:26:34.153 [kafka-producer-network-thread | producer-1] WARN  org.apache.kafka.clients.NetworkClient - [Producer clientId=producer-1] Connection to node -1 could not be established. Broker may not be available.
2024-02-02 11:26:37.315 [kafka-producer-network-thread | producer-1] WARN  org.apache.kafka.clients.NetworkClient - [Producer clientId=producer-1] Connection to node -1 could not be established. Broker may not be available.
2024-02-02 11:26:40.543 [kafka-producer-network-thread | producer-1] WARN  org.apache.kafka.clients.NetworkClient - [Producer clientId=producer-1] Connection to node -1 could not be established. Broker may not be available.
2024-02-02 11:26:43.490 [kafka-producer-network-thread | producer-1] WARN  org.apache.kafka.clients.NetworkClient - [Producer clientId=producer-1] Connection to node -1 could not be established. Broker may not be available.
2024-02-02 11:26:46.535 [kafka-producer-network-thread | producer-1] WARN  org.apache.kafka.clients.NetworkClient - [Producer clientId=producer-1] Connection to node -1 could not be established. Broker may not be available.
2024-02-02 11:26:49.758 [kafka-producer-network-thread | producer-1] WARN  org.apache.kafka.clients.NetworkClient - [Producer clientId=producer-1] Connection to node -1 could not be established. Broker may not be available.
2024-02-02 11:26:52.711 [kafka-producer-network-thread | producer-1] WARN  org.apache.kafka.clients.NetworkClient - [Producer clientId=producer-1] Connection to node -1 could not be established. Broker may not be available.
2024-02-02 11:26:55.754 [kafka-producer-network-thread | producer-1] WARN  org.apache.kafka.clients.NetworkClient - [Producer clientId=producer-1] Connection to node -1 could not be established. Broker may not be available.
2024-02-02 11:26:58.872 [kafka-producer-network-thread | producer-1] WARN  org.apache.kafka.clients.NetworkClient - [Producer clientId=producer-1] Connection to node -1 could not be established. Broker may not be available.
2024-02-02 11:27:02.008 [kafka-producer-network-thread | producer-1] WARN  org.apache.kafka.clients.NetworkClient - [Producer clientId=producer-1] Connection to node -1 could not be established. Broker may not be available.
2024-02-02 11:27:05.156 [kafka-producer-network-thread | producer-1] WARN  org.apache.kafka.clients.NetworkClient - [Producer clientId=producer-1] Connection to node -1 could not be established. Broker may not be available.
2024-02-02 11:27:08.115 [kafka-producer-network-thread | producer-1] WARN  org.apache.kafka.clients.NetworkClient - [Producer clientId=producer-1] Connection to node -1 could not be established. Broker may not be available.
2024-02-02 11:27:11.252 [kafka-producer-network-thread | producer-1] WARN  org.apache.kafka.clients.NetworkClient - [Producer clientId=producer-1] Connection to node -1 could not be established. Broker may not be available.
2024-02-02 11:27:14.496 [kafka-producer-network-thread | producer-1] WARN  org.apache.kafka.clients.NetworkClient - [Producer clientId=producer-1] Connection to node -1 could not be established. Broker may not be available.
2024-02-02 11:27:17.533 [kafka-producer-network-thread | producer-1] WARN  org.apache.kafka.clients.NetworkClient - [Producer clientId=producer-1] Connection to node -1 could not be established. Broker may not be available.
2024-02-02 11:27:20.466 [kafka-producer-network-thread | producer-1] WARN  org.apache.kafka.clients.NetworkClient - [Producer clientId=producer-1] Connection to node -1 could not be established. Broker may not be available.
2024-02-02 11:27:23.702 [kafka-producer-network-thread | producer-1] WARN  org.apache.kafka.clients.NetworkClient - [Producer clientId=producer-1] Connection to node -1 could not be established. Broker may not be available.
2024-02-02 11:27:26.824 [kafka-producer-network-thread | producer-1] WARN  org.apache.kafka.clients.NetworkClient - [Producer clientId=producer-1] Connection to node -1 could not be established. Broker may not be available.
2024-02-02 11:27:29.871 [kafka-producer-network-thread | producer-1] WARN  org.apache.kafka.clients.NetworkClient - [Producer clientId=producer-1] Connection to node -1 could not be established. Broker may not be available.
2024-02-02 11:27:33.064 [kafka-producer-network-thread | producer-1] WARN  org.apache.kafka.clients.NetworkClient - [Producer clientId=producer-1] Connection to node -1 could not be established. Broker may not be available.
2024-02-02 11:27:36.067 [kafka-producer-network-thread | producer-1] WARN  org.apache.kafka.clients.NetworkClient - [Producer clientId=producer-1] Connection to node -1 could not be established. Broker may not be available.
2024-02-02 11:27:39.194 [kafka-producer-network-thread | producer-1] WARN  org.apache.kafka.clients.NetworkClient - [Producer clientId=producer-1] Connection to node -1 could not be established. Broker may not be available.
2024-02-02 11:27:42.291 [kafka-producer-network-thread | producer-1] WARN  org.apache.kafka.clients.NetworkClient - [Producer clientId=producer-1] Connection to node -1 could not be established. Broker may not be available.
2024-02-02 11:27:45.173 [kafka-producer-network-thread | producer-1] WARN  org.apache.kafka.clients.NetworkClient - [Producer clientId=producer-1] Connection to node -1 could not be established. Broker may not be available.
2024-02-02 11:27:48.431 [kafka-producer-network-thread | producer-1] WARN  org.apache.kafka.clients.NetworkClient - [Producer clientId=producer-1] Connection to node -1 could not be established. Broker may not be available.
2024-02-02 11:27:51.432 [kafka-producer-network-thread | producer-1] WARN  org.apache.kafka.clients.NetworkClient - [Producer clientId=producer-1] Connection to node -1 could not be established. Broker may not be available.
2024-02-02 11:27:54.645 [kafka-producer-network-thread | producer-1] WARN  org.apache.kafka.clients.NetworkClient - [Producer clientId=producer-1] Connection to node -1 could not be established. Broker may not be available.
2024-02-02 11:27:57.687 [kafka-producer-network-thread | producer-1] WARN  org.apache.kafka.clients.NetworkClient - [Producer clientId=producer-1] Connection to node -1 could not be established. Broker may not be available.
2024-02-02 11:28:00.826 [kafka-producer-network-thread | producer-1] WARN  org.apache.kafka.clients.NetworkClient - [Producer clientId=producer-1] Connection to node -1 could not be established. Broker may not be available.
2024-02-02 11:28:03.781 [kafka-producer-network-thread | producer-1] WARN  org.apache.kafka.clients.NetworkClient - [Producer clientId=producer-1] Connection to node -1 could not be established. Broker may not be available.
2024-02-02 11:28:07.032 [kafka-producer-network-thread | producer-1] WARN  org.apache.kafka.clients.NetworkClient - [Producer clientId=producer-1] Connection to node -1 could not be established. Broker may not be available.
2024-02-02 11:28:10.068 [kafka-producer-network-thread | producer-1] WARN  org.apache.kafka.clients.NetworkClient - [Producer clientId=producer-1] Connection to node -1 could not be established. Broker may not be available.
2024-02-02 11:28:13.121 [kafka-producer-network-thread | producer-1] WARN  org.apache.kafka.clients.NetworkClient - [Producer clientId=producer-1] Connection to node -1 could not be established. Broker may not be available.
2024-02-02 11:28:16.185 [kafka-producer-network-thread | producer-1] WARN  org.apache.kafka.clients.NetworkClient - [Producer clientId=producer-1] Connection to node -1 could not be established. Broker may not be available.
2024-02-02 11:28:19.113 [kafka-producer-network-thread | producer-1] WARN  org.apache.kafka.clients.NetworkClient - [Producer clientId=producer-1] Connection to node -1 could not be established. Broker may not be available.
2024-02-02 11:28:22.377 [kafka-producer-network-thread | producer-1] WARN  org.apache.kafka.clients.NetworkClient - [Producer clientId=producer-1] Connection to node -1 could not be established. Broker may not be available.
2024-02-02 11:28:25.400 [kafka-producer-network-thread | producer-1] WARN  org.apache.kafka.clients.NetworkClient - [Producer clientId=producer-1] Connection to node -1 could not be established. Broker may not be available.
2024-02-02 11:28:28.435 [kafka-producer-network-thread | producer-1] WARN  org.apache.kafka.clients.NetworkClient - [Producer clientId=producer-1] Connection to node -1 could not be established. Broker may not be available.
2024-02-02 11:28:31.254 [kafka-producer-network-thread | producer-1] WARN  org.apache.kafka.clients.NetworkClient - [Producer clientId=producer-1] Connection to node -1 could not be established. Broker may not be available.
2024-02-02 11:28:34.180 [kafka-producer-network-thread | producer-1] WARN  org.apache.kafka.clients.NetworkClient - [Producer clientId=producer-1] Connection to node -1 could not be established. Broker may not be available.
2024-02-02 11:28:37.115 [kafka-producer-network-thread | producer-1] WARN  org.apache.kafka.clients.NetworkClient - [Producer clientId=producer-1] Connection to node -1 could not be established. Broker may not be available.
2024-02-02 11:28:40.361 [kafka-producer-network-thread | producer-1] WARN  org.apache.kafka.clients.NetworkClient - [Producer clientId=producer-1] Connection to node -1 could not be established. Broker may not be available.
2024-02-02 11:28:43.601 [kafka-producer-network-thread | producer-1] WARN  org.apache.kafka.clients.NetworkClient - [Producer clientId=producer-1] Connection to node -1 could not be established. Broker may not be available.
2024-02-02 11:28:46.644 [kafka-producer-network-thread | producer-1] WARN  org.apache.kafka.clients.NetworkClient - [Producer clientId=producer-1] Connection to node -1 could not be established. Broker may not be available.
2024-02-02 11:28:49.894 [kafka-producer-network-thread | producer-1] WARN  org.apache.kafka.clients.NetworkClient - [Producer clientId=producer-1] Connection to node -1 could not be established. Broker may not be available.
2024-02-02 11:28:52.833 [kafka-producer-network-thread | producer-1] WARN  org.apache.kafka.clients.NetworkClient - [Producer clientId=producer-1] Connection to node -1 could not be established. Broker may not be available.
2024-02-02 11:28:55.952 [kafka-producer-network-thread | producer-1] WARN  org.apache.kafka.clients.NetworkClient - [Producer clientId=producer-1] Connection to node -1 could not be established. Broker may not be available.
2024-02-02 11:28:59.209 [kafka-producer-network-thread | producer-1] WARN  org.apache.kafka.clients.NetworkClient - [Producer clientId=producer-1] Connection to node -1 could not be established. Broker may not be available.
2024-02-02 11:29:02.134 [kafka-producer-network-thread | producer-1] WARN  org.apache.kafka.clients.NetworkClient - [Producer clientId=producer-1] Connection to node -1 could not be established. Broker may not be available.
2024-02-02 11:29:05.278 [kafka-producer-network-thread | producer-1] WARN  org.apache.kafka.clients.NetworkClient - [Producer clientId=producer-1] Connection to node -1 could not be established. Broker may not be available.
2024-02-02 11:29:08.194 [kafka-producer-network-thread | producer-1] WARN  org.apache.kafka.clients.NetworkClient - [Producer clientId=producer-1] Connection to node -1 could not be established. Broker may not be available.
2024-02-02 11:29:11.428 [kafka-producer-network-thread | producer-1] WARN  org.apache.kafka.clients.NetworkClient - [Producer clientId=producer-1] Connection to node -1 could not be established. Broker may not be available.
2024-02-02 11:29:14.468 [kafka-producer-network-thread | producer-1] WARN  org.apache.kafka.clients.NetworkClient - [Producer clientId=producer-1] Connection to node -1 could not be established. Broker may not be available.
2024-02-02 11:29:17.619 [kafka-producer-network-thread | producer-1] WARN  org.apache.kafka.clients.NetworkClient - [Producer clientId=producer-1] Connection to node -1 could not be established. Broker may not be available.
2024-02-02 11:29:20.651 [kafka-producer-network-thread | producer-1] WARN  org.apache.kafka.clients.NetworkClient - [Producer clientId=producer-1] Connection to node -1 could not be established. Broker may not be available.
2024-02-02 11:29:23.578 [kafka-producer-network-thread | producer-1] WARN  org.apache.kafka.clients.NetworkClient - [Producer clientId=producer-1] Connection to node -1 could not be established. Broker may not be available.
2024-02-02 11:29:26.722 [kafka-producer-network-thread | producer-1] WARN  org.apache.kafka.clients.NetworkClient - [Producer clientId=producer-1] Connection to node -1 could not be established. Broker may not be available.
2024-02-02 11:29:29.747 [kafka-producer-network-thread | producer-1] WARN  org.apache.kafka.clients.NetworkClient - [Producer clientId=producer-1] Connection to node -1 could not be established. Broker may not be available.
2024-02-02 11:29:32.688 [kafka-producer-network-thread | producer-1] WARN  org.apache.kafka.clients.NetworkClient - [Producer clientId=producer-1] Connection to node -1 could not be established. Broker may not be available.
2024-02-02 11:29:35.954 [kafka-producer-network-thread | producer-1] WARN  org.apache.kafka.clients.NetworkClient - [Producer clientId=producer-1] Connection to node -1 could not be established. Broker may not be available.
2024-02-02 11:29:38.918 [kafka-producer-network-thread | producer-1] WARN  org.apache.kafka.clients.NetworkClient - [Producer clientId=producer-1] Connection to node -1 could not be established. Broker may not be available.
2024-02-02 11:29:41.855 [kafka-producer-network-thread | producer-1] WARN  org.apache.kafka.clients.NetworkClient - [Producer clientId=producer-1] Connection to node -1 could not be established. Broker may not be available.
2024-02-02 11:29:44.790 [kafka-producer-network-thread | producer-1] WARN  org.apache.kafka.clients.NetworkClient - [Producer clientId=producer-1] Connection to node -1 could not be established. Broker may not be available.
2024-02-02 11:29:47.842 [kafka-producer-network-thread | producer-1] WARN  org.apache.kafka.clients.NetworkClient - [Producer clientId=producer-1] Connection to node -1 could not be established. Broker may not be available.
2024-02-02 11:29:50.797 [kafka-producer-network-thread | producer-1] WARN  org.apache.kafka.clients.NetworkClient - [Producer clientId=producer-1] Connection to node -1 could not be established. Broker may not be available.
2024-02-02 11:29:54.034 [kafka-producer-network-thread | producer-1] WARN  org.apache.kafka.clients.NetworkClient - [Producer clientId=producer-1] Connection to node -1 could not be established. Broker may not be available.
2024-02-02 11:29:56.947 [kafka-producer-network-thread | producer-1] WARN  org.apache.kafka.clients.NetworkClient - [Producer clientId=producer-1] Connection to node -1 could not be established. Broker may not be available.
2024-02-02 11:30:00.187 [kafka-producer-network-thread | producer-1] WARN  org.apache.kafka.clients.NetworkClient - [Producer clientId=producer-1] Connection to node -1 could not be established. Broker may not be available.
2024-02-02 11:30:03.301 [kafka-producer-network-thread | producer-1] WARN  org.apache.kafka.clients.NetworkClient - [Producer clientId=producer-1] Connection to node -1 could not be established. Broker may not be available.
2024-02-02 11:30:06.342 [kafka-producer-network-thread | producer-1] WARN  org.apache.kafka.clients.NetworkClient - [Producer clientId=producer-1] Connection to node -1 could not be established. Broker may not be available.
2024-02-02 11:30:09.348 [kafka-producer-network-thread | producer-1] WARN  org.apache.kafka.clients.NetworkClient - [Producer clientId=producer-1] Connection to node -1 could not be established. Broker may not be available.
2024-02-02 11:30:12.357 [kafka-producer-network-thread | producer-1] WARN  org.apache.kafka.clients.NetworkClient - [Producer clientId=producer-1] Connection to node -1 could not be established. Broker may not be available.
2024-02-02 11:30:15.503 [kafka-producer-network-thread | producer-1] WARN  org.apache.kafka.clients.NetworkClient - [Producer clientId=producer-1] Connection to node -1 could not be established. Broker may not be available.
2024-02-02 11:30:18.478 [kafka-producer-network-thread | producer-1] WARN  org.apache.kafka.clients.NetworkClient - [Producer clientId=producer-1] Connection to node -1 could not be established. Broker may not be available.
2024-02-02 11:30:21.486 [kafka-producer-network-thread | producer-1] WARN  org.apache.kafka.clients.NetworkClient - [Producer clientId=producer-1] Connection to node -1 could not be established. Broker may not be available.
2024-02-02 11:30:24.486 [kafka-producer-network-thread | producer-1] WARN  org.apache.kafka.clients.NetworkClient - [Producer clientId=producer-1] Connection to node -1 could not be established. Broker may not be available.
2024-02-02 11:30:27.414 [kafka-producer-network-thread | producer-1] WARN  org.apache.kafka.clients.NetworkClient - [Producer clientId=producer-1] Connection to node -1 could not be established. Broker may not be available.
2024-02-02 11:30:30.656 [kafka-producer-network-thread | producer-1] WARN  org.apache.kafka.clients.NetworkClient - [Producer clientId=producer-1] Connection to node -1 could not be established. Broker may not be available.
2024-02-02 11:30:33.704 [kafka-producer-network-thread | producer-1] WARN  org.apache.kafka.clients.NetworkClient - [Producer clientId=producer-1] Connection to node -1 could not be established. Broker may not be available.
2024-02-02 11:30:36.849 [kafka-producer-network-thread | producer-1] WARN  org.apache.kafka.clients.NetworkClient - [Producer clientId=producer-1] Connection to node -1 could not be established. Broker may not be available.
2024-02-02 11:30:39.980 [kafka-producer-network-thread | producer-1] WARN  org.apache.kafka.clients.NetworkClient - [Producer clientId=producer-1] Connection to node -1 could not be established. Broker may not be available.
2024-02-02 11:30:43.112 [kafka-producer-network-thread | producer-1] WARN  org.apache.kafka.clients.NetworkClient - [Producer clientId=producer-1] Connection to node -1 could not be established. Broker may not be available.
2024-02-02 11:30:46.342 [kafka-producer-network-thread | producer-1] WARN  org.apache.kafka.clients.NetworkClient - [Producer clientId=producer-1] Connection to node -1 could not be established. Broker may not be available.
2024-02-02 11:30:49.292 [kafka-producer-network-thread | producer-1] WARN  org.apache.kafka.clients.NetworkClient - [Producer clientId=producer-1] Connection to node -1 could not be established. Broker may not be available.
2024-02-02 11:30:52.528 [kafka-producer-network-thread | producer-1] WARN  org.apache.kafka.clients.NetworkClient - [Producer clientId=producer-1] Connection to node -1 could not be established. Broker may not be available.
2024-02-02 11:30:55.674 [kafka-producer-network-thread | producer-1] WARN  org.apache.kafka.clients.NetworkClient - [Producer clientId=producer-1] Connection to node -1 could not be established. Broker may not be available.
2024-02-02 11:30:58.642 [kafka-producer-network-thread | producer-1] WARN  org.apache.kafka.clients.NetworkClient - [Producer clientId=producer-1] Connection to node -1 could not be established. Broker may not be available.
2024-02-02 11:31:01.600 [kafka-producer-network-thread | producer-1] WARN  org.apache.kafka.clients.NetworkClient - [Producer clientId=producer-1] Connection to node -1 could not be established. Broker may not be available.
2024-02-02 11:31:04.758 [kafka-producer-network-thread | producer-1] WARN  org.apache.kafka.clients.NetworkClient - [Producer clientId=producer-1] Connection to node -1 could not be established. Broker may not be available.
2024-02-02 11:31:07.910 [kafka-producer-network-thread | producer-1] WARN  org.apache.kafka.clients.NetworkClient - [Producer clientId=producer-1] Connection to node -1 could not be established. Broker may not be available.
2024-02-02 11:31:10.854 [kafka-producer-network-thread | producer-1] WARN  org.apache.kafka.clients.NetworkClient - [Producer clientId=producer-1] Connection to node -1 could not be established. Broker may not be available.
2024-02-02 11:31:13.992 [kafka-producer-network-thread | producer-1] WARN  org.apache.kafka.clients.NetworkClient - [Producer clientId=producer-1] Connection to node -1 could not be established. Broker may not be available.
2024-02-02 11:31:17.131 [kafka-producer-network-thread | producer-1] WARN  org.apache.kafka.clients.NetworkClient - [Producer clientId=producer-1] Connection to node -1 could not be established. Broker may not be available.
2024-02-02 11:31:20.185 [kafka-producer-network-thread | producer-1] WARN  org.apache.kafka.clients.NetworkClient - [Producer clientId=producer-1] Connection to node -1 could not be established. Broker may not be available.
2024-02-02 11:31:23.155 [kafka-producer-network-thread | producer-1] WARN  org.apache.kafka.clients.NetworkClient - [Producer clientId=producer-1] Connection to node -1 could not be established. Broker may not be available.
2024-02-02 11:31:26.370 [kafka-producer-network-thread | producer-1] WARN  org.apache.kafka.clients.NetworkClient - [Producer clientId=producer-1] Connection to node -1 could not be established. Broker may not be available.
2024-02-02 11:31:29.591 [kafka-producer-network-thread | producer-1] WARN  org.apache.kafka.clients.NetworkClient - [Producer clientId=producer-1] Connection to node -1 could not be established. Broker may not be available.
2024-02-02 11:31:32.618 [kafka-producer-network-thread | producer-1] WARN  org.apache.kafka.clients.NetworkClient - [Producer clientId=producer-1] Connection to node -1 could not be established. Broker may not be available.
2024-02-02 11:31:35.613 [kafka-producer-network-thread | producer-1] WARN  org.apache.kafka.clients.NetworkClient - [Producer clientId=producer-1] Connection to node -1 could not be established. Broker may not be available.
2024-02-02 11:31:38.847 [kafka-producer-network-thread | producer-1] WARN  org.apache.kafka.clients.NetworkClient - [Producer clientId=producer-1] Connection to node -1 could not be established. Broker may not be available.
2024-02-02 11:31:41.899 [kafka-producer-network-thread | producer-1] WARN  org.apache.kafka.clients.NetworkClient - [Producer clientId=producer-1] Connection to node -1 could not be established. Broker may not be available.
2024-02-02 11:31:45.153 [kafka-producer-network-thread | producer-1] WARN  org.apache.kafka.clients.NetworkClient - [Producer clientId=producer-1] Connection to node -1 could not be established. Broker may not be available.
2024-02-02 11:31:48.394 [kafka-producer-network-thread | producer-1] WARN  org.apache.kafka.clients.NetworkClient - [Producer clientId=producer-1] Connection to node -1 could not be established. Broker may not be available.
2024-02-02 11:31:51.617 [kafka-producer-network-thread | producer-1] WARN  org.apache.kafka.clients.NetworkClient - [Producer clientId=producer-1] Connection to node -1 could not be established. Broker may not be available.
2024-02-02 11:31:54.827 [kafka-producer-network-thread | producer-1] WARN  org.apache.kafka.clients.NetworkClient - [Producer clientId=producer-1] Connection to node -1 could not be established. Broker may not be available.
2024-02-02 11:31:57.795 [kafka-producer-network-thread | producer-1] WARN  org.apache.kafka.clients.NetworkClient - [Producer clientId=producer-1] Connection to node -1 could not be established. Broker may not be available.
2024-02-02 11:32:01.048 [kafka-producer-network-thread | producer-1] WARN  org.apache.kafka.clients.NetworkClient - [Producer clientId=producer-1] Connection to node -1 could not be established. Broker may not be available.
2024-02-02 11:32:04.305 [kafka-producer-network-thread | producer-1] WARN  org.apache.kafka.clients.NetworkClient - [Producer clientId=producer-1] Connection to node -1 could not be established. Broker may not be available.
2024-02-02 11:32:07.367 [kafka-producer-network-thread | producer-1] WARN  org.apache.kafka.clients.NetworkClient - [Producer clientId=producer-1] Connection to node -1 could not be established. Broker may not be available.
2024-02-02 11:32:10.496 [kafka-producer-network-thread | producer-1] WARN  org.apache.kafka.clients.NetworkClient - [Producer clientId=producer-1] Connection to node -1 could not be established. Broker may not be available.
2024-02-02 11:32:13.741 [kafka-producer-network-thread | producer-1] WARN  org.apache.kafka.clients.NetworkClient - [Producer clientId=producer-1] Connection to node -1 could not be established. Broker may not be available.
2024-02-02 11:32:16.819 [kafka-producer-network-thread | producer-1] WARN  org.apache.kafka.clients.NetworkClient - [Producer clientId=producer-1] Connection to node -1 could not be established. Broker may not be available.
2024-02-02 11:32:19.857 [kafka-producer-network-thread | producer-1] WARN  org.apache.kafka.clients.NetworkClient - [Producer clientId=producer-1] Connection to node -1 could not be established. Broker may not be available.
2024-02-02 11:32:22.903 [kafka-producer-network-thread | producer-1] WARN  org.apache.kafka.clients.NetworkClient - [Producer clientId=producer-1] Connection to node -1 could not be established. Broker may not be available.
2024-02-02 11:32:25.953 [kafka-producer-network-thread | producer-1] WARN  org.apache.kafka.clients.NetworkClient - [Producer clientId=producer-1] Connection to node -1 could not be established. Broker may not be available.
2024-02-02 11:32:29.202 [kafka-producer-network-thread | producer-1] WARN  org.apache.kafka.clients.NetworkClient - [Producer clientId=producer-1] Connection to node -1 could not be established. Broker may not be available.
2024-02-02 11:32:32.170 [kafka-producer-network-thread | producer-1] WARN  org.apache.kafka.clients.NetworkClient - [Producer clientId=producer-1] Connection to node -1 could not be established. Broker may not be available.
2024-02-02 11:32:35.129 [kafka-producer-network-thread | producer-1] WARN  org.apache.kafka.clients.NetworkClient - [Producer clientId=producer-1] Connection to node -1 could not be established. Broker may not be available.
2024-02-02 11:32:38.091 [kafka-producer-network-thread | producer-1] WARN  org.apache.kafka.clients.NetworkClient - [Producer clientId=producer-1] Connection to node -1 could not be established. Broker may not be available.
2024-02-02 11:32:40.960 [kafka-producer-network-thread | producer-1] WARN  org.apache.kafka.clients.NetworkClient - [Producer clientId=producer-1] Connection to node -1 could not be established. Broker may not be available.
2024-02-02 11:32:44.209 [kafka-producer-network-thread | producer-1] WARN  org.apache.kafka.clients.NetworkClient - [Producer clientId=producer-1] Connection to node -1 could not be established. Broker may not be available.
2024-02-02 11:32:47.143 [kafka-producer-network-thread | producer-1] WARN  org.apache.kafka.clients.NetworkClient - [Producer clientId=producer-1] Connection to node -1 could not be established. Broker may not be available.
2024-02-02 11:32:50.193 [kafka-producer-network-thread | producer-1] WARN  org.apache.kafka.clients.NetworkClient - [Producer clientId=producer-1] Connection to node -1 could not be established. Broker may not be available.
2024-02-02 11:32:53.336 [kafka-producer-network-thread | producer-1] WARN  org.apache.kafka.clients.NetworkClient - [Producer clientId=producer-1] Connection to node -1 could not be established. Broker may not be available.
2024-02-02 11:32:56.366 [kafka-producer-network-thread | producer-1] WARN  org.apache.kafka.clients.NetworkClient - [Producer clientId=producer-1] Connection to node -1 could not be established. Broker may not be available.
2024-02-02 11:32:59.271 [kafka-producer-network-thread | producer-1] WARN  org.apache.kafka.clients.NetworkClient - [Producer clientId=producer-1] Connection to node -1 could not be established. Broker may not be available.
2024-02-02 11:33:02.493 [kafka-producer-network-thread | producer-1] WARN  org.apache.kafka.clients.NetworkClient - [Producer clientId=producer-1] Connection to node -1 could not be established. Broker may not be available.
2024-02-02 11:33:05.595 [kafka-producer-network-thread | producer-1] WARN  org.apache.kafka.clients.NetworkClient - [Producer clientId=producer-1] Connection to node -1 could not be established. Broker may not be available.
2024-02-02 11:33:08.680 [kafka-producer-network-thread | producer-1] WARN  org.apache.kafka.clients.NetworkClient - [Producer clientId=producer-1] Connection to node -1 could not be established. Broker may not be available.
2024-02-02 11:33:11.955 [kafka-producer-network-thread | producer-1] WARN  org.apache.kafka.clients.NetworkClient - [Producer clientId=producer-1] Connection to node -1 could not be established. Broker may not be available.
2024-02-02 11:33:15.122 [kafka-producer-network-thread | producer-1] WARN  org.apache.kafka.clients.NetworkClient - [Producer clientId=producer-1] Connection to node -1 could not be established. Broker may not be available.
2024-02-02 11:33:18.248 [kafka-producer-network-thread | producer-1] WARN  org.apache.kafka.clients.NetworkClient - [Producer clientId=producer-1] Connection to node -1 could not be established. Broker may not be available.
2024-02-02 11:33:21.298 [kafka-producer-network-thread | producer-1] WARN  org.apache.kafka.clients.NetworkClient - [Producer clientId=producer-1] Connection to node -1 could not be established. Broker may not be available.
2024-02-02 11:33:24.453 [kafka-producer-network-thread | producer-1] WARN  org.apache.kafka.clients.NetworkClient - [Producer clientId=producer-1] Connection to node -1 could not be established. Broker may not be available.
2024-02-02 11:33:27.419 [kafka-producer-network-thread | producer-1] WARN  org.apache.kafka.clients.NetworkClient - [Producer clientId=producer-1] Connection to node -1 could not be established. Broker may not be available.
2024-02-02 11:33:30.463 [kafka-producer-network-thread | producer-1] WARN  org.apache.kafka.clients.NetworkClient - [Producer clientId=producer-1] Connection to node -1 could not be established. Broker may not be available.
2024-02-02 11:33:33.422 [kafka-producer-network-thread | producer-1] WARN  org.apache.kafka.clients.NetworkClient - [Producer clientId=producer-1] Connection to node -1 could not be established. Broker may not be available.
2024-02-02 11:33:36.737 [kafka-producer-network-thread | producer-1] WARN  org.apache.kafka.clients.NetworkClient - [Producer clientId=producer-1] Connection to node -1 could not be established. Broker may not be available.
2024-02-02 11:33:39.774 [kafka-producer-network-thread | producer-1] WARN  org.apache.kafka.clients.NetworkClient - [Producer clientId=producer-1] Connection to node -1 could not be established. Broker may not be available.
2024-02-02 11:33:43.071 [kafka-producer-network-thread | producer-1] WARN  org.apache.kafka.clients.NetworkClient - [Producer clientId=producer-1] Connection to node -1 could not be established. Broker may not be available.
2024-02-02 11:33:46.282 [kafka-producer-network-thread | producer-1] WARN  org.apache.kafka.clients.NetworkClient - [Producer clientId=producer-1] Connection to node -1 could not be established. Broker may not be available.
2024-02-02 11:33:49.367 [kafka-producer-network-thread | producer-1] WARN  org.apache.kafka.clients.NetworkClient - [Producer clientId=producer-1] Connection to node -1 could not be established. Broker may not be available.
2024-02-02 11:33:52.322 [kafka-producer-network-thread | producer-1] WARN  org.apache.kafka.clients.NetworkClient - [Producer clientId=producer-1] Connection to node -1 could not be established. Broker may not be available.
2024-02-02 11:33:55.385 [kafka-producer-network-thread | producer-1] WARN  org.apache.kafka.clients.NetworkClient - [Producer clientId=producer-1] Connection to node -1 could not be established. Broker may not be available.
2024-02-02 11:33:58.512 [kafka-producer-network-thread | producer-1] WARN  org.apache.kafka.clients.NetworkClient - [Producer clientId=producer-1] Connection to node -1 could not be established. Broker may not be available.
2024-02-02 11:34:01.598 [kafka-producer-network-thread | producer-1] WARN  org.apache.kafka.clients.NetworkClient - [Producer clientId=producer-1] Connection to node -1 could not be established. Broker may not be available.
2024-02-02 11:34:04.545 [kafka-producer-network-thread | producer-1] WARN  org.apache.kafka.clients.NetworkClient - [Producer clientId=producer-1] Connection to node -1 could not be established. Broker may not be available.
2024-02-02 11:34:07.623 [kafka-producer-network-thread | producer-1] WARN  org.apache.kafka.clients.NetworkClient - [Producer clientId=producer-1] Connection to node -1 could not be established. Broker may not be available.
2024-02-02 11:34:10.558 [kafka-producer-network-thread | producer-1] WARN  org.apache.kafka.clients.NetworkClient - [Producer clientId=producer-1] Connection to node -1 could not be established. Broker may not be available.
2024-02-02 11:34:13.506 [kafka-producer-network-thread | producer-1] WARN  org.apache.kafka.clients.NetworkClient - [Producer clientId=producer-1] Connection to node -1 could not be established. Broker may not be available.
2024-02-02 11:34:16.769 [kafka-producer-network-thread | producer-1] WARN  org.apache.kafka.clients.NetworkClient - [Producer clientId=producer-1] Connection to node -1 could not be established. Broker may not be available.
2024-02-02 11:34:19.917 [kafka-producer-network-thread | producer-1] WARN  org.apache.kafka.clients.NetworkClient - [Producer clientId=producer-1] Connection to node -1 could not be established. Broker may not be available.
2024-02-02 11:34:23.071 [kafka-producer-network-thread | producer-1] WARN  org.apache.kafka.clients.NetworkClient - [Producer clientId=producer-1] Connection to node -1 could not be established. Broker may not be available.
2024-02-02 11:34:26.016 [kafka-producer-network-thread | producer-1] WARN  org.apache.kafka.clients.NetworkClient - [Producer clientId=producer-1] Connection to node -1 could not be established. Broker may not be available.
2024-02-02 11:34:29.078 [kafka-producer-network-thread | producer-1] WARN  org.apache.kafka.clients.NetworkClient - [Producer clientId=producer-1] Connection to node -1 could not be established. Broker may not be available.
2024-02-02 11:34:32.112 [kafka-producer-network-thread | producer-1] WARN  org.apache.kafka.clients.NetworkClient - [Producer clientId=producer-1] Connection to node -1 could not be established. Broker may not be available.
2024-02-02 11:34:35.162 [kafka-producer-network-thread | producer-1] WARN  org.apache.kafka.clients.NetworkClient - [Producer clientId=producer-1] Connection to node -1 could not be established. Broker may not be available.
2024-02-02 11:34:38.115 [kafka-producer-network-thread | producer-1] WARN  org.apache.kafka.clients.NetworkClient - [Producer clientId=producer-1] Connection to node -1 could not be established. Broker may not be available.
2024-02-02 11:34:41.160 [kafka-producer-network-thread | producer-1] WARN  org.apache.kafka.clients.NetworkClient - [Producer clientId=producer-1] Connection to node -1 could not be established. Broker may not be available.
2024-02-02 11:34:44.311 [kafka-producer-network-thread | producer-1] WARN  org.apache.kafka.clients.NetworkClient - [Producer clientId=producer-1] Connection to node -1 could not be established. Broker may not be available.
2024-02-02 11:34:47.391 [kafka-producer-network-thread | producer-1] WARN  org.apache.kafka.clients.NetworkClient - [Producer clientId=producer-1] Connection to node -1 could not be established. Broker may not be available.
2024-02-02 11:34:50.448 [kafka-producer-network-thread | producer-1] WARN  org.apache.kafka.clients.NetworkClient - [Producer clientId=producer-1] Connection to node -1 could not be established. Broker may not be available.
2024-02-02 11:34:53.587 [kafka-producer-network-thread | producer-1] WARN  org.apache.kafka.clients.NetworkClient - [Producer clientId=producer-1] Connection to node -1 could not be established. Broker may not be available.
2024-02-02 11:34:56.642 [kafka-producer-network-thread | producer-1] WARN  org.apache.kafka.clients.NetworkClient - [Producer clientId=producer-1] Connection to node -1 could not be established. Broker may not be available.
2024-02-02 11:34:59.683 [kafka-producer-network-thread | producer-1] WARN  org.apache.kafka.clients.NetworkClient - [Producer clientId=producer-1] Connection to node -1 could not be established. Broker may not be available.
2024-02-02 11:35:02.834 [kafka-producer-network-thread | producer-1] WARN  org.apache.kafka.clients.NetworkClient - [Producer clientId=producer-1] Connection to node -1 could not be established. Broker may not be available.
2024-02-02 11:35:05.799 [kafka-producer-network-thread | producer-1] WARN  org.apache.kafka.clients.NetworkClient - [Producer clientId=producer-1] Connection to node -1 could not be established. Broker may not be available.
2024-02-02 11:35:08.956 [kafka-producer-network-thread | producer-1] WARN  org.apache.kafka.clients.NetworkClient - [Producer clientId=producer-1] Connection to node -1 could not be established. Broker may not be available.
2024-02-02 11:35:11.899 [kafka-producer-network-thread | producer-1] WARN  org.apache.kafka.clients.NetworkClient - [Producer clientId=producer-1] Connection to node -1 could not be established. Broker may not be available.
2024-02-02 11:35:15.036 [kafka-producer-network-thread | producer-1] WARN  org.apache.kafka.clients.NetworkClient - [Producer clientId=producer-1] Connection to node -1 could not be established. Broker may not be available.
2024-02-02 11:35:17.967 [kafka-producer-network-thread | producer-1] WARN  org.apache.kafka.clients.NetworkClient - [Producer clientId=producer-1] Connection to node -1 could not be established. Broker may not be available.
2024-02-02 11:35:21.225 [kafka-producer-network-thread | producer-1] WARN  org.apache.kafka.clients.NetworkClient - [Producer clientId=producer-1] Connection to node -1 could not be established. Broker may not be available.
2024-02-02 11:35:24.360 [kafka-producer-network-thread | producer-1] WARN  org.apache.kafka.clients.NetworkClient - [Producer clientId=producer-1] Connection to node -1 could not be established. Broker may not be available.
2024-02-02 11:35:27.270 [kafka-producer-network-thread | producer-1] WARN  org.apache.kafka.clients.NetworkClient - [Producer clientId=producer-1] Connection to node -1 could not be established. Broker may not be available.
2024-02-02 11:35:30.533 [kafka-producer-network-thread | producer-1] WARN  org.apache.kafka.clients.NetworkClient - [Producer clientId=producer-1] Connection to node -1 could not be established. Broker may not be available.
2024-02-02 11:35:33.676 [kafka-producer-network-thread | producer-1] WARN  org.apache.kafka.clients.NetworkClient - [Producer clientId=producer-1] Connection to node -1 could not be established. Broker may not be available.
2024-02-02 11:35:36.813 [kafka-producer-network-thread | producer-1] WARN  org.apache.kafka.clients.NetworkClient - [Producer clientId=producer-1] Connection to node -1 could not be established. Broker may not be available.
2024-02-02 11:35:39.721 [kafka-producer-network-thread | producer-1] WARN  org.apache.kafka.clients.NetworkClient - [Producer clientId=producer-1] Connection to node -1 could not be established. Broker may not be available.
2024-02-02 11:35:42.877 [kafka-producer-network-thread | producer-1] WARN  org.apache.kafka.clients.NetworkClient - [Producer clientId=producer-1] Connection to node -1 could not be established. Broker may not be available.
2024-02-02 11:35:46.123 [kafka-producer-network-thread | producer-1] WARN  org.apache.kafka.clients.NetworkClient - [Producer clientId=producer-1] Connection to node -1 could not be established. Broker may not be available.
2024-02-02 11:35:49.156 [kafka-producer-network-thread | producer-1] WARN  org.apache.kafka.clients.NetworkClient - [Producer clientId=producer-1] Connection to node -1 could not be established. Broker may not be available.
2024-02-02 11:35:52.180 [kafka-producer-network-thread | producer-1] WARN  org.apache.kafka.clients.NetworkClient - [Producer clientId=producer-1] Connection to node -1 could not be established. Broker may not be available.
2024-02-02 11:35:55.126 [kafka-producer-network-thread | producer-1] WARN  org.apache.kafka.clients.NetworkClient - [Producer clientId=producer-1] Connection to node -1 could not be established. Broker may not be available.
2024-02-02 11:35:58.271 [kafka-producer-network-thread | producer-1] WARN  org.apache.kafka.clients.NetworkClient - [Producer clientId=producer-1] Connection to node -1 could not be established. Broker may not be available.
2024-02-02 11:36:01.492 [kafka-producer-network-thread | producer-1] WARN  org.apache.kafka.clients.NetworkClient - [Producer clientId=producer-1] Connection to node -1 could not be established. Broker may not be available.
2024-02-02 11:36:04.452 [kafka-producer-network-thread | producer-1] WARN  org.apache.kafka.clients.NetworkClient - [Producer clientId=producer-1] Connection to node -1 could not be established. Broker may not be available.
2024-02-02 11:36:07.595 [kafka-producer-network-thread | producer-1] WARN  org.apache.kafka.clients.NetworkClient - [Producer clientId=producer-1] Connection to node -1 could not be established. Broker may not be available.
2024-02-02 11:36:10.852 [kafka-producer-network-thread | producer-1] WARN  org.apache.kafka.clients.NetworkClient - [Producer clientId=producer-1] Connection to node -1 could not be established. Broker may not be available.
2024-02-02 11:36:14.088 [kafka-producer-network-thread | producer-1] WARN  org.apache.kafka.clients.NetworkClient - [Producer clientId=producer-1] Connection to node -1 could not be established. Broker may not be available.
2024-02-02 11:36:17.030 [kafka-producer-network-thread | producer-1] WARN  org.apache.kafka.clients.NetworkClient - [Producer clientId=producer-1] Connection to node -1 could not be established. Broker may not be available.
2024-02-02 11:36:19.972 [kafka-producer-network-thread | producer-1] WARN  org.apache.kafka.clients.NetworkClient - [Producer clientId=producer-1] Connection to node -1 could not be established. Broker may not be available.
2024-02-02 11:36:23.144 [kafka-producer-network-thread | producer-1] WARN  org.apache.kafka.clients.NetworkClient - [Producer clientId=producer-1] Connection to node -1 could not be established. Broker may not be available.
2024-02-02 11:36:26.170 [kafka-producer-network-thread | producer-1] WARN  org.apache.kafka.clients.NetworkClient - [Producer clientId=producer-1] Connection to node -1 could not be established. Broker may not be available.
2024-02-02 11:36:29.216 [kafka-producer-network-thread | producer-1] WARN  org.apache.kafka.clients.NetworkClient - [Producer clientId=producer-1] Connection to node -1 could not be established. Broker may not be available.
