2021-04-06 14:25:08.798 [quartzScheduler_Worker-1] ERROR org.quartz.core.JobRunShell - Job job_min.StreamJob threw an unhandled Exception: 
java.lang.ExceptionInInitializerError: null
	at com.boot.kafka.config.task.StreamJob.stream(StreamJob.java:32)
	at com.boot.kafka.config.task.StreamJob.execute(StreamJob.java:26)
	at org.quartz.core.JobRunShell.run(JobRunShell.java:202)
	at org.quartz.simpl.SimpleThreadPool$WorkerThread.run(SimpleThreadPool.java:573)
Caused by: java.lang.NullPointerException: topic can't be null
	at java.util.Objects.requireNonNull(Objects.java:228)
	at org.apache.kafka.streams.kstream.internals.KStreamImpl.to(KStreamImpl.java:311)
	at org.apache.kafka.streams.kstream.internals.KStreamImpl.to(KStreamImpl.java:306)
	at com.boot.kafka.util.KafkaUtil.stream(KafkaUtil.java:127)
	at com.boot.kafka.util.KafkaUtil.<clinit>(KafkaUtil.java:84)
	... 4 common frames omitted
2021-04-06 14:25:08.801 [quartzScheduler_Worker-1] ERROR org.quartz.core.ErrorLogger - Job (job_min.StreamJob threw an exception.
org.quartz.SchedulerException: Job threw an unhandled exception.
	at org.quartz.core.JobRunShell.run(JobRunShell.java:213)
	at org.quartz.simpl.SimpleThreadPool$WorkerThread.run(SimpleThreadPool.java:573)
Caused by: java.lang.ExceptionInInitializerError: null
	at com.boot.kafka.config.task.StreamJob.stream(StreamJob.java:32)
	at com.boot.kafka.config.task.StreamJob.execute(StreamJob.java:26)
	at org.quartz.core.JobRunShell.run(JobRunShell.java:202)
	... 1 common frames omitted
Caused by: java.lang.NullPointerException: topic can't be null
	at java.util.Objects.requireNonNull(Objects.java:228)
	at org.apache.kafka.streams.kstream.internals.KStreamImpl.to(KStreamImpl.java:311)
	at org.apache.kafka.streams.kstream.internals.KStreamImpl.to(KStreamImpl.java:306)
	at com.boot.kafka.util.KafkaUtil.stream(KafkaUtil.java:127)
	at com.boot.kafka.util.KafkaUtil.<clinit>(KafkaUtil.java:84)
	... 4 common frames omitted
2021-04-06 14:25:08.847 [main] ERROR org.springframework.boot.SpringApplication - Application run failed
org.springframework.beans.factory.BeanCreationException: Error creating bean with name 'kafkaUtil' defined in file [D:\project\code\self_util\muti-scaffold\boot-kafka\target\classes\com\boot\kafka\util\KafkaUtil.class]: Instantiation of bean failed; nested exception is java.lang.NoClassDefFoundError: Could not initialize class com.boot.kafka.util.KafkaUtil
	at org.springframework.beans.factory.support.AbstractAutowireCapableBeanFactory.instantiateBean(AbstractAutowireCapableBeanFactory.java:1316)
	at org.springframework.beans.factory.support.AbstractAutowireCapableBeanFactory.createBeanInstance(AbstractAutowireCapableBeanFactory.java:1214)
	at org.springframework.beans.factory.support.AbstractAutowireCapableBeanFactory.doCreateBean(AbstractAutowireCapableBeanFactory.java:564)
	at org.springframework.beans.factory.support.AbstractAutowireCapableBeanFactory.createBean(AbstractAutowireCapableBeanFactory.java:524)
	at org.springframework.beans.factory.support.AbstractBeanFactory.lambda$doGetBean$0(AbstractBeanFactory.java:335)
	at org.springframework.beans.factory.support.DefaultSingletonBeanRegistry.getSingleton(DefaultSingletonBeanRegistry.java:234)
	at org.springframework.beans.factory.support.AbstractBeanFactory.doGetBean(AbstractBeanFactory.java:333)
	at org.springframework.beans.factory.support.AbstractBeanFactory.getBean(AbstractBeanFactory.java:208)
	at org.springframework.beans.factory.support.DefaultListableBeanFactory.preInstantiateSingletons(DefaultListableBeanFactory.java:944)
	at org.springframework.context.support.AbstractApplicationContext.finishBeanFactoryInitialization(AbstractApplicationContext.java:917)
	at org.springframework.context.support.AbstractApplicationContext.refresh(AbstractApplicationContext.java:582)
	at org.springframework.boot.web.servlet.context.ServletWebServerApplicationContext.refresh(ServletWebServerApplicationContext.java:144)
	at org.springframework.boot.SpringApplication.refresh(SpringApplication.java:767)
	at org.springframework.boot.SpringApplication.refresh(SpringApplication.java:759)
	at org.springframework.boot.SpringApplication.refreshContext(SpringApplication.java:426)
	at org.springframework.boot.SpringApplication.run(SpringApplication.java:326)
	at org.springframework.boot.SpringApplication.run(SpringApplication.java:1311)
	at org.springframework.boot.SpringApplication.run(SpringApplication.java:1300)
	at com.boot.kafka.KafkaApplication.main(KafkaApplication.java:10)
Caused by: java.lang.NoClassDefFoundError: Could not initialize class com.boot.kafka.util.KafkaUtil
	at sun.reflect.NativeConstructorAccessorImpl.newInstance0(Native Method)
	at sun.reflect.NativeConstructorAccessorImpl.newInstance(NativeConstructorAccessorImpl.java:62)
	at sun.reflect.DelegatingConstructorAccessorImpl.newInstance(DelegatingConstructorAccessorImpl.java:45)
	at java.lang.reflect.Constructor.newInstance(Constructor.java:423)
	at org.springframework.beans.BeanUtils.instantiateClass(BeanUtils.java:212)
	at org.springframework.beans.factory.support.SimpleInstantiationStrategy.instantiate(SimpleInstantiationStrategy.java:87)
	at org.springframework.beans.factory.support.AbstractAutowireCapableBeanFactory.instantiateBean(AbstractAutowireCapableBeanFactory.java:1308)
	... 18 common frames omitted
2021-04-06 14:26:57.622 [quartzScheduler_Worker-1] ERROR org.quartz.core.JobRunShell - Job job_min.StreamJob threw an unhandled Exception: 
java.lang.ExceptionInInitializerError: null
	at com.boot.kafka.config.task.StreamJob.stream(StreamJob.java:32)
	at com.boot.kafka.config.task.StreamJob.execute(StreamJob.java:26)
	at org.quartz.core.JobRunShell.run(JobRunShell.java:202)
	at org.quartz.simpl.SimpleThreadPool$WorkerThread.run(SimpleThreadPool.java:573)
Caused by: java.lang.NullPointerException: topic can't be null
	at java.util.Objects.requireNonNull(Objects.java:228)
	at org.apache.kafka.streams.kstream.internals.KStreamImpl.to(KStreamImpl.java:311)
	at org.apache.kafka.streams.kstream.internals.KStreamImpl.to(KStreamImpl.java:306)
	at com.boot.kafka.util.KafkaUtil.stream(KafkaUtil.java:127)
	at com.boot.kafka.util.KafkaUtil.<clinit>(KafkaUtil.java:84)
	... 4 common frames omitted
2021-04-06 14:26:57.623 [quartzScheduler_Worker-1] ERROR org.quartz.core.ErrorLogger - Job (job_min.StreamJob threw an exception.
org.quartz.SchedulerException: Job threw an unhandled exception.
	at org.quartz.core.JobRunShell.run(JobRunShell.java:213)
	at org.quartz.simpl.SimpleThreadPool$WorkerThread.run(SimpleThreadPool.java:573)
Caused by: java.lang.ExceptionInInitializerError: null
	at com.boot.kafka.config.task.StreamJob.stream(StreamJob.java:32)
	at com.boot.kafka.config.task.StreamJob.execute(StreamJob.java:26)
	at org.quartz.core.JobRunShell.run(JobRunShell.java:202)
	... 1 common frames omitted
Caused by: java.lang.NullPointerException: topic can't be null
	at java.util.Objects.requireNonNull(Objects.java:228)
	at org.apache.kafka.streams.kstream.internals.KStreamImpl.to(KStreamImpl.java:311)
	at org.apache.kafka.streams.kstream.internals.KStreamImpl.to(KStreamImpl.java:306)
	at com.boot.kafka.util.KafkaUtil.stream(KafkaUtil.java:127)
	at com.boot.kafka.util.KafkaUtil.<clinit>(KafkaUtil.java:84)
	... 4 common frames omitted
2021-04-06 14:26:57.653 [main] ERROR org.springframework.boot.SpringApplication - Application run failed
org.springframework.beans.factory.BeanCreationException: Error creating bean with name 'kafkaUtil' defined in file [D:\project\code\self_util\muti-scaffold\boot-kafka\target\classes\com\boot\kafka\util\KafkaUtil.class]: Instantiation of bean failed; nested exception is java.lang.NoClassDefFoundError: Could not initialize class com.boot.kafka.util.KafkaUtil
	at org.springframework.beans.factory.support.AbstractAutowireCapableBeanFactory.instantiateBean(AbstractAutowireCapableBeanFactory.java:1316)
	at org.springframework.beans.factory.support.AbstractAutowireCapableBeanFactory.createBeanInstance(AbstractAutowireCapableBeanFactory.java:1214)
	at org.springframework.beans.factory.support.AbstractAutowireCapableBeanFactory.doCreateBean(AbstractAutowireCapableBeanFactory.java:564)
	at org.springframework.beans.factory.support.AbstractAutowireCapableBeanFactory.createBean(AbstractAutowireCapableBeanFactory.java:524)
	at org.springframework.beans.factory.support.AbstractBeanFactory.lambda$doGetBean$0(AbstractBeanFactory.java:335)
	at org.springframework.beans.factory.support.DefaultSingletonBeanRegistry.getSingleton(DefaultSingletonBeanRegistry.java:234)
	at org.springframework.beans.factory.support.AbstractBeanFactory.doGetBean(AbstractBeanFactory.java:333)
	at org.springframework.beans.factory.support.AbstractBeanFactory.getBean(AbstractBeanFactory.java:208)
	at org.springframework.beans.factory.support.DefaultListableBeanFactory.preInstantiateSingletons(DefaultListableBeanFactory.java:944)
	at org.springframework.context.support.AbstractApplicationContext.finishBeanFactoryInitialization(AbstractApplicationContext.java:917)
	at org.springframework.context.support.AbstractApplicationContext.refresh(AbstractApplicationContext.java:582)
	at org.springframework.boot.web.servlet.context.ServletWebServerApplicationContext.refresh(ServletWebServerApplicationContext.java:144)
	at org.springframework.boot.SpringApplication.refresh(SpringApplication.java:767)
	at org.springframework.boot.SpringApplication.refresh(SpringApplication.java:759)
	at org.springframework.boot.SpringApplication.refreshContext(SpringApplication.java:426)
	at org.springframework.boot.SpringApplication.run(SpringApplication.java:326)
	at org.springframework.boot.SpringApplication.run(SpringApplication.java:1311)
	at org.springframework.boot.SpringApplication.run(SpringApplication.java:1300)
	at com.boot.kafka.KafkaApplication.main(KafkaApplication.java:10)
Caused by: java.lang.NoClassDefFoundError: Could not initialize class com.boot.kafka.util.KafkaUtil
	at sun.reflect.NativeConstructorAccessorImpl.newInstance0(Native Method)
	at sun.reflect.NativeConstructorAccessorImpl.newInstance(NativeConstructorAccessorImpl.java:62)
	at sun.reflect.DelegatingConstructorAccessorImpl.newInstance(DelegatingConstructorAccessorImpl.java:45)
	at java.lang.reflect.Constructor.newInstance(Constructor.java:423)
	at org.springframework.beans.BeanUtils.instantiateClass(BeanUtils.java:212)
	at org.springframework.beans.factory.support.SimpleInstantiationStrategy.instantiate(SimpleInstantiationStrategy.java:87)
	at org.springframework.beans.factory.support.AbstractAutowireCapableBeanFactory.instantiateBean(AbstractAutowireCapableBeanFactory.java:1308)
	... 18 common frames omitted
